INFO-FLOW: Workspace C:/Users/Dennis/VivadoHLS/Final/Iris-recognition/PYNQ_SOLUTION opened at Wed Oct 07 21:40:40 +0200 2020
Execute     config_clock -quiet -name default -period 10 -default=false 
INFO: [SYN 201-201] Setting up clock 'default' with a period of 10ns.
Execute     open_platform DefaultPlatform 
Execute     import_lib C:/Xilinx/Vivado/2019.2/common/technology/xilinx/zynq/zynq 
Execute       source C:/Xilinx/Vivado/2019.2/common/technology/xilinx/common/xilinx.lib 
Execute         source C:/Xilinx/Vivado/2019.2/common/technology/xilinx/interface/xilinx_interface.lib 
Execute           source C:/Xilinx/Vivado/2019.2/common/technology/xilinx/interface/plb46.lib 
Execute           source C:/Xilinx/Vivado/2019.2/common/technology/xilinx/interface/fsl.lib 
Execute           source C:/Xilinx/Vivado/2019.2/common/technology/xilinx/interface/axi4.lib 
Execute           source C:/Xilinx/Vivado/2019.2/common/technology/xilinx/interface/maxi.lib 
Execute           source C:/Xilinx/Vivado/2019.2/common/technology/xilinx/interface/saxilite.lib 
Execute         source C:/Xilinx/Vivado/2019.2/common/technology/xilinx/common/dsp48.lib 
Execute         source C:/Xilinx/Vivado/2019.2/common/technology/xilinx/ip/dds_compiler.lib 
Execute         source C:/Xilinx/Vivado/2019.2/common/technology/xilinx/ip/xfft.lib 
Execute         source C:/Xilinx/Vivado/2019.2/common/technology/xilinx/ip/xfir.lib 
Execute       source C:/Xilinx/Vivado/2019.2/common/technology/xilinx/common/xilinx.hlp 
Execute         source C:/Xilinx/Vivado/2019.2/common/technology/xilinx/common/target_info.tcl 
Execute         source C:/Xilinx/Vivado/2019.2/common/technology/xilinx/interface/xilinx_interface.hlp 
Execute           source C:/Xilinx/Vivado/2019.2/common/technology/xilinx/interface/maxi.hlp 
Execute           source C:/Xilinx/Vivado/2019.2/common/technology/xilinx/interface/saxilite.hlp 
Execute         source C:/Xilinx/Vivado/2019.2/common/technology/xilinx/common/dsp48.hlp 
Execute       source C:/Xilinx/Vivado/2019.2/common/technology/xilinx/zynq/dsp48e1.hlp 
Execute       source C:/Xilinx/Vivado/2019.2/common/technology/xilinx/common/xilinx.hlp 
Execute         source C:/Xilinx/Vivado/2019.2/common/technology/xilinx/common/target_info.tcl 
Execute         source C:/Xilinx/Vivado/2019.2/common/technology/xilinx/interface/xilinx_interface.hlp 
Execute           source C:/Xilinx/Vivado/2019.2/common/technology/xilinx/interface/maxi.hlp 
Execute           source C:/Xilinx/Vivado/2019.2/common/technology/xilinx/interface/saxilite.hlp 
Execute         source C:/Xilinx/Vivado/2019.2/common/technology/xilinx/common/dsp48.hlp 
Execute     source C:/Xilinx/Vivado/2019.2/common/technology/xilinx/zynq/zynq.gen 
Execute       source C:/Xilinx/Vivado/2019.2/common/technology/xilinx/common/xilinx.gen 
Execute         source C:/Xilinx/Vivado/2019.2/common/technology/xilinx/interface/plb46.gen 
Execute         source C:/Xilinx/Vivado/2019.2/common/technology/xilinx/interface/fsl.gen 
Execute         source C:/Xilinx/Vivado/2019.2/common/technology/xilinx/interface/axi4.gen 
Execute         source C:/Xilinx/Vivado/2019.2/common/technology/xilinx/interface/nativeAXI4.gen 
Execute           source C:/Xilinx/Vivado/2019.2/common/technology/xilinx/interface/saxilite.gen 
Execute           source C:/Xilinx/Vivado/2019.2/common/technology/xilinx/interface/maxi.gen 
Execute         source C:/Xilinx/Vivado/2019.2/common/technology/xilinx/scripts/xilinxcoregen.gen 
Execute         source C:/Xilinx/Vivado/2019.2/common/technology/xilinx/interface/XilEDKCoreGen.gen 
Execute         source C:/Xilinx/Vivado/2019.2/common/technology/xilinx/ip/dds_compiler.gen 
Execute         source C:/Xilinx/Vivado/2019.2/common/technology/xilinx/ip/util.gen 
Execute         source C:/Xilinx/Vivado/2019.2/common/technology/xilinx/ip/xfft.gen 
Command         ap_source done; 0.118 sec.
Execute         source C:/Xilinx/Vivado/2019.2/common/technology/xilinx/ip/xfir.gen 
Execute         source C:/Xilinx/Vivado/2019.2/common/technology/xilinx/common/dsp48.gen 
Command       ap_source done; 0.167 sec.
Command     ap_source done; 0.167 sec.
Execute     open_platform DefaultPlatform 
Execute     import_lib C:/Xilinx/Vivado/2019.2/common/technology/xilinx/zynq/zynq_fpv6 
Execute       source C:/Xilinx/Vivado/2019.2/common/technology/xilinx/common/xilinx_fp.lib 
Execute       source C:/Xilinx/Vivado/2019.2/common/technology/xilinx/common/xilinx_fp.hlp 
Execute         source C:/Xilinx/Vivado/2019.2/common/technology/xilinx/common/xilinx.hlp 
Execute           source C:/Xilinx/Vivado/2019.2/common/technology/xilinx/common/target_info.tcl 
Execute           source C:/Xilinx/Vivado/2019.2/common/technology/xilinx/interface/xilinx_interface.hlp 
Execute             source C:/Xilinx/Vivado/2019.2/common/technology/xilinx/interface/maxi.hlp 
Execute             source C:/Xilinx/Vivado/2019.2/common/technology/xilinx/interface/saxilite.hlp 
Execute           source C:/Xilinx/Vivado/2019.2/common/technology/xilinx/common/dsp48.hlp 
Execute     source C:/Xilinx/Vivado/2019.2/common/technology/xilinx/zynq/zynq_fpv6.gen 
Execute       source C:/Xilinx/Vivado/2019.2/common/technology/xilinx/common/xilinx_fp.gen 
Execute     set_part xc7z020-clg400-1 
Execute       ap_part_info -name xc7z020-clg400-1 -data single -quiet 
Command       ap_part_info done; 1.409 sec.
Execute       ap_part_info -name xc7z020-clg400-1 -data info 
Execute       add_library xilinx/zynq/zynq:xc7z020:-clg400:-1 
Execute         get_default_platform 
Execute         ap_part_info -data single -name xc7z020-clg400-1 
Execute         ap_part_info -name xc7z020-clg400-1 -data resources 
Execute         ap_part_info -name xc7z020-clg400-1 -data info 
Execute         ap_part_info -name xc7z020-clg400-1 -data info 
Execute         config_chip_info -quiet -resource {SLICE 13300} {LUT 53200} {FF 106400} {DSP48E 220} {BRAM 280} {URAM 0} 
Execute         ap_part_info -name xc7z020-clg400-1 -data info 
Execute         config_chip_info -quiet -speed slow 
Execute       add_library xilinx/zynq/zynq_fpv6 
Execute         get_default_platform 
INFO: [HLS 200-10] Setting target device to 'xc7z020-clg400-1'
Execute       ap_part_info -name xc7z020-clg400-1 -data info 
Execute       get_default_platform 
Command     set_part done; 1.631 sec.
Execute     ap_part_info -data single -name xc7z020-clg400-1 
Execute     ap_part_info -name xc7z020-clg400-1 -data resources 
Execute     ap_part_info -name xc7z020-clg400-1 -data info 
Execute     ap_part_info -name xc7z020-clg400-1 -data info 
Execute     config_chip_info -quiet -resource {SLICE 13300} {LUT 53200} {FF 106400} {DSP48E 220} {BRAM 280} {URAM 0} 
Execute     ap_part_info -name xc7z020-clg400-1 -data info 
Execute     config_chip_info -quiet -speed slow 
Command   open_solution done; 1.917 sec.
Execute   set_part xc7z020-clg400-1 
Execute     ap_part_info -name xc7z020-clg400-1 -data single -quiet 
Execute     ap_part_info -name xc7z020-clg400-1 -data info 
Execute     add_library xilinx/zynq/zynq:xc7z020:-clg400:-1 
Execute       get_default_platform 
Execute       ap_part_info -data single -name xc7z020-clg400-1 
Execute       ap_part_info -name xc7z020-clg400-1 -data resources 
Execute       ap_part_info -name xc7z020-clg400-1 -data info 
Execute       ap_part_info -name xc7z020-clg400-1 -data info 
Execute       config_chip_info -quiet -resource {SLICE 13300} {LUT 53200} {FF 106400} {DSP48E 220} {BRAM 280} {URAM 0} 
Execute       ap_part_info -name xc7z020-clg400-1 -data info 
Execute       config_chip_info -quiet -speed slow 
Execute     add_library xilinx/zynq/zynq_fpv6 
Execute       get_default_platform 
Execute     ap_part_info -name xc7z020-clg400-1 -data info 
Execute     get_default_platform 
Command   set_part done; 0.207 sec.
Execute   create_clock -period 10 -name default 
Execute   csynth_design 
Execute     get_config_compile -dump_cfg 
Execute     get_config_compile -effort 
Execute     get_config_compile -enable_clang39 
Execute     get_config_compile -g 
Execute     get_config_compile -ng 
Execute     get_config_compile -opt_fp 
Execute     get_config_compile -skip_cdt 
Execute     get_config_compile -skip_syncheck 
Execute     get_config_compile -skip_transform 
Execute     get_config_compile -keep_printf 
Execute     elaborate -effort=medium -skip_syncheck=0 -keep_printf=0 -skip_cdt=0 -skip_transform=0 -ng=0 -g=0 -opt_fp=0 -from_csynth_design=1 
Execute       get_config_schedule -relax_ii_for_timing 
INFO: [SCHED 204-61] Option 'relax_ii_for_timing' is enabled, will increase II to preserve clock frequency constraints.
Execute       get_config_schedule -suppress_dependence_error_break 
INFO: [HLS 200-10] Analyzing design file 'Iris-recognition/toplevel.cpp' ... 
INFO-FLOW: Compiling one TU...
Execute       is_m_axi_addr64 
INFO-FLOW: Handling Iris-recognition/toplevel.cpp as C++
Execute       ap_part_info -name xc7z020-clg400-1 -data info 
Execute       is_encrypted Iris-recognition/toplevel.cpp 
Execute       ap_part_info -name xc7z020-clg400-1 -data info 
INFO-FLOW: Running: GCC PP
INFO-FLOW: Source preprocessing
Execute       clang  -fno-limit-debug-info -gcc-toolchain "C:/Xilinx/Vivado/2019.2/msys" -hls  -fno-exceptions  -D__llvm__  -E "Iris-recognition/toplevel.cpp"     -fno-math-errno -c -emit-llvm -O0  -mllvm -disable-llvm-optzns -fno-threadsafe-statics  -fno-use-cxa-atexit  -fno-threadsafe-statics -fno-use-cxa-atexit -D__CLANG_3_1__ -D__cdecl= -DAESL_SYN -D__SYNTHESIS__ -D__HLS_SYN__ -I "C:/Xilinx/Vivado/2019.2/common/technology/autopilot" -I "C:/Xilinx/Vivado/2019.2/common/technology/autopilot/ap_sysc" -include etc/autopilot_ssdm_op.h -D__DSP48E1__  -o "C:/Users/Dennis/VivadoHLS/Final/Iris-recognition/PYNQ_SOLUTION/.autopilot/db/toplevel.pp.0.cpp" 
INFO-FLOW: exec C:/Xilinx/Vivado/2019.2/win64/tools/clang/bin/clang -fno-limit-debug-info -gcc-toolchain C:/Xilinx/Vivado/2019.2/msys -hls -fno-exceptions -D__llvm__ -E Iris-recognition/toplevel.cpp -fno-math-errno -c -emit-llvm -O0 -mllvm -disable-llvm-optzns -fno-threadsafe-statics -fno-use-cxa-atexit -fno-threadsafe-statics -fno-use-cxa-atexit -D__CLANG_3_1__ -D__cdecl= -DAESL_SYN -D__SYNTHESIS__ -D__HLS_SYN__ -I C:/Xilinx/Vivado/2019.2/common/technology/autopilot -I C:/Xilinx/Vivado/2019.2/common/technology/autopilot/ap_sysc -include etc/autopilot_ssdm_op.h -D__DSP48E1__ -o C:/Users/Dennis/VivadoHLS/Final/Iris-recognition/PYNQ_SOLUTION/.autopilot/db/toplevel.pp.0.cpp
Command       clang done; 1.652 sec.
Execute       tidy_31 xilinx-xfmat-array-geometry C:/Users/Dennis/VivadoHLS/Final/Iris-recognition/PYNQ_SOLUTION/.autopilot/db/toplevel.pp.0.cpp std=gnu++98 
INFO-FLOW: exec C:/Xilinx/Vivado/2019.2/win64/tools/clang-3.9-csynth/bin/tidy-3.1 -header-filter=.* -checks=-*,xilinx-xfmat-array-geometry -quiet -fix C:/Users/Dennis/VivadoHLS/Final/Iris-recognition/PYNQ_SOLUTION/.autopilot/db/toplevel.pp.0.cpp -- -std=gnu++98 -fhls -ferror-limit=0
Command       tidy_31 done; 2.184 sec.
INFO-FLOW: Syntax Checking before pre-processing...
Execute       clang -syntaxcheck -src C:/Users/Dennis/VivadoHLS/Final/Iris-recognition/PYNQ_SOLUTION/.autopilot/db/toplevel.pp.0.cpp  -fno-limit-debug-info -gcc-toolchain "C:/Xilinx/Vivado/2019.2/msys" -hls    -fno-math-errno -c -emit-llvm -O0  -mllvm -disable-llvm-optzns -fno-threadsafe-statics  -fno-use-cxa-atexit  -fno-threadsafe-statics -fno-use-cxa-atexit -D__CLANG_3_1__ -D__cdecl= -DAESL_SYN -D__SYNTHESIS__ -D__HLS_SYN__ -I "C:/Xilinx/Vivado/2019.2/common/technology/autopilot" -I "C:/Xilinx/Vivado/2019.2/common/technology/autopilot/ap_sysc" -include etc/autopilot_ssdm_op.h -D__DSP48E1__  "C:/Users/Dennis/VivadoHLS/Final/Iris-recognition/PYNQ_SOLUTION/.autopilot/db/toplevel.pp.0.cpp"  -o "C:/Users/Dennis/VivadoHLS/Final/Iris-recognition/PYNQ_SOLUTION/.autopilot/db/useless.bc"  
INFO-FLOW: exec C:/Xilinx/Vivado/2019.2/win64/tools/clang/bin/clang -fno-limit-debug-info -gcc-toolchain C:/Xilinx/Vivado/2019.2/msys -hls -fno-math-errno -c -emit-llvm -O0 -mllvm -disable-llvm-optzns -fno-threadsafe-statics -fno-use-cxa-atexit -fno-threadsafe-statics -fno-use-cxa-atexit -D__CLANG_3_1__ -D__cdecl= -DAESL_SYN -D__SYNTHESIS__ -D__HLS_SYN__ -I C:/Xilinx/Vivado/2019.2/common/technology/autopilot -I C:/Xilinx/Vivado/2019.2/common/technology/autopilot/ap_sysc -include etc/autopilot_ssdm_op.h -D__DSP48E1__ C:/Users/Dennis/VivadoHLS/Final/Iris-recognition/PYNQ_SOLUTION/.autopilot/db/toplevel.pp.0.cpp -o C:/Users/Dennis/VivadoHLS/Final/Iris-recognition/PYNQ_SOLUTION/.autopilot/db/useless.bc
Command       clang done; 4.801 sec.
INFO-FLOW: Done: GCC PP time: 8.6 seconds per iteration
Execute       source C:/Xilinx/Vivado/2019.2/tps/tcl/tcllib1.11.1/yaml/huddle.tcl 
Execute       source C:/Xilinx/Vivado/2019.2/tps/tcl/tcllib1.11.1/yaml/json2huddle.tcl 
Execute         source C:/Xilinx/Vivado/2019.2/tps/tcl/tcllib1.11.1/try/try.tcl 
Execute       list_core -type functional_unit 
Execute       tidy_31 xilinx-systemc-detector C:/Users/Dennis/VivadoHLS/Final/Iris-recognition/PYNQ_SOLUTION/.autopilot/db/toplevel.pp.0.cpp std=gnu++98 -directive=C:/Users/Dennis/VivadoHLS/Final/Iris-recognition/PYNQ_SOLUTION/.autopilot/db/.systemc_flag 
INFO-FLOW: exec C:/Xilinx/Vivado/2019.2/win64/tools/clang-3.9-csynth/bin/tidy-3.1 -header-filter=.* -checks=-*,xilinx-systemc-detector -import-directive=C:/Users/Dennis/VivadoHLS/Final/Iris-recognition/PYNQ_SOLUTION/.autopilot/db/.systemc_flag -quiet -fix-errors C:/Users/Dennis/VivadoHLS/Final/Iris-recognition/PYNQ_SOLUTION/.autopilot/db/toplevel.pp.0.cpp -- -std=gnu++98 -fhls -ferror-limit=0
Command       tidy_31 done; 2.075 sec.
INFO-FLOW: Running: tidy-3.1 CDT preprocess
Execute       tidy_31 xilinx-directive2pragma C:/Users/Dennis/VivadoHLS/Final/Iris-recognition/PYNQ_SOLUTION/.autopilot/db/toplevel.pp.0.cpp std=gnu++98 -directive=C:/Users/Dennis/VivadoHLS/Final/Iris-recognition/PYNQ_SOLUTION/.autopilot/db/all.directive.json 
INFO-FLOW: exec C:/Xilinx/Vivado/2019.2/win64/tools/clang-3.9-csynth/bin/tidy-3.1 -header-filter=.* -checks=-*,xilinx-directive2pragma -import-directive=C:/Users/Dennis/VivadoHLS/Final/Iris-recognition/PYNQ_SOLUTION/.autopilot/db/all.directive.json -quiet -fix-errors C:/Users/Dennis/VivadoHLS/Final/Iris-recognition/PYNQ_SOLUTION/.autopilot/db/toplevel.pp.0.cpp -- -std=gnu++98 -fhls -ferror-limit=0
Command       tidy_31 done; 2.057 sec.
Execute       get_config_dataflow -strict_mode 
Execute       ap_eval exec -ignorestderr C:/Xilinx/Vivado/2019.2/win64/tools/clang-3.9-csynth/bin/xilinx-dataflow-lawyer -export-fixes=C:/Users/Dennis/VivadoHLS/Final/Iris-recognition/PYNQ_SOLUTION/.autopilot/db/xilinx-dataflow-lawyer.toplevel.pp.0.cpp.diag.yml C:/Users/Dennis/VivadoHLS/Final/Iris-recognition/PYNQ_SOLUTION/.autopilot/db/toplevel.pp.0.cpp -- -std=gnu++98 -fhls -ferror-limit=0 -fstrict-dataflow > C:/Users/Dennis/VivadoHLS/Final/Iris-recognition/PYNQ_SOLUTION/.autopilot/db/xilinx-dataflow-lawyer.toplevel.pp.0.cpp.out.log 2> C:/Users/Dennis/VivadoHLS/Final/Iris-recognition/PYNQ_SOLUTION/.autopilot/db/xilinx-dataflow-lawyer.toplevel.pp.0.cpp.err.log 
Command       ap_eval done; 2.002 sec.
Execute       tidy_31 -errorcheck xilinx-constantarray-param,xilinx-resource-pragma-transformer,xilinx-xfmat-array-geometry C:/Users/Dennis/VivadoHLS/Final/Iris-recognition/PYNQ_SOLUTION/.autopilot/db/toplevel.pp.0.cpp std=gnu++98 
Execute         ap_eval exec -ignorestderr C:/Xilinx/Vivado/2019.2/win64/tools/clang-3.9-csynth/bin/tidy-3.1 -export-fixes=C:/Users/Dennis/VivadoHLS/Final/Iris-recognition/PYNQ_SOLUTION/.autopilot/db/tidy-3.1.toplevel.pp.0.cpp.diag.yml -header-filter=.* -checks=-*,xilinx-constantarray-param,xilinx-resource-pragma-transformer,xilinx-xfmat-array-geometry -quiet -fix-errors C:/Users/Dennis/VivadoHLS/Final/Iris-recognition/PYNQ_SOLUTION/.autopilot/db/toplevel.pp.0.cpp -- -std=gnu++98 -fhls -ferror-limit=0 > C:/Users/Dennis/VivadoHLS/Final/Iris-recognition/PYNQ_SOLUTION/.autopilot/db/tidy-3.1.toplevel.pp.0.cpp.out.log 2> C:/Users/Dennis/VivadoHLS/Final/Iris-recognition/PYNQ_SOLUTION/.autopilot/db/tidy-3.1.toplevel.pp.0.cpp.err.log 
Command         ap_eval done; 3.371 sec.
Execute         source C:/Xilinx/Vivado/2019.2/tps/tcl/tcllib1.11.1/yaml/yaml.tcl 
Execute           source C:/Xilinx/Vivado/2019.2/tps/tcl/tcllib1.11.1/cmdline/cmdline.tcl 
Execute         ap_eval exec -ignorestderr C:/Xilinx/Vivado/2019.2/win64/tools/clang-3.9-csynth/bin/xilinx-legacy-rewriter C:/Users/Dennis/VivadoHLS/Final/Iris-recognition/PYNQ_SOLUTION/.autopilot/db/toplevel.pp.0.cpp -- -std=gnu++98 -fhls -ferror-limit=0 > C:/Users/Dennis/VivadoHLS/Final/Iris-recognition/PYNQ_SOLUTION/.autopilot/db/xilinx-legacy-rewriter.toplevel.pp.0.cpp.out.log 2> C:/Users/Dennis/VivadoHLS/Final/Iris-recognition/PYNQ_SOLUTION/.autopilot/db/xilinx-legacy-rewriter.toplevel.pp.0.cpp.err.log 
Command         ap_eval done; 1.303 sec.
Command       tidy_31 done; 4.724 sec.
INFO-FLOW: Done: tidy-3.1 CDT preprocess time: 8.8 seconds per iteration
INFO-FLOW: Pragma Handling...
Execute       tidy_31 xilinx-ssdm-intrinsics-arguments C:/Users/Dennis/VivadoHLS/Final/Iris-recognition/PYNQ_SOLUTION/.autopilot/db/toplevel.pragma.1.cpp std=gnu++98 
INFO-FLOW: exec C:/Xilinx/Vivado/2019.2/win64/tools/clang-3.9-csynth/bin/tidy-3.1 -header-filter=.* -checks=-*,xilinx-ssdm-intrinsics-arguments -quiet -fix-errors C:/Users/Dennis/VivadoHLS/Final/Iris-recognition/PYNQ_SOLUTION/.autopilot/db/toplevel.pragma.1.cpp -- -std=gnu++98 -fhls -ferror-limit=0
Command       tidy_31 done; 3.412 sec.
Execute       ap_part_info -name xc7z020-clg400-1 -data info 
INFO-FLOW: Processing labels
Execute       clang -src C:/Users/Dennis/VivadoHLS/Final/Iris-recognition/PYNQ_SOLUTION/.autopilot/db/toplevel.pragma.2.cpp  -fno-limit-debug-info -gcc-toolchain C:/Xilinx/Vivado/2019.2/msys -hls -hls-analyze-label -hls-analyze-pragma -fno-exceptions  -D__llvm__  -w  "C:/Users/Dennis/VivadoHLS/Final/Iris-recognition/PYNQ_SOLUTION/.autopilot/db/toplevel.pragma.2.cpp"    -fno-math-errno -c -emit-llvm -O0  -mllvm -disable-llvm-optzns -fno-threadsafe-statics  -fno-use-cxa-atexit -DAESL_SYN -D__SYNTHESIS__ -D__HLS_SYN__ -I "C:/Xilinx/Vivado/2019.2/common/technology/autopilot" -I "C:/Xilinx/Vivado/2019.2/common/technology/autopilot/ap_sysc" -include etc/autopilot_ssdm_op.h -D__DSP48E1__ -g -o "C:/Users/Dennis/VivadoHLS/Final/Iris-recognition/PYNQ_SOLUTION/.autopilot/db/toplevel.bc" 
INFO-FLOW: exec C:/Xilinx/Vivado/2019.2/win64/tools/clang/bin/clang -fno-limit-debug-info -gcc-toolchain C:/Xilinx/Vivado/2019.2/msys -hls -hls-analyze-label -hls-analyze-pragma -fno-exceptions -D__llvm__ -w C:/Users/Dennis/VivadoHLS/Final/Iris-recognition/PYNQ_SOLUTION/.autopilot/db/toplevel.pragma.2.cpp -fno-math-errno -c -emit-llvm -O0 -mllvm -disable-llvm-optzns -fno-threadsafe-statics -fno-use-cxa-atexit -DAESL_SYN -D__SYNTHESIS__ -D__HLS_SYN__ -I C:/Xilinx/Vivado/2019.2/common/technology/autopilot -I C:/Xilinx/Vivado/2019.2/common/technology/autopilot/ap_sysc -include etc/autopilot_ssdm_op.h -D__DSP48E1__ -g -o C:/Users/Dennis/VivadoHLS/Final/Iris-recognition/PYNQ_SOLUTION/.autopilot/db/toplevel.bc
Command       clang done; 5.017 sec.
INFO: [HLS 200-10] Analyzing design file 'Iris-recognition/sine.cpp' ... 
INFO-FLOW: Compiling one TU...
Execute       is_m_axi_addr64 
INFO-FLOW: Handling Iris-recognition/sine.cpp as C++
Execute       ap_part_info -name xc7z020-clg400-1 -data info 
Execute       is_encrypted Iris-recognition/sine.cpp 
Execute       ap_part_info -name xc7z020-clg400-1 -data info 
INFO-FLOW: Running: GCC PP
INFO-FLOW: Source preprocessing
Execute       clang  -fno-limit-debug-info -gcc-toolchain "C:/Xilinx/Vivado/2019.2/msys" -hls  -fno-exceptions  -D__llvm__  -E "Iris-recognition/sine.cpp"     -fno-math-errno -c -emit-llvm -O0  -mllvm -disable-llvm-optzns -fno-threadsafe-statics  -fno-use-cxa-atexit  -fno-threadsafe-statics -fno-use-cxa-atexit -D__CLANG_3_1__ -D__cdecl= -DAESL_SYN -D__SYNTHESIS__ -D__HLS_SYN__ -I "C:/Xilinx/Vivado/2019.2/common/technology/autopilot" -I "C:/Xilinx/Vivado/2019.2/common/technology/autopilot/ap_sysc" -include etc/autopilot_ssdm_op.h -D__DSP48E1__  -o "C:/Users/Dennis/VivadoHLS/Final/Iris-recognition/PYNQ_SOLUTION/.autopilot/db/sine.pp.0.cpp" 
INFO-FLOW: exec C:/Xilinx/Vivado/2019.2/win64/tools/clang/bin/clang -fno-limit-debug-info -gcc-toolchain C:/Xilinx/Vivado/2019.2/msys -hls -fno-exceptions -D__llvm__ -E Iris-recognition/sine.cpp -fno-math-errno -c -emit-llvm -O0 -mllvm -disable-llvm-optzns -fno-threadsafe-statics -fno-use-cxa-atexit -fno-threadsafe-statics -fno-use-cxa-atexit -D__CLANG_3_1__ -D__cdecl= -DAESL_SYN -D__SYNTHESIS__ -D__HLS_SYN__ -I C:/Xilinx/Vivado/2019.2/common/technology/autopilot -I C:/Xilinx/Vivado/2019.2/common/technology/autopilot/ap_sysc -include etc/autopilot_ssdm_op.h -D__DSP48E1__ -o C:/Users/Dennis/VivadoHLS/Final/Iris-recognition/PYNQ_SOLUTION/.autopilot/db/sine.pp.0.cpp
Command       clang done; 1.627 sec.
Execute       tidy_31 xilinx-xfmat-array-geometry C:/Users/Dennis/VivadoHLS/Final/Iris-recognition/PYNQ_SOLUTION/.autopilot/db/sine.pp.0.cpp std=gnu++98 
INFO-FLOW: exec C:/Xilinx/Vivado/2019.2/win64/tools/clang-3.9-csynth/bin/tidy-3.1 -header-filter=.* -checks=-*,xilinx-xfmat-array-geometry -quiet -fix C:/Users/Dennis/VivadoHLS/Final/Iris-recognition/PYNQ_SOLUTION/.autopilot/db/sine.pp.0.cpp -- -std=gnu++98 -fhls -ferror-limit=0
Command       tidy_31 done; 2.859 sec.
INFO-FLOW: Syntax Checking before pre-processing...
Execute       clang -syntaxcheck -src C:/Users/Dennis/VivadoHLS/Final/Iris-recognition/PYNQ_SOLUTION/.autopilot/db/sine.pp.0.cpp  -fno-limit-debug-info -gcc-toolchain "C:/Xilinx/Vivado/2019.2/msys" -hls    -fno-math-errno -c -emit-llvm -O0  -mllvm -disable-llvm-optzns -fno-threadsafe-statics  -fno-use-cxa-atexit  -fno-threadsafe-statics -fno-use-cxa-atexit -D__CLANG_3_1__ -D__cdecl= -DAESL_SYN -D__SYNTHESIS__ -D__HLS_SYN__ -I "C:/Xilinx/Vivado/2019.2/common/technology/autopilot" -I "C:/Xilinx/Vivado/2019.2/common/technology/autopilot/ap_sysc" -include etc/autopilot_ssdm_op.h -D__DSP48E1__  "C:/Users/Dennis/VivadoHLS/Final/Iris-recognition/PYNQ_SOLUTION/.autopilot/db/sine.pp.0.cpp"  -o "C:/Users/Dennis/VivadoHLS/Final/Iris-recognition/PYNQ_SOLUTION/.autopilot/db/useless.bc"  
INFO-FLOW: exec C:/Xilinx/Vivado/2019.2/win64/tools/clang/bin/clang -fno-limit-debug-info -gcc-toolchain C:/Xilinx/Vivado/2019.2/msys -hls -fno-math-errno -c -emit-llvm -O0 -mllvm -disable-llvm-optzns -fno-threadsafe-statics -fno-use-cxa-atexit -fno-threadsafe-statics -fno-use-cxa-atexit -D__CLANG_3_1__ -D__cdecl= -DAESL_SYN -D__SYNTHESIS__ -D__HLS_SYN__ -I C:/Xilinx/Vivado/2019.2/common/technology/autopilot -I C:/Xilinx/Vivado/2019.2/common/technology/autopilot/ap_sysc -include etc/autopilot_ssdm_op.h -D__DSP48E1__ C:/Users/Dennis/VivadoHLS/Final/Iris-recognition/PYNQ_SOLUTION/.autopilot/db/sine.pp.0.cpp -o C:/Users/Dennis/VivadoHLS/Final/Iris-recognition/PYNQ_SOLUTION/.autopilot/db/useless.bc
Command       clang done; 4.995 sec.
INFO-FLOW: Done: GCC PP time: 9.5 seconds per iteration
Execute       list_core -type functional_unit 
Execute       tidy_31 xilinx-systemc-detector C:/Users/Dennis/VivadoHLS/Final/Iris-recognition/PYNQ_SOLUTION/.autopilot/db/sine.pp.0.cpp std=gnu++98 -directive=C:/Users/Dennis/VivadoHLS/Final/Iris-recognition/PYNQ_SOLUTION/.autopilot/db/.systemc_flag 
INFO-FLOW: exec C:/Xilinx/Vivado/2019.2/win64/tools/clang-3.9-csynth/bin/tidy-3.1 -header-filter=.* -checks=-*,xilinx-systemc-detector -import-directive=C:/Users/Dennis/VivadoHLS/Final/Iris-recognition/PYNQ_SOLUTION/.autopilot/db/.systemc_flag -quiet -fix-errors C:/Users/Dennis/VivadoHLS/Final/Iris-recognition/PYNQ_SOLUTION/.autopilot/db/sine.pp.0.cpp -- -std=gnu++98 -fhls -ferror-limit=0
Command       tidy_31 done; 2.712 sec.
INFO-FLOW: Running: tidy-3.1 CDT preprocess
Execute       tidy_31 xilinx-directive2pragma C:/Users/Dennis/VivadoHLS/Final/Iris-recognition/PYNQ_SOLUTION/.autopilot/db/sine.pp.0.cpp std=gnu++98 -directive=C:/Users/Dennis/VivadoHLS/Final/Iris-recognition/PYNQ_SOLUTION/.autopilot/db/all.directive.json 
INFO-FLOW: exec C:/Xilinx/Vivado/2019.2/win64/tools/clang-3.9-csynth/bin/tidy-3.1 -header-filter=.* -checks=-*,xilinx-directive2pragma -import-directive=C:/Users/Dennis/VivadoHLS/Final/Iris-recognition/PYNQ_SOLUTION/.autopilot/db/all.directive.json -quiet -fix-errors C:/Users/Dennis/VivadoHLS/Final/Iris-recognition/PYNQ_SOLUTION/.autopilot/db/sine.pp.0.cpp -- -std=gnu++98 -fhls -ferror-limit=0
Command       tidy_31 done; 2.725 sec.
Execute       get_config_dataflow -strict_mode 
Execute       ap_eval exec -ignorestderr C:/Xilinx/Vivado/2019.2/win64/tools/clang-3.9-csynth/bin/xilinx-dataflow-lawyer -export-fixes=C:/Users/Dennis/VivadoHLS/Final/Iris-recognition/PYNQ_SOLUTION/.autopilot/db/xilinx-dataflow-lawyer.sine.pp.0.cpp.diag.yml C:/Users/Dennis/VivadoHLS/Final/Iris-recognition/PYNQ_SOLUTION/.autopilot/db/sine.pp.0.cpp -- -std=gnu++98 -fhls -ferror-limit=0 -fstrict-dataflow > C:/Users/Dennis/VivadoHLS/Final/Iris-recognition/PYNQ_SOLUTION/.autopilot/db/xilinx-dataflow-lawyer.sine.pp.0.cpp.out.log 2> C:/Users/Dennis/VivadoHLS/Final/Iris-recognition/PYNQ_SOLUTION/.autopilot/db/xilinx-dataflow-lawyer.sine.pp.0.cpp.err.log 
Command       ap_eval done; 2.718 sec.
Execute       tidy_31 -errorcheck xilinx-constantarray-param,xilinx-resource-pragma-transformer,xilinx-xfmat-array-geometry C:/Users/Dennis/VivadoHLS/Final/Iris-recognition/PYNQ_SOLUTION/.autopilot/db/sine.pp.0.cpp std=gnu++98 
Execute         ap_eval exec -ignorestderr C:/Xilinx/Vivado/2019.2/win64/tools/clang-3.9-csynth/bin/tidy-3.1 -export-fixes=C:/Users/Dennis/VivadoHLS/Final/Iris-recognition/PYNQ_SOLUTION/.autopilot/db/tidy-3.1.sine.pp.0.cpp.diag.yml -header-filter=.* -checks=-*,xilinx-constantarray-param,xilinx-resource-pragma-transformer,xilinx-xfmat-array-geometry -quiet -fix-errors C:/Users/Dennis/VivadoHLS/Final/Iris-recognition/PYNQ_SOLUTION/.autopilot/db/sine.pp.0.cpp -- -std=gnu++98 -fhls -ferror-limit=0 > C:/Users/Dennis/VivadoHLS/Final/Iris-recognition/PYNQ_SOLUTION/.autopilot/db/tidy-3.1.sine.pp.0.cpp.out.log 2> C:/Users/Dennis/VivadoHLS/Final/Iris-recognition/PYNQ_SOLUTION/.autopilot/db/tidy-3.1.sine.pp.0.cpp.err.log 
Command         ap_eval done; 3.092 sec.
Execute         ap_eval exec -ignorestderr C:/Xilinx/Vivado/2019.2/win64/tools/clang-3.9-csynth/bin/xilinx-legacy-rewriter C:/Users/Dennis/VivadoHLS/Final/Iris-recognition/PYNQ_SOLUTION/.autopilot/db/sine.pp.0.cpp -- -std=gnu++98 -fhls -ferror-limit=0 > C:/Users/Dennis/VivadoHLS/Final/Iris-recognition/PYNQ_SOLUTION/.autopilot/db/xilinx-legacy-rewriter.sine.pp.0.cpp.out.log 2> C:/Users/Dennis/VivadoHLS/Final/Iris-recognition/PYNQ_SOLUTION/.autopilot/db/xilinx-legacy-rewriter.sine.pp.0.cpp.err.log 
Command         ap_eval done; 1.64 sec.
Command       tidy_31 done; 4.755 sec.
INFO-FLOW: Done: tidy-3.1 CDT preprocess time: 10.2 seconds per iteration
INFO-FLOW: Pragma Handling...
Execute       tidy_31 xilinx-ssdm-intrinsics-arguments C:/Users/Dennis/VivadoHLS/Final/Iris-recognition/PYNQ_SOLUTION/.autopilot/db/sine.pragma.1.cpp std=gnu++98 
INFO-FLOW: exec C:/Xilinx/Vivado/2019.2/win64/tools/clang-3.9-csynth/bin/tidy-3.1 -header-filter=.* -checks=-*,xilinx-ssdm-intrinsics-arguments -quiet -fix-errors C:/Users/Dennis/VivadoHLS/Final/Iris-recognition/PYNQ_SOLUTION/.autopilot/db/sine.pragma.1.cpp -- -std=gnu++98 -fhls -ferror-limit=0
Command       tidy_31 done; 3.152 sec.
Execute       ap_part_info -name xc7z020-clg400-1 -data info 
INFO-FLOW: Processing labels
Execute       clang -src C:/Users/Dennis/VivadoHLS/Final/Iris-recognition/PYNQ_SOLUTION/.autopilot/db/sine.pragma.2.cpp  -fno-limit-debug-info -gcc-toolchain C:/Xilinx/Vivado/2019.2/msys -hls -hls-analyze-label -hls-analyze-pragma -fno-exceptions  -D__llvm__  -w  "C:/Users/Dennis/VivadoHLS/Final/Iris-recognition/PYNQ_SOLUTION/.autopilot/db/sine.pragma.2.cpp"    -fno-math-errno -c -emit-llvm -O0  -mllvm -disable-llvm-optzns -fno-threadsafe-statics  -fno-use-cxa-atexit -DAESL_SYN -D__SYNTHESIS__ -D__HLS_SYN__ -I "C:/Xilinx/Vivado/2019.2/common/technology/autopilot" -I "C:/Xilinx/Vivado/2019.2/common/technology/autopilot/ap_sysc" -include etc/autopilot_ssdm_op.h -D__DSP48E1__ -g -o "C:/Users/Dennis/VivadoHLS/Final/Iris-recognition/PYNQ_SOLUTION/.autopilot/db/sine.bc" 
INFO-FLOW: exec C:/Xilinx/Vivado/2019.2/win64/tools/clang/bin/clang -fno-limit-debug-info -gcc-toolchain C:/Xilinx/Vivado/2019.2/msys -hls -hls-analyze-label -hls-analyze-pragma -fno-exceptions -D__llvm__ -w C:/Users/Dennis/VivadoHLS/Final/Iris-recognition/PYNQ_SOLUTION/.autopilot/db/sine.pragma.2.cpp -fno-math-errno -c -emit-llvm -O0 -mllvm -disable-llvm-optzns -fno-threadsafe-statics -fno-use-cxa-atexit -DAESL_SYN -D__SYNTHESIS__ -D__HLS_SYN__ -I C:/Xilinx/Vivado/2019.2/common/technology/autopilot -I C:/Xilinx/Vivado/2019.2/common/technology/autopilot/ap_sysc -include etc/autopilot_ssdm_op.h -D__DSP48E1__ -g -o C:/Users/Dennis/VivadoHLS/Final/Iris-recognition/PYNQ_SOLUTION/.autopilot/db/sine.bc
Command       clang done; 5.242 sec.
INFO: [HLS 200-10] Analyzing design file 'Iris-recognition/segmentation.cpp' ... 
INFO-FLOW: Compiling one TU...
Execute       is_m_axi_addr64 
INFO-FLOW: Handling Iris-recognition/segmentation.cpp as C++
Execute       ap_part_info -name xc7z020-clg400-1 -data info 
Execute       is_encrypted Iris-recognition/segmentation.cpp 
Execute       ap_part_info -name xc7z020-clg400-1 -data info 
INFO-FLOW: Running: GCC PP
INFO-FLOW: Source preprocessing
Execute       clang  -fno-limit-debug-info -gcc-toolchain "C:/Xilinx/Vivado/2019.2/msys" -hls  -fno-exceptions  -D__llvm__  -E "Iris-recognition/segmentation.cpp"     -fno-math-errno -c -emit-llvm -O0  -mllvm -disable-llvm-optzns -fno-threadsafe-statics  -fno-use-cxa-atexit  -fno-threadsafe-statics -fno-use-cxa-atexit -D__CLANG_3_1__ -D__cdecl= -DAESL_SYN -D__SYNTHESIS__ -D__HLS_SYN__ -I "C:/Xilinx/Vivado/2019.2/common/technology/autopilot" -I "C:/Xilinx/Vivado/2019.2/common/technology/autopilot/ap_sysc" -include etc/autopilot_ssdm_op.h -D__DSP48E1__  -o "C:/Users/Dennis/VivadoHLS/Final/Iris-recognition/PYNQ_SOLUTION/.autopilot/db/segmentation.pp.0.cpp" 
INFO-FLOW: exec C:/Xilinx/Vivado/2019.2/win64/tools/clang/bin/clang -fno-limit-debug-info -gcc-toolchain C:/Xilinx/Vivado/2019.2/msys -hls -fno-exceptions -D__llvm__ -E Iris-recognition/segmentation.cpp -fno-math-errno -c -emit-llvm -O0 -mllvm -disable-llvm-optzns -fno-threadsafe-statics -fno-use-cxa-atexit -fno-threadsafe-statics -fno-use-cxa-atexit -D__CLANG_3_1__ -D__cdecl= -DAESL_SYN -D__SYNTHESIS__ -D__HLS_SYN__ -I C:/Xilinx/Vivado/2019.2/common/technology/autopilot -I C:/Xilinx/Vivado/2019.2/common/technology/autopilot/ap_sysc -include etc/autopilot_ssdm_op.h -D__DSP48E1__ -o C:/Users/Dennis/VivadoHLS/Final/Iris-recognition/PYNQ_SOLUTION/.autopilot/db/segmentation.pp.0.cpp
Command       clang done; 1.645 sec.
Execute       tidy_31 xilinx-xfmat-array-geometry C:/Users/Dennis/VivadoHLS/Final/Iris-recognition/PYNQ_SOLUTION/.autopilot/db/segmentation.pp.0.cpp std=gnu++98 
INFO-FLOW: exec C:/Xilinx/Vivado/2019.2/win64/tools/clang-3.9-csynth/bin/tidy-3.1 -header-filter=.* -checks=-*,xilinx-xfmat-array-geometry -quiet -fix C:/Users/Dennis/VivadoHLS/Final/Iris-recognition/PYNQ_SOLUTION/.autopilot/db/segmentation.pp.0.cpp -- -std=gnu++98 -fhls -ferror-limit=0
Command       tidy_31 done; 1.782 sec.
INFO-FLOW: Syntax Checking before pre-processing...
Execute       clang -syntaxcheck -src C:/Users/Dennis/VivadoHLS/Final/Iris-recognition/PYNQ_SOLUTION/.autopilot/db/segmentation.pp.0.cpp  -fno-limit-debug-info -gcc-toolchain "C:/Xilinx/Vivado/2019.2/msys" -hls    -fno-math-errno -c -emit-llvm -O0  -mllvm -disable-llvm-optzns -fno-threadsafe-statics  -fno-use-cxa-atexit  -fno-threadsafe-statics -fno-use-cxa-atexit -D__CLANG_3_1__ -D__cdecl= -DAESL_SYN -D__SYNTHESIS__ -D__HLS_SYN__ -I "C:/Xilinx/Vivado/2019.2/common/technology/autopilot" -I "C:/Xilinx/Vivado/2019.2/common/technology/autopilot/ap_sysc" -include etc/autopilot_ssdm_op.h -D__DSP48E1__  "C:/Users/Dennis/VivadoHLS/Final/Iris-recognition/PYNQ_SOLUTION/.autopilot/db/segmentation.pp.0.cpp"  -o "C:/Users/Dennis/VivadoHLS/Final/Iris-recognition/PYNQ_SOLUTION/.autopilot/db/useless.bc"  
INFO-FLOW: exec C:/Xilinx/Vivado/2019.2/win64/tools/clang/bin/clang -fno-limit-debug-info -gcc-toolchain C:/Xilinx/Vivado/2019.2/msys -hls -fno-math-errno -c -emit-llvm -O0 -mllvm -disable-llvm-optzns -fno-threadsafe-statics -fno-use-cxa-atexit -fno-threadsafe-statics -fno-use-cxa-atexit -D__CLANG_3_1__ -D__cdecl= -DAESL_SYN -D__SYNTHESIS__ -D__HLS_SYN__ -I C:/Xilinx/Vivado/2019.2/common/technology/autopilot -I C:/Xilinx/Vivado/2019.2/common/technology/autopilot/ap_sysc -include etc/autopilot_ssdm_op.h -D__DSP48E1__ C:/Users/Dennis/VivadoHLS/Final/Iris-recognition/PYNQ_SOLUTION/.autopilot/db/segmentation.pp.0.cpp -o C:/Users/Dennis/VivadoHLS/Final/Iris-recognition/PYNQ_SOLUTION/.autopilot/db/useless.bc
Command       clang done; 4.663 sec.
INFO-FLOW: Done: GCC PP time: 8.1 seconds per iteration
Execute       list_core -type functional_unit 
Execute       tidy_31 xilinx-systemc-detector C:/Users/Dennis/VivadoHLS/Final/Iris-recognition/PYNQ_SOLUTION/.autopilot/db/segmentation.pp.0.cpp std=gnu++98 -directive=C:/Users/Dennis/VivadoHLS/Final/Iris-recognition/PYNQ_SOLUTION/.autopilot/db/.systemc_flag 
INFO-FLOW: exec C:/Xilinx/Vivado/2019.2/win64/tools/clang-3.9-csynth/bin/tidy-3.1 -header-filter=.* -checks=-*,xilinx-systemc-detector -import-directive=C:/Users/Dennis/VivadoHLS/Final/Iris-recognition/PYNQ_SOLUTION/.autopilot/db/.systemc_flag -quiet -fix-errors C:/Users/Dennis/VivadoHLS/Final/Iris-recognition/PYNQ_SOLUTION/.autopilot/db/segmentation.pp.0.cpp -- -std=gnu++98 -fhls -ferror-limit=0
Command       tidy_31 done; 1.682 sec.
INFO-FLOW: Running: tidy-3.1 CDT preprocess
Execute       tidy_31 xilinx-directive2pragma C:/Users/Dennis/VivadoHLS/Final/Iris-recognition/PYNQ_SOLUTION/.autopilot/db/segmentation.pp.0.cpp std=gnu++98 -directive=C:/Users/Dennis/VivadoHLS/Final/Iris-recognition/PYNQ_SOLUTION/.autopilot/db/all.directive.json 
INFO-FLOW: exec C:/Xilinx/Vivado/2019.2/win64/tools/clang-3.9-csynth/bin/tidy-3.1 -header-filter=.* -checks=-*,xilinx-directive2pragma -import-directive=C:/Users/Dennis/VivadoHLS/Final/Iris-recognition/PYNQ_SOLUTION/.autopilot/db/all.directive.json -quiet -fix-errors C:/Users/Dennis/VivadoHLS/Final/Iris-recognition/PYNQ_SOLUTION/.autopilot/db/segmentation.pp.0.cpp -- -std=gnu++98 -fhls -ferror-limit=0
Command       tidy_31 done; 1.64 sec.
Execute       get_config_dataflow -strict_mode 
Execute       ap_eval exec -ignorestderr C:/Xilinx/Vivado/2019.2/win64/tools/clang-3.9-csynth/bin/xilinx-dataflow-lawyer -export-fixes=C:/Users/Dennis/VivadoHLS/Final/Iris-recognition/PYNQ_SOLUTION/.autopilot/db/xilinx-dataflow-lawyer.segmentation.pp.0.cpp.diag.yml C:/Users/Dennis/VivadoHLS/Final/Iris-recognition/PYNQ_SOLUTION/.autopilot/db/segmentation.pp.0.cpp -- -std=gnu++98 -fhls -ferror-limit=0 -fstrict-dataflow > C:/Users/Dennis/VivadoHLS/Final/Iris-recognition/PYNQ_SOLUTION/.autopilot/db/xilinx-dataflow-lawyer.segmentation.pp.0.cpp.out.log 2> C:/Users/Dennis/VivadoHLS/Final/Iris-recognition/PYNQ_SOLUTION/.autopilot/db/xilinx-dataflow-lawyer.segmentation.pp.0.cpp.err.log 
Command       ap_eval done; 1.597 sec.
Execute       tidy_31 -errorcheck xilinx-constantarray-param,xilinx-resource-pragma-transformer,xilinx-xfmat-array-geometry C:/Users/Dennis/VivadoHLS/Final/Iris-recognition/PYNQ_SOLUTION/.autopilot/db/segmentation.pp.0.cpp std=gnu++98 
Execute         ap_eval exec -ignorestderr C:/Xilinx/Vivado/2019.2/win64/tools/clang-3.9-csynth/bin/tidy-3.1 -export-fixes=C:/Users/Dennis/VivadoHLS/Final/Iris-recognition/PYNQ_SOLUTION/.autopilot/db/tidy-3.1.segmentation.pp.0.cpp.diag.yml -header-filter=.* -checks=-*,xilinx-constantarray-param,xilinx-resource-pragma-transformer,xilinx-xfmat-array-geometry -quiet -fix-errors C:/Users/Dennis/VivadoHLS/Final/Iris-recognition/PYNQ_SOLUTION/.autopilot/db/segmentation.pp.0.cpp -- -std=gnu++98 -fhls -ferror-limit=0 > C:/Users/Dennis/VivadoHLS/Final/Iris-recognition/PYNQ_SOLUTION/.autopilot/db/tidy-3.1.segmentation.pp.0.cpp.out.log 2> C:/Users/Dennis/VivadoHLS/Final/Iris-recognition/PYNQ_SOLUTION/.autopilot/db/tidy-3.1.segmentation.pp.0.cpp.err.log 
Command         ap_eval done; 1.944 sec.
Execute         ap_eval exec -ignorestderr C:/Xilinx/Vivado/2019.2/win64/tools/clang-3.9-csynth/bin/xilinx-legacy-rewriter C:/Users/Dennis/VivadoHLS/Final/Iris-recognition/PYNQ_SOLUTION/.autopilot/db/segmentation.pp.0.cpp -- -std=gnu++98 -fhls -ferror-limit=0 > C:/Users/Dennis/VivadoHLS/Final/Iris-recognition/PYNQ_SOLUTION/.autopilot/db/xilinx-legacy-rewriter.segmentation.pp.0.cpp.out.log 2> C:/Users/Dennis/VivadoHLS/Final/Iris-recognition/PYNQ_SOLUTION/.autopilot/db/xilinx-legacy-rewriter.segmentation.pp.0.cpp.err.log 
Command         ap_eval done; 1.092 sec.
Command       tidy_31 done; 3.061 sec.
INFO-FLOW: Done: tidy-3.1 CDT preprocess time: 6.3 seconds per iteration
INFO-FLOW: Pragma Handling...
Execute       tidy_31 xilinx-ssdm-intrinsics-arguments C:/Users/Dennis/VivadoHLS/Final/Iris-recognition/PYNQ_SOLUTION/.autopilot/db/segmentation.pragma.1.cpp std=gnu++98 
INFO-FLOW: exec C:/Xilinx/Vivado/2019.2/win64/tools/clang-3.9-csynth/bin/tidy-3.1 -header-filter=.* -checks=-*,xilinx-ssdm-intrinsics-arguments -quiet -fix-errors C:/Users/Dennis/VivadoHLS/Final/Iris-recognition/PYNQ_SOLUTION/.autopilot/db/segmentation.pragma.1.cpp -- -std=gnu++98 -fhls -ferror-limit=0
Command       tidy_31 done; 1.93 sec.
Execute       ap_part_info -name xc7z020-clg400-1 -data info 
INFO-FLOW: Processing labels
Execute       clang -src C:/Users/Dennis/VivadoHLS/Final/Iris-recognition/PYNQ_SOLUTION/.autopilot/db/segmentation.pragma.2.cpp  -fno-limit-debug-info -gcc-toolchain C:/Xilinx/Vivado/2019.2/msys -hls -hls-analyze-label -hls-analyze-pragma -fno-exceptions  -D__llvm__  -w  "C:/Users/Dennis/VivadoHLS/Final/Iris-recognition/PYNQ_SOLUTION/.autopilot/db/segmentation.pragma.2.cpp"    -fno-math-errno -c -emit-llvm -O0  -mllvm -disable-llvm-optzns -fno-threadsafe-statics  -fno-use-cxa-atexit -DAESL_SYN -D__SYNTHESIS__ -D__HLS_SYN__ -I "C:/Xilinx/Vivado/2019.2/common/technology/autopilot" -I "C:/Xilinx/Vivado/2019.2/common/technology/autopilot/ap_sysc" -include etc/autopilot_ssdm_op.h -D__DSP48E1__ -g -o "C:/Users/Dennis/VivadoHLS/Final/Iris-recognition/PYNQ_SOLUTION/.autopilot/db/segmentation.bc" 
INFO-FLOW: exec C:/Xilinx/Vivado/2019.2/win64/tools/clang/bin/clang -fno-limit-debug-info -gcc-toolchain C:/Xilinx/Vivado/2019.2/msys -hls -hls-analyze-label -hls-analyze-pragma -fno-exceptions -D__llvm__ -w C:/Users/Dennis/VivadoHLS/Final/Iris-recognition/PYNQ_SOLUTION/.autopilot/db/segmentation.pragma.2.cpp -fno-math-errno -c -emit-llvm -O0 -mllvm -disable-llvm-optzns -fno-threadsafe-statics -fno-use-cxa-atexit -DAESL_SYN -D__SYNTHESIS__ -D__HLS_SYN__ -I C:/Xilinx/Vivado/2019.2/common/technology/autopilot -I C:/Xilinx/Vivado/2019.2/common/technology/autopilot/ap_sysc -include etc/autopilot_ssdm_op.h -D__DSP48E1__ -g -o C:/Users/Dennis/VivadoHLS/Final/Iris-recognition/PYNQ_SOLUTION/.autopilot/db/segmentation.bc
Command       clang done; 4.95 sec.
INFO: [HLS 200-10] Analyzing design file 'Iris-recognition/normalization.cpp' ... 
INFO-FLOW: Compiling one TU...
Execute       is_m_axi_addr64 
INFO-FLOW: Handling Iris-recognition/normalization.cpp as C++
Execute       ap_part_info -name xc7z020-clg400-1 -data info 
Execute       is_encrypted Iris-recognition/normalization.cpp 
Execute       ap_part_info -name xc7z020-clg400-1 -data info 
INFO-FLOW: Running: GCC PP
INFO-FLOW: Source preprocessing
Execute       clang  -fno-limit-debug-info -gcc-toolchain "C:/Xilinx/Vivado/2019.2/msys" -hls  -fno-exceptions  -D__llvm__  -E "Iris-recognition/normalization.cpp"     -fno-math-errno -c -emit-llvm -O0  -mllvm -disable-llvm-optzns -fno-threadsafe-statics  -fno-use-cxa-atexit  -fno-threadsafe-statics -fno-use-cxa-atexit -D__CLANG_3_1__ -D__cdecl= -DAESL_SYN -D__SYNTHESIS__ -D__HLS_SYN__ -I "C:/Xilinx/Vivado/2019.2/common/technology/autopilot" -I "C:/Xilinx/Vivado/2019.2/common/technology/autopilot/ap_sysc" -include etc/autopilot_ssdm_op.h -D__DSP48E1__  -o "C:/Users/Dennis/VivadoHLS/Final/Iris-recognition/PYNQ_SOLUTION/.autopilot/db/normalization.pp.0.cpp" 
INFO-FLOW: exec C:/Xilinx/Vivado/2019.2/win64/tools/clang/bin/clang -fno-limit-debug-info -gcc-toolchain C:/Xilinx/Vivado/2019.2/msys -hls -fno-exceptions -D__llvm__ -E Iris-recognition/normalization.cpp -fno-math-errno -c -emit-llvm -O0 -mllvm -disable-llvm-optzns -fno-threadsafe-statics -fno-use-cxa-atexit -fno-threadsafe-statics -fno-use-cxa-atexit -D__CLANG_3_1__ -D__cdecl= -DAESL_SYN -D__SYNTHESIS__ -D__HLS_SYN__ -I C:/Xilinx/Vivado/2019.2/common/technology/autopilot -I C:/Xilinx/Vivado/2019.2/common/technology/autopilot/ap_sysc -include etc/autopilot_ssdm_op.h -D__DSP48E1__ -o C:/Users/Dennis/VivadoHLS/Final/Iris-recognition/PYNQ_SOLUTION/.autopilot/db/normalization.pp.0.cpp
Command       clang done; 1.634 sec.
Execute       tidy_31 xilinx-xfmat-array-geometry C:/Users/Dennis/VivadoHLS/Final/Iris-recognition/PYNQ_SOLUTION/.autopilot/db/normalization.pp.0.cpp std=gnu++98 
INFO-FLOW: exec C:/Xilinx/Vivado/2019.2/win64/tools/clang-3.9-csynth/bin/tidy-3.1 -header-filter=.* -checks=-*,xilinx-xfmat-array-geometry -quiet -fix C:/Users/Dennis/VivadoHLS/Final/Iris-recognition/PYNQ_SOLUTION/.autopilot/db/normalization.pp.0.cpp -- -std=gnu++98 -fhls -ferror-limit=0
Command       tidy_31 done; 1.749 sec.
INFO-FLOW: Syntax Checking before pre-processing...
Execute       clang -syntaxcheck -src C:/Users/Dennis/VivadoHLS/Final/Iris-recognition/PYNQ_SOLUTION/.autopilot/db/normalization.pp.0.cpp  -fno-limit-debug-info -gcc-toolchain "C:/Xilinx/Vivado/2019.2/msys" -hls    -fno-math-errno -c -emit-llvm -O0  -mllvm -disable-llvm-optzns -fno-threadsafe-statics  -fno-use-cxa-atexit  -fno-threadsafe-statics -fno-use-cxa-atexit -D__CLANG_3_1__ -D__cdecl= -DAESL_SYN -D__SYNTHESIS__ -D__HLS_SYN__ -I "C:/Xilinx/Vivado/2019.2/common/technology/autopilot" -I "C:/Xilinx/Vivado/2019.2/common/technology/autopilot/ap_sysc" -include etc/autopilot_ssdm_op.h -D__DSP48E1__  "C:/Users/Dennis/VivadoHLS/Final/Iris-recognition/PYNQ_SOLUTION/.autopilot/db/normalization.pp.0.cpp"  -o "C:/Users/Dennis/VivadoHLS/Final/Iris-recognition/PYNQ_SOLUTION/.autopilot/db/useless.bc"  
INFO-FLOW: exec C:/Xilinx/Vivado/2019.2/win64/tools/clang/bin/clang -fno-limit-debug-info -gcc-toolchain C:/Xilinx/Vivado/2019.2/msys -hls -fno-math-errno -c -emit-llvm -O0 -mllvm -disable-llvm-optzns -fno-threadsafe-statics -fno-use-cxa-atexit -fno-threadsafe-statics -fno-use-cxa-atexit -D__CLANG_3_1__ -D__cdecl= -DAESL_SYN -D__SYNTHESIS__ -D__HLS_SYN__ -I C:/Xilinx/Vivado/2019.2/common/technology/autopilot -I C:/Xilinx/Vivado/2019.2/common/technology/autopilot/ap_sysc -include etc/autopilot_ssdm_op.h -D__DSP48E1__ C:/Users/Dennis/VivadoHLS/Final/Iris-recognition/PYNQ_SOLUTION/.autopilot/db/normalization.pp.0.cpp -o C:/Users/Dennis/VivadoHLS/Final/Iris-recognition/PYNQ_SOLUTION/.autopilot/db/useless.bc
Command       clang done; 4.702 sec.
INFO-FLOW: Done: GCC PP time: 8.1 seconds per iteration
Execute       list_core -type functional_unit 
Execute       tidy_31 xilinx-systemc-detector C:/Users/Dennis/VivadoHLS/Final/Iris-recognition/PYNQ_SOLUTION/.autopilot/db/normalization.pp.0.cpp std=gnu++98 -directive=C:/Users/Dennis/VivadoHLS/Final/Iris-recognition/PYNQ_SOLUTION/.autopilot/db/.systemc_flag 
INFO-FLOW: exec C:/Xilinx/Vivado/2019.2/win64/tools/clang-3.9-csynth/bin/tidy-3.1 -header-filter=.* -checks=-*,xilinx-systemc-detector -import-directive=C:/Users/Dennis/VivadoHLS/Final/Iris-recognition/PYNQ_SOLUTION/.autopilot/db/.systemc_flag -quiet -fix-errors C:/Users/Dennis/VivadoHLS/Final/Iris-recognition/PYNQ_SOLUTION/.autopilot/db/normalization.pp.0.cpp -- -std=gnu++98 -fhls -ferror-limit=0
Command       tidy_31 done; 1.685 sec.
INFO-FLOW: Running: tidy-3.1 CDT preprocess
Execute       tidy_31 xilinx-directive2pragma C:/Users/Dennis/VivadoHLS/Final/Iris-recognition/PYNQ_SOLUTION/.autopilot/db/normalization.pp.0.cpp std=gnu++98 -directive=C:/Users/Dennis/VivadoHLS/Final/Iris-recognition/PYNQ_SOLUTION/.autopilot/db/all.directive.json 
INFO-FLOW: exec C:/Xilinx/Vivado/2019.2/win64/tools/clang-3.9-csynth/bin/tidy-3.1 -header-filter=.* -checks=-*,xilinx-directive2pragma -import-directive=C:/Users/Dennis/VivadoHLS/Final/Iris-recognition/PYNQ_SOLUTION/.autopilot/db/all.directive.json -quiet -fix-errors C:/Users/Dennis/VivadoHLS/Final/Iris-recognition/PYNQ_SOLUTION/.autopilot/db/normalization.pp.0.cpp -- -std=gnu++98 -fhls -ferror-limit=0
Command       tidy_31 done; 1.658 sec.
Execute       get_config_dataflow -strict_mode 
Execute       ap_eval exec -ignorestderr C:/Xilinx/Vivado/2019.2/win64/tools/clang-3.9-csynth/bin/xilinx-dataflow-lawyer -export-fixes=C:/Users/Dennis/VivadoHLS/Final/Iris-recognition/PYNQ_SOLUTION/.autopilot/db/xilinx-dataflow-lawyer.normalization.pp.0.cpp.diag.yml C:/Users/Dennis/VivadoHLS/Final/Iris-recognition/PYNQ_SOLUTION/.autopilot/db/normalization.pp.0.cpp -- -std=gnu++98 -fhls -ferror-limit=0 -fstrict-dataflow > C:/Users/Dennis/VivadoHLS/Final/Iris-recognition/PYNQ_SOLUTION/.autopilot/db/xilinx-dataflow-lawyer.normalization.pp.0.cpp.out.log 2> C:/Users/Dennis/VivadoHLS/Final/Iris-recognition/PYNQ_SOLUTION/.autopilot/db/xilinx-dataflow-lawyer.normalization.pp.0.cpp.err.log 
Command       ap_eval done; 1.598 sec.
Execute       tidy_31 -errorcheck xilinx-constantarray-param,xilinx-resource-pragma-transformer,xilinx-xfmat-array-geometry C:/Users/Dennis/VivadoHLS/Final/Iris-recognition/PYNQ_SOLUTION/.autopilot/db/normalization.pp.0.cpp std=gnu++98 
Execute         ap_eval exec -ignorestderr C:/Xilinx/Vivado/2019.2/win64/tools/clang-3.9-csynth/bin/tidy-3.1 -export-fixes=C:/Users/Dennis/VivadoHLS/Final/Iris-recognition/PYNQ_SOLUTION/.autopilot/db/tidy-3.1.normalization.pp.0.cpp.diag.yml -header-filter=.* -checks=-*,xilinx-constantarray-param,xilinx-resource-pragma-transformer,xilinx-xfmat-array-geometry -quiet -fix-errors C:/Users/Dennis/VivadoHLS/Final/Iris-recognition/PYNQ_SOLUTION/.autopilot/db/normalization.pp.0.cpp -- -std=gnu++98 -fhls -ferror-limit=0 > C:/Users/Dennis/VivadoHLS/Final/Iris-recognition/PYNQ_SOLUTION/.autopilot/db/tidy-3.1.normalization.pp.0.cpp.out.log 2> C:/Users/Dennis/VivadoHLS/Final/Iris-recognition/PYNQ_SOLUTION/.autopilot/db/tidy-3.1.normalization.pp.0.cpp.err.log 
Command         ap_eval done; 2.819 sec.
Execute         ap_eval exec -ignorestderr C:/Xilinx/Vivado/2019.2/win64/tools/clang-3.9-csynth/bin/xilinx-legacy-rewriter C:/Users/Dennis/VivadoHLS/Final/Iris-recognition/PYNQ_SOLUTION/.autopilot/db/normalization.pp.0.cpp -- -std=gnu++98 -fhls -ferror-limit=0 > C:/Users/Dennis/VivadoHLS/Final/Iris-recognition/PYNQ_SOLUTION/.autopilot/db/xilinx-legacy-rewriter.normalization.pp.0.cpp.out.log 2> C:/Users/Dennis/VivadoHLS/Final/Iris-recognition/PYNQ_SOLUTION/.autopilot/db/xilinx-legacy-rewriter.normalization.pp.0.cpp.err.log 
Command         ap_eval done; 1.113 sec.
Command       tidy_31 done; 3.975 sec.
INFO-FLOW: Done: tidy-3.1 CDT preprocess time: 7.2 seconds per iteration
INFO-FLOW: Pragma Handling...
Execute       tidy_31 xilinx-ssdm-intrinsics-arguments C:/Users/Dennis/VivadoHLS/Final/Iris-recognition/PYNQ_SOLUTION/.autopilot/db/normalization.pragma.1.cpp std=gnu++98 
INFO-FLOW: exec C:/Xilinx/Vivado/2019.2/win64/tools/clang-3.9-csynth/bin/tidy-3.1 -header-filter=.* -checks=-*,xilinx-ssdm-intrinsics-arguments -quiet -fix-errors C:/Users/Dennis/VivadoHLS/Final/Iris-recognition/PYNQ_SOLUTION/.autopilot/db/normalization.pragma.1.cpp -- -std=gnu++98 -fhls -ferror-limit=0
Command       tidy_31 done; 1.988 sec.
Execute       ap_part_info -name xc7z020-clg400-1 -data info 
INFO-FLOW: Processing labels
Execute       clang -src C:/Users/Dennis/VivadoHLS/Final/Iris-recognition/PYNQ_SOLUTION/.autopilot/db/normalization.pragma.2.cpp  -fno-limit-debug-info -gcc-toolchain C:/Xilinx/Vivado/2019.2/msys -hls -hls-analyze-label -hls-analyze-pragma -fno-exceptions  -D__llvm__  -w  "C:/Users/Dennis/VivadoHLS/Final/Iris-recognition/PYNQ_SOLUTION/.autopilot/db/normalization.pragma.2.cpp"    -fno-math-errno -c -emit-llvm -O0  -mllvm -disable-llvm-optzns -fno-threadsafe-statics  -fno-use-cxa-atexit -DAESL_SYN -D__SYNTHESIS__ -D__HLS_SYN__ -I "C:/Xilinx/Vivado/2019.2/common/technology/autopilot" -I "C:/Xilinx/Vivado/2019.2/common/technology/autopilot/ap_sysc" -include etc/autopilot_ssdm_op.h -D__DSP48E1__ -g -o "C:/Users/Dennis/VivadoHLS/Final/Iris-recognition/PYNQ_SOLUTION/.autopilot/db/normalization.bc" 
INFO-FLOW: exec C:/Xilinx/Vivado/2019.2/win64/tools/clang/bin/clang -fno-limit-debug-info -gcc-toolchain C:/Xilinx/Vivado/2019.2/msys -hls -hls-analyze-label -hls-analyze-pragma -fno-exceptions -D__llvm__ -w C:/Users/Dennis/VivadoHLS/Final/Iris-recognition/PYNQ_SOLUTION/.autopilot/db/normalization.pragma.2.cpp -fno-math-errno -c -emit-llvm -O0 -mllvm -disable-llvm-optzns -fno-threadsafe-statics -fno-use-cxa-atexit -DAESL_SYN -D__SYNTHESIS__ -D__HLS_SYN__ -I C:/Xilinx/Vivado/2019.2/common/technology/autopilot -I C:/Xilinx/Vivado/2019.2/common/technology/autopilot/ap_sysc -include etc/autopilot_ssdm_op.h -D__DSP48E1__ -g -o C:/Users/Dennis/VivadoHLS/Final/Iris-recognition/PYNQ_SOLUTION/.autopilot/db/normalization.bc
Command       clang done; 4.936 sec.
INFO: [HLS 200-10] Analyzing design file 'Iris-recognition/gabor.cpp' ... 
INFO-FLOW: Compiling one TU...
Execute       is_m_axi_addr64 
INFO-FLOW: Handling Iris-recognition/gabor.cpp as C++
Execute       ap_part_info -name xc7z020-clg400-1 -data info 
Execute       is_encrypted Iris-recognition/gabor.cpp 
Execute       ap_part_info -name xc7z020-clg400-1 -data info 
INFO-FLOW: Running: GCC PP
INFO-FLOW: Source preprocessing
Execute       clang  -fno-limit-debug-info -gcc-toolchain "C:/Xilinx/Vivado/2019.2/msys" -hls  -fno-exceptions  -D__llvm__  -E "Iris-recognition/gabor.cpp"     -fno-math-errno -c -emit-llvm -O0  -mllvm -disable-llvm-optzns -fno-threadsafe-statics  -fno-use-cxa-atexit  -fno-threadsafe-statics -fno-use-cxa-atexit -D__CLANG_3_1__ -D__cdecl= -DAESL_SYN -D__SYNTHESIS__ -D__HLS_SYN__ -I "C:/Xilinx/Vivado/2019.2/common/technology/autopilot" -I "C:/Xilinx/Vivado/2019.2/common/technology/autopilot/ap_sysc" -include etc/autopilot_ssdm_op.h -D__DSP48E1__  -o "C:/Users/Dennis/VivadoHLS/Final/Iris-recognition/PYNQ_SOLUTION/.autopilot/db/gabor.pp.0.cpp" 
INFO-FLOW: exec C:/Xilinx/Vivado/2019.2/win64/tools/clang/bin/clang -fno-limit-debug-info -gcc-toolchain C:/Xilinx/Vivado/2019.2/msys -hls -fno-exceptions -D__llvm__ -E Iris-recognition/gabor.cpp -fno-math-errno -c -emit-llvm -O0 -mllvm -disable-llvm-optzns -fno-threadsafe-statics -fno-use-cxa-atexit -fno-threadsafe-statics -fno-use-cxa-atexit -D__CLANG_3_1__ -D__cdecl= -DAESL_SYN -D__SYNTHESIS__ -D__HLS_SYN__ -I C:/Xilinx/Vivado/2019.2/common/technology/autopilot -I C:/Xilinx/Vivado/2019.2/common/technology/autopilot/ap_sysc -include etc/autopilot_ssdm_op.h -D__DSP48E1__ -o C:/Users/Dennis/VivadoHLS/Final/Iris-recognition/PYNQ_SOLUTION/.autopilot/db/gabor.pp.0.cpp
Command       clang done; 1.648 sec.
Execute       tidy_31 xilinx-xfmat-array-geometry C:/Users/Dennis/VivadoHLS/Final/Iris-recognition/PYNQ_SOLUTION/.autopilot/db/gabor.pp.0.cpp std=gnu++98 
INFO-FLOW: exec C:/Xilinx/Vivado/2019.2/win64/tools/clang-3.9-csynth/bin/tidy-3.1 -header-filter=.* -checks=-*,xilinx-xfmat-array-geometry -quiet -fix C:/Users/Dennis/VivadoHLS/Final/Iris-recognition/PYNQ_SOLUTION/.autopilot/db/gabor.pp.0.cpp -- -std=gnu++98 -fhls -ferror-limit=0
Command       tidy_31 done; 2.636 sec.
INFO-FLOW: Syntax Checking before pre-processing...
Execute       clang -syntaxcheck -src C:/Users/Dennis/VivadoHLS/Final/Iris-recognition/PYNQ_SOLUTION/.autopilot/db/gabor.pp.0.cpp  -fno-limit-debug-info -gcc-toolchain "C:/Xilinx/Vivado/2019.2/msys" -hls    -fno-math-errno -c -emit-llvm -O0  -mllvm -disable-llvm-optzns -fno-threadsafe-statics  -fno-use-cxa-atexit  -fno-threadsafe-statics -fno-use-cxa-atexit -D__CLANG_3_1__ -D__cdecl= -DAESL_SYN -D__SYNTHESIS__ -D__HLS_SYN__ -I "C:/Xilinx/Vivado/2019.2/common/technology/autopilot" -I "C:/Xilinx/Vivado/2019.2/common/technology/autopilot/ap_sysc" -include etc/autopilot_ssdm_op.h -D__DSP48E1__  "C:/Users/Dennis/VivadoHLS/Final/Iris-recognition/PYNQ_SOLUTION/.autopilot/db/gabor.pp.0.cpp"  -o "C:/Users/Dennis/VivadoHLS/Final/Iris-recognition/PYNQ_SOLUTION/.autopilot/db/useless.bc"  
INFO-FLOW: exec C:/Xilinx/Vivado/2019.2/win64/tools/clang/bin/clang -fno-limit-debug-info -gcc-toolchain C:/Xilinx/Vivado/2019.2/msys -hls -fno-math-errno -c -emit-llvm -O0 -mllvm -disable-llvm-optzns -fno-threadsafe-statics -fno-use-cxa-atexit -fno-threadsafe-statics -fno-use-cxa-atexit -D__CLANG_3_1__ -D__cdecl= -DAESL_SYN -D__SYNTHESIS__ -D__HLS_SYN__ -I C:/Xilinx/Vivado/2019.2/common/technology/autopilot -I C:/Xilinx/Vivado/2019.2/common/technology/autopilot/ap_sysc -include etc/autopilot_ssdm_op.h -D__DSP48E1__ C:/Users/Dennis/VivadoHLS/Final/Iris-recognition/PYNQ_SOLUTION/.autopilot/db/gabor.pp.0.cpp -o C:/Users/Dennis/VivadoHLS/Final/Iris-recognition/PYNQ_SOLUTION/.autopilot/db/useless.bc
ERROR: [HLS 200-70] Compilation errors found: In file included from Iris-recognition/gabor.cpp:1:
Iris-recognition/gabor.cpp:214:3: error: no matching function for call to 'cordic360_COS_SIN_fix'
  cordic360_COS_SIN_fix(angle, val_sin, val_cos, 5);
  ^~~~~~~~~~~~~~~~~~~~~
Iris-recognition/gabor.cpp:338:3: note: in instantiation of function template specialization 'generateGaborKernel_fix<16, 8, 16, 8>' requested here
  generateGaborKernel_fix<RESULT_W, RESULT_H, INTERN_W, INTERN_H>(
  ^
Iris-recognition/sine.hpp:151:6: note: candidate function not viable: no known conversion from 'ap_fixed<16, 8>' to 'float30 &' (aka 'ap_fixed<8, 1> &') for 2nd argument; 
void cordic360_COS_SIN_fix(float x, float30 &s, float30 &c,int nMax);
     ^
In file included from Iris-recognition/gabor.cpp:1:
In file included from Iris-recognition/gabor.cpp:1:
In file included from Iris-recognition/gabor.hpp:3:
In file included from Iris-recognition/definitions.hpp:1:
In file included from C:/Xilinx/Vivado/2019.2/common/technology/autopilot\hls_video.h:48:
In file included from C:/Xilinx/Vivado/2019.2/common/technology/autopilot/hls/hls_axi_io.h:39:
In file included from C:/Xilinx/Vivado/2019.2/common/technology/autopilot\ap_axi_sdata.h:86:
In file included from C:/Xilinx/Vivado/2019.2/common/technology/autopilot/ap_int.h:367:
In file included from C:/Xilinx/Vivado/2019.2/common/technology/autopilot\ap_fixed.h:55:
C:/Xilinx/Vivado/2019.2/common/technology/autopilot\ap_fixed_base.h:838:13: warning: shift count is negative [-Wshift-count-negative]
      ret.V <<= (_AP_I - _AP_W);
            ^   ~~~~~~~~~~~~~~~
C:/Xilinx/Vivado/2019.2/common/technology/autopilot\ap_fixed_base.h:869:69: note: in instantiation of member function 'ap_fixed_base<41, 33, true, 5, 3, 0>::to_ap_int_base' requested here
  inline __attribute__((always_inline)) int to_int() const { return to_ap_int_base().to_int(); }
                                                                    ^
C:/Xilinx/Vivado/2019.2/common/technology/autopilot\ap_fixed_base.h:1042:71: note: in instantiation of member function 'ap_fixed_base<41, 33, true, 5, 3, 0>::to_int' requested here
  inline __attribute__((always_inline)) operator int() const { return to_int(); }
                                                                      ^
Iris-recognition/gabor.cpp:209:13: note: in instantiation of member function 'ap_fixed_base<41, 33, true, 5, 3, 0>::operator int' requested here
  int phi = i - ((ap_fixed<INTERN_W,INTERN_H>) kern_size / (ap_fixed<INTERN_W,INTERN_H>)2.0);
            ^
Iris-recognition/gabor.cpp:338:3: note: in instantiation of function template specialization 'generateGaborKernel_fix<16, 8, 16, 8>' requested here
  generateGaborKernel_fix<RESULT_W, RESULT_H, INTERN_W, INTERN_H>(
  ^
1 warning and 1 error generated.
Command       clang done; error code: 2; 4.917 sec.
Command     elaborate done; error code: 2; 117.384 sec.
Command   csynth_design done; error code: 2; 117.398 sec.
Command ap_source done; error code: 1; 119.648 sec.
Execute cleanup_all 
