

================================================================
== Vivado HLS Report for 'cordic360_Sin_fixed'
================================================================
* Date:           Thu Oct  1 13:57:15 2020

* Version:        2019.2 (Build 2704478 on Wed Nov 06 22:10:23 MST 2019)
* Project:        Iris-recognition
* Solution:       PYNQ_SOLUTION
* Product family: zynq
* Target device:  xc7z020-clg400-1


================================================================
== Performance Estimates
================================================================
+ Timing: 
    * Summary: 
    +--------+----------+----------+------------+
    |  Clock |  Target  | Estimated| Uncertainty|
    +--------+----------+----------+------------+
    |ap_clk  | 10.00 ns | 8.670 ns |   1.25 ns  |
    +--------+----------+----------+------------+

+ Latency: 
    * Summary: 
    +---------+---------+----------+----------+-----+-----+---------+
    |  Latency (cycles) |  Latency (absolute) |  Interval | Pipeline|
    |   min   |   max   |    min   |    max   | min | max |   Type  |
    +---------+---------+----------+----------+-----+-----+---------+
    |       32|       38| 0.320 us | 0.380 us |   32|   38|   none  |
    +---------+---------+----------+----------+-----+-----+---------+

    + Detail: 
        * Instance: 
        N/A

        * Loop: 
        N/A

============================================================
+ Verbose Summary: Synthesis Manager
============================================================
InlineROM: 1
ExposeGlobal: 0
============================================================
+ Verbose Summary: CDFG Model
============================================================
IsTopModel: 0
ResetActiveHigh: 1
IsCombinational: 0
IsDatapathOnly: 0
HasWiredReturn: 1
HasMFsm: 0
HasVarLatency: 1
IsPipeline: 0
IsRtlPipelined: 0
IsInstanceOverlapped: 0
IsDontTouch: 0
HasImplIP: 0
IsGatedGlobalClock: 0


============================================================
+ Verbose Summary: Schedule
============================================================
* Number of FSM states : 40
* Pipeline : 0
* Dataflow Pipeline: 0

* FSM state transitions: 
1 --> 2 
2 --> 3 
3 --> 4 
4 --> 5 33 
5 --> 6 25 
6 --> 7 17 
7 --> 8 9 
8 --> 16 
9 --> 10 
10 --> 11 
11 --> 12 
12 --> 13 
13 --> 14 
14 --> 15 
15 --> 16 
16 --> 
17 --> 18 
18 --> 19 
19 --> 20 
20 --> 21 
21 --> 22 
22 --> 23 
23 --> 24 
24 --> 16 
25 --> 26 
26 --> 27 
27 --> 28 
28 --> 29 
29 --> 30 
30 --> 31 
31 --> 32 
32 --> 16 
33 --> 34 
34 --> 35 
35 --> 36 
36 --> 37 
37 --> 38 
38 --> 39 
39 --> 40 
40 --> 16 

* FSM state operations: 

State 1 <SV = 0> <Delay = 4.43>
ST_1 : Operation 41 [1/1] (0.00ns)   --->   "%x_read = call float @_ssdm_op_Read.ap_auto.float(float %x)" [Iris-recognition/sine.cpp:146]   --->   Operation 41 'read' 'x_read' <Predicate = true> <Delay = 0.00>
ST_1 : Operation 42 [2/2] (4.43ns)   --->   "%tmp = fpext float %x_read to double" [Iris-recognition/sine.cpp:148]   --->   Operation 42 'fpext' 'tmp' <Predicate = true> <Delay = 4.43> <Core = "Float2Double">   --->   Core 114 'Float2Double' <Latency = 1> <II = 1> <Delay = 4.43> <FuncUnit> <Opcode : 'fpext'> <InPorts = 1> <OutPorts = 1>

State 2 <SV = 1> <Delay = 4.43>
ST_2 : Operation 43 [1/2] (4.43ns)   --->   "%tmp = fpext float %x_read to double" [Iris-recognition/sine.cpp:148]   --->   Operation 43 'fpext' 'tmp' <Predicate = true> <Delay = 4.43> <Core = "Float2Double">   --->   Core 114 'Float2Double' <Latency = 1> <II = 1> <Delay = 4.43> <FuncUnit> <Opcode : 'fpext'> <InPorts = 1> <OutPorts = 1>

State 3 <SV = 2> <Delay = 5.46>
ST_3 : Operation 44 [2/2] (5.46ns)   --->   "%tmp_9 = fcmp oge double %tmp, 0x4012D97C7F3321D2" [Iris-recognition/sine.cpp:148]   --->   Operation 44 'dcmp' 'tmp_9' <Predicate = true> <Delay = 5.46> <Core = "DCmp">   --->   Core 120 'DCmp' <Latency = 1> <II = 1> <Delay = 5.46> <FuncUnit> <Opcode : 'dcmp'> <InPorts = 2> <OutPorts = 1>

State 4 <SV = 3> <Delay = 8.23>
ST_4 : Operation 45 [1/1] (0.00ns)   --->   "%bitcast_ln148 = bitcast double %tmp to i64" [Iris-recognition/sine.cpp:148]   --->   Operation 45 'bitcast' 'bitcast_ln148' <Predicate = true> <Delay = 0.00>
ST_4 : Operation 46 [1/1] (0.00ns)   --->   "%tmp_6 = call i11 @_ssdm_op_PartSelect.i11.i64.i32.i32(i64 %bitcast_ln148, i32 52, i32 62)" [Iris-recognition/sine.cpp:148]   --->   Operation 46 'partselect' 'tmp_6' <Predicate = true> <Delay = 0.00>
ST_4 : Operation 47 [1/1] (0.00ns)   --->   "%trunc_ln148 = trunc i64 %bitcast_ln148 to i52" [Iris-recognition/sine.cpp:148]   --->   Operation 47 'trunc' 'trunc_ln148' <Predicate = true> <Delay = 0.00>
ST_4 : Operation 48 [1/1] (1.88ns)   --->   "%icmp_ln148 = icmp ne i11 %tmp_6, -1" [Iris-recognition/sine.cpp:148]   --->   Operation 48 'icmp' 'icmp_ln148' <Predicate = true> <Delay = 1.88> <Core = "Cmp">   --->   Core 25 'Cmp' <Latency = 0> <II = 1> <Delay = 2.89> <FuncUnit> <Opcode : 'icmp'> <InPorts = 2> <OutPorts = 1>
ST_4 : Operation 49 [1/1] (2.89ns)   --->   "%icmp_ln148_1 = icmp eq i52 %trunc_ln148, 0" [Iris-recognition/sine.cpp:148]   --->   Operation 49 'icmp' 'icmp_ln148_1' <Predicate = true> <Delay = 2.89> <Core = "Cmp">   --->   Core 25 'Cmp' <Latency = 0> <II = 1> <Delay = 2.89> <FuncUnit> <Opcode : 'icmp'> <InPorts = 2> <OutPorts = 1>
ST_4 : Operation 50 [1/1] (0.97ns)   --->   "%or_ln148 = or i1 %icmp_ln148_1, %icmp_ln148" [Iris-recognition/sine.cpp:148]   --->   Operation 50 'or' 'or_ln148' <Predicate = true> <Delay = 0.97> <Core = "LogicGate">   --->   Core 27 'LogicGate' <Latency = 0> <II = 1> <Delay = 0.97> <FuncUnit> <Opcode : 'and' 'or' 'xor'> <InPorts = 2> <OutPorts = 1>
ST_4 : Operation 51 [1/2] (5.46ns)   --->   "%tmp_9 = fcmp oge double %tmp, 0x4012D97C7F3321D2" [Iris-recognition/sine.cpp:148]   --->   Operation 51 'dcmp' 'tmp_9' <Predicate = true> <Delay = 5.46> <Core = "DCmp">   --->   Core 120 'DCmp' <Latency = 1> <II = 1> <Delay = 5.46> <FuncUnit> <Opcode : 'dcmp'> <InPorts = 2> <OutPorts = 1>
ST_4 : Operation 52 [1/1] (0.97ns)   --->   "%and_ln148 = and i1 %or_ln148, %tmp_9" [Iris-recognition/sine.cpp:148]   --->   Operation 52 'and' 'and_ln148' <Predicate = true> <Delay = 0.97> <Core = "LogicGate">   --->   Core 27 'LogicGate' <Latency = 0> <II = 1> <Delay = 0.97> <FuncUnit> <Opcode : 'and' 'or' 'xor'> <InPorts = 2> <OutPorts = 1>
ST_4 : Operation 53 [1/1] (0.00ns)   --->   "br i1 %and_ln148, label %1, label %2" [Iris-recognition/sine.cpp:148]   --->   Operation 53 'br' <Predicate = true> <Delay = 0.00>
ST_4 : Operation 54 [2/2] (5.46ns)   --->   "%tmp_10 = fcmp ogt double %tmp, 0x400921FB54442D11" [Iris-recognition/sine.cpp:151]   --->   Operation 54 'dcmp' 'tmp_10' <Predicate = (!and_ln148)> <Delay = 5.46> <Core = "DCmp">   --->   Core 120 'DCmp' <Latency = 1> <II = 1> <Delay = 5.46> <FuncUnit> <Opcode : 'dcmp'> <InPorts = 2> <OutPorts = 1>
ST_4 : Operation 55 [5/5] (8.23ns)   --->   "%tmp_2 = fadd double %tmp, 0xC01921FB54442D18" [Iris-recognition/sine.cpp:149]   --->   Operation 55 'dadd' 'tmp_2' <Predicate = (and_ln148)> <Delay = 8.23> <Core = "DAddSub">   --->   Core 115 'DAddSub' <Latency = 4> <II = 1> <Delay = 8.23> <FuncUnit> <Opcode : 'dadd' 'dsub'> <InPorts = 2> <OutPorts = 1>

State 5 <SV = 4> <Delay = 8.23>
ST_5 : Operation 56 [1/2] (5.46ns)   --->   "%tmp_10 = fcmp ogt double %tmp, 0x400921FB54442D11" [Iris-recognition/sine.cpp:151]   --->   Operation 56 'dcmp' 'tmp_10' <Predicate = true> <Delay = 5.46> <Core = "DCmp">   --->   Core 120 'DCmp' <Latency = 1> <II = 1> <Delay = 5.46> <FuncUnit> <Opcode : 'dcmp'> <InPorts = 2> <OutPorts = 1>
ST_5 : Operation 57 [1/1] (0.97ns)   --->   "%and_ln151 = and i1 %or_ln148, %tmp_10" [Iris-recognition/sine.cpp:151]   --->   Operation 57 'and' 'and_ln151' <Predicate = true> <Delay = 0.97> <Core = "LogicGate">   --->   Core 27 'LogicGate' <Latency = 0> <II = 1> <Delay = 0.97> <FuncUnit> <Opcode : 'and' 'or' 'xor'> <InPorts = 2> <OutPorts = 1>
ST_5 : Operation 58 [1/1] (0.00ns)   --->   "br i1 %and_ln151, label %_ZNK13ap_fixed_baseILi8ELi2ELb1EL9ap_q_mode5EL9ap_o_mode3ELi0EEngEv.exit, label %3" [Iris-recognition/sine.cpp:151]   --->   Operation 58 'br' <Predicate = true> <Delay = 0.00>
ST_5 : Operation 59 [2/2] (5.46ns)   --->   "%tmp_11 = fcmp ogt double %tmp, 0x3FF921FB54524550" [Iris-recognition/sine.cpp:154]   --->   Operation 59 'dcmp' 'tmp_11' <Predicate = (!and_ln151)> <Delay = 5.46> <Core = "DCmp">   --->   Core 120 'DCmp' <Latency = 1> <II = 1> <Delay = 5.46> <FuncUnit> <Opcode : 'dcmp'> <InPorts = 2> <OutPorts = 1>
ST_5 : Operation 60 [5/5] (8.23ns)   --->   "%tmp_4 = fadd double %tmp, 0xC00921FB54442D11" [Iris-recognition/sine.cpp:152]   --->   Operation 60 'dadd' 'tmp_4' <Predicate = (and_ln151)> <Delay = 8.23> <Core = "DAddSub">   --->   Core 115 'DAddSub' <Latency = 4> <II = 1> <Delay = 8.23> <FuncUnit> <Opcode : 'dadd' 'dsub'> <InPorts = 2> <OutPorts = 1>

State 6 <SV = 5> <Delay = 8.23>
ST_6 : Operation 61 [1/2] (5.46ns)   --->   "%tmp_11 = fcmp ogt double %tmp, 0x3FF921FB54524550" [Iris-recognition/sine.cpp:154]   --->   Operation 61 'dcmp' 'tmp_11' <Predicate = true> <Delay = 5.46> <Core = "DCmp">   --->   Core 120 'DCmp' <Latency = 1> <II = 1> <Delay = 5.46> <FuncUnit> <Opcode : 'dcmp'> <InPorts = 2> <OutPorts = 1>
ST_6 : Operation 62 [1/1] (0.97ns)   --->   "%and_ln154 = and i1 %or_ln148, %tmp_11" [Iris-recognition/sine.cpp:154]   --->   Operation 62 'and' 'and_ln154' <Predicate = true> <Delay = 0.97> <Core = "LogicGate">   --->   Core 27 'LogicGate' <Latency = 0> <II = 1> <Delay = 0.97> <FuncUnit> <Opcode : 'and' 'or' 'xor'> <InPorts = 2> <OutPorts = 1>
ST_6 : Operation 63 [1/1] (0.00ns)   --->   "br i1 %and_ln154, label %_ZNK13ap_fixed_baseILi8ELi2ELb1EL9ap_q_mode5EL9ap_o_mode3ELi0EEngEv.exit35, label %4" [Iris-recognition/sine.cpp:154]   --->   Operation 63 'br' <Predicate = true> <Delay = 0.00>
ST_6 : Operation 64 [2/2] (5.46ns)   --->   "%tmp_12 = fcmp ogt double %tmp, 0xC00921FB54442D11" [Iris-recognition/sine.cpp:157]   --->   Operation 64 'dcmp' 'tmp_12' <Predicate = (!and_ln154)> <Delay = 5.46> <Core = "DCmp">   --->   Core 120 'DCmp' <Latency = 1> <II = 1> <Delay = 5.46> <FuncUnit> <Opcode : 'dcmp'> <InPorts = 2> <OutPorts = 1>
ST_6 : Operation 65 [2/2] (5.46ns)   --->   "%tmp_13 = fcmp ole double %tmp, 0xBFF921FB54524550" [Iris-recognition/sine.cpp:157]   --->   Operation 65 'dcmp' 'tmp_13' <Predicate = (!and_ln154)> <Delay = 5.46> <Core = "DCmp">   --->   Core 120 'DCmp' <Latency = 1> <II = 1> <Delay = 5.46> <FuncUnit> <Opcode : 'dcmp'> <InPorts = 2> <OutPorts = 1>
ST_6 : Operation 66 [5/5] (8.23ns)   --->   "%tmp_7 = fadd double %tmp, 0xC00921FB54442D11" [Iris-recognition/sine.cpp:155]   --->   Operation 66 'dadd' 'tmp_7' <Predicate = (and_ln154)> <Delay = 8.23> <Core = "DAddSub">   --->   Core 115 'DAddSub' <Latency = 4> <II = 1> <Delay = 8.23> <FuncUnit> <Opcode : 'dadd' 'dsub'> <InPorts = 2> <OutPorts = 1>

State 7 <SV = 6> <Delay = 8.23>
ST_7 : Operation 67 [1/2] (5.46ns)   --->   "%tmp_12 = fcmp ogt double %tmp, 0xC00921FB54442D11" [Iris-recognition/sine.cpp:157]   --->   Operation 67 'dcmp' 'tmp_12' <Predicate = true> <Delay = 5.46> <Core = "DCmp">   --->   Core 120 'DCmp' <Latency = 1> <II = 1> <Delay = 5.46> <FuncUnit> <Opcode : 'dcmp'> <InPorts = 2> <OutPorts = 1>
ST_7 : Operation 68 [1/1] (0.00ns) (grouped into LUT with out node and_ln157_1)   --->   "%and_ln157 = and i1 %or_ln148, %tmp_12" [Iris-recognition/sine.cpp:157]   --->   Operation 68 'and' 'and_ln157' <Predicate = true> <Delay = 0.00> <Core = "LogicGate">   --->   Core 27 'LogicGate' <Latency = 0> <II = 1> <Delay = 0.97> <FuncUnit> <Opcode : 'and' 'or' 'xor'> <InPorts = 2> <OutPorts = 1>
ST_7 : Operation 69 [1/2] (5.46ns)   --->   "%tmp_13 = fcmp ole double %tmp, 0xBFF921FB54524550" [Iris-recognition/sine.cpp:157]   --->   Operation 69 'dcmp' 'tmp_13' <Predicate = true> <Delay = 5.46> <Core = "DCmp">   --->   Core 120 'DCmp' <Latency = 1> <II = 1> <Delay = 5.46> <FuncUnit> <Opcode : 'dcmp'> <InPorts = 2> <OutPorts = 1>
ST_7 : Operation 70 [1/1] (0.97ns) (out node of the LUT)   --->   "%and_ln157_1 = and i1 %and_ln157, %tmp_13" [Iris-recognition/sine.cpp:157]   --->   Operation 70 'and' 'and_ln157_1' <Predicate = true> <Delay = 0.97> <Core = "LogicGate">   --->   Core 27 'LogicGate' <Latency = 0> <II = 1> <Delay = 0.97> <FuncUnit> <Opcode : 'and' 'or' 'xor'> <InPorts = 2> <OutPorts = 1>
ST_7 : Operation 71 [1/1] (0.00ns)   --->   "br i1 %and_ln157_1, label %_ZNK13ap_fixed_baseILi8ELi2ELb1EL9ap_q_mode5EL9ap_o_mode3ELi0EEngEv.exit26, label %5" [Iris-recognition/sine.cpp:157]   --->   Operation 71 'br' <Predicate = true> <Delay = 0.00>
ST_7 : Operation 72 [2/2] (6.34ns)   --->   "%agg_result_ret3 = call fastcc i8 @cordicSin_fix(float %x_read)" [Iris-recognition/sine.cpp:160]   --->   Operation 72 'call' 'agg_result_ret3' <Predicate = (!and_ln157_1)> <Delay = 6.34> <CoreType = "Generic">   --->   Core 0 '' <Latency = 0> <II = 1> <Delay = 1.00> <Generic> <Opcode : >
ST_7 : Operation 73 [5/5] (8.23ns)   --->   "%tmp_s = fadd double %tmp, 0x400921FB54442D11" [Iris-recognition/sine.cpp:158]   --->   Operation 73 'dadd' 'tmp_s' <Predicate = (and_ln157_1)> <Delay = 8.23> <Core = "DAddSub">   --->   Core 115 'DAddSub' <Latency = 4> <II = 1> <Delay = 8.23> <FuncUnit> <Opcode : 'dadd' 'dsub'> <InPorts = 2> <OutPorts = 1>

State 8 <SV = 7> <Delay = 1.90>
ST_8 : Operation 74 [1/2] (0.00ns)   --->   "%agg_result_ret3 = call fastcc i8 @cordicSin_fix(float %x_read)" [Iris-recognition/sine.cpp:160]   --->   Operation 74 'call' 'agg_result_ret3' <Predicate = true> <Delay = 0.00> <CoreType = "Generic">   --->   Core 0 '' <Latency = 0> <II = 1> <Delay = 1.00> <Generic> <Opcode : >
ST_8 : Operation 75 [1/1] (1.90ns)   --->   "br label %6" [Iris-recognition/sine.cpp:160]   --->   Operation 75 'br' <Predicate = true> <Delay = 1.90>

State 9 <SV = 7> <Delay = 8.23>
ST_9 : Operation 76 [4/5] (8.23ns)   --->   "%tmp_s = fadd double %tmp, 0x400921FB54442D11" [Iris-recognition/sine.cpp:158]   --->   Operation 76 'dadd' 'tmp_s' <Predicate = true> <Delay = 8.23> <Core = "DAddSub">   --->   Core 115 'DAddSub' <Latency = 4> <II = 1> <Delay = 8.23> <FuncUnit> <Opcode : 'dadd' 'dsub'> <InPorts = 2> <OutPorts = 1>

State 10 <SV = 8> <Delay = 8.23>
ST_10 : Operation 77 [3/5] (8.23ns)   --->   "%tmp_s = fadd double %tmp, 0x400921FB54442D11" [Iris-recognition/sine.cpp:158]   --->   Operation 77 'dadd' 'tmp_s' <Predicate = true> <Delay = 8.23> <Core = "DAddSub">   --->   Core 115 'DAddSub' <Latency = 4> <II = 1> <Delay = 8.23> <FuncUnit> <Opcode : 'dadd' 'dsub'> <InPorts = 2> <OutPorts = 1>

State 11 <SV = 9> <Delay = 8.23>
ST_11 : Operation 78 [2/5] (8.23ns)   --->   "%tmp_s = fadd double %tmp, 0x400921FB54442D11" [Iris-recognition/sine.cpp:158]   --->   Operation 78 'dadd' 'tmp_s' <Predicate = true> <Delay = 8.23> <Core = "DAddSub">   --->   Core 115 'DAddSub' <Latency = 4> <II = 1> <Delay = 8.23> <FuncUnit> <Opcode : 'dadd' 'dsub'> <InPorts = 2> <OutPorts = 1>

State 12 <SV = 10> <Delay = 8.23>
ST_12 : Operation 79 [1/5] (8.23ns)   --->   "%tmp_s = fadd double %tmp, 0x400921FB54442D11" [Iris-recognition/sine.cpp:158]   --->   Operation 79 'dadd' 'tmp_s' <Predicate = true> <Delay = 8.23> <Core = "DAddSub">   --->   Core 115 'DAddSub' <Latency = 4> <II = 1> <Delay = 8.23> <FuncUnit> <Opcode : 'dadd' 'dsub'> <InPorts = 2> <OutPorts = 1>

State 13 <SV = 11> <Delay = 5.20>
ST_13 : Operation 80 [2/2] (5.20ns)   --->   "%tmp_1 = fptrunc double %tmp_s to float" [Iris-recognition/sine.cpp:158]   --->   Operation 80 'fptrunc' 'tmp_1' <Predicate = true> <Delay = 5.20> <Core = "Double2Float">   --->   Core 123 'Double2Float' <Latency = 1> <II = 1> <Delay = 5.20> <FuncUnit> <Opcode : 'fptrunc'> <InPorts = 1> <OutPorts = 1>

State 14 <SV = 12> <Delay = 5.20>
ST_14 : Operation 81 [1/2] (5.20ns)   --->   "%tmp_1 = fptrunc double %tmp_s to float" [Iris-recognition/sine.cpp:158]   --->   Operation 81 'fptrunc' 'tmp_1' <Predicate = true> <Delay = 5.20> <Core = "Double2Float">   --->   Core 123 'Double2Float' <Latency = 1> <II = 1> <Delay = 5.20> <FuncUnit> <Opcode : 'fptrunc'> <InPorts = 1> <OutPorts = 1>

State 15 <SV = 13> <Delay = 6.34>
ST_15 : Operation 82 [2/2] (6.34ns)   --->   "%p_Val2_49 = call fastcc i8 @cordicSin_fix(float %tmp_1)" [Iris-recognition/sine.cpp:158]   --->   Operation 82 'call' 'p_Val2_49' <Predicate = true> <Delay = 6.34> <CoreType = "Generic">   --->   Core 0 '' <Latency = 0> <II = 1> <Delay = 1.00> <Generic> <Opcode : >

State 16 <SV = 14> <Delay = 3.82>
ST_16 : Operation 83 [1/2] (0.00ns)   --->   "%p_Val2_49 = call fastcc i8 @cordicSin_fix(float %tmp_1)" [Iris-recognition/sine.cpp:158]   --->   Operation 83 'call' 'p_Val2_49' <Predicate = (!and_ln148 & !and_ln151 & !and_ln154 & and_ln157_1)> <Delay = 0.00> <CoreType = "Generic">   --->   Core 0 '' <Latency = 0> <II = 1> <Delay = 1.00> <Generic> <Opcode : >
ST_16 : Operation 84 [1/1] (1.91ns)   --->   "%sub_ln703_2 = sub i8 0, %p_Val2_49" [Iris-recognition/sine.cpp:158]   --->   Operation 84 'sub' 'sub_ln703_2' <Predicate = (!and_ln148 & !and_ln151 & !and_ln154 & and_ln157_1)> <Delay = 1.91> <Core = "AddSub">   --->   Core 14 'AddSub' <Latency = 0> <II = 1> <Delay = 1.91> <FuncUnit> <Opcode : 'add' 'sub'> <InPorts = 2> <OutPorts = 1>
ST_16 : Operation 85 [1/1] (1.90ns)   --->   "br label %6" [Iris-recognition/sine.cpp:158]   --->   Operation 85 'br' <Predicate = (!and_ln148 & !and_ln151 & !and_ln154 & and_ln157_1)> <Delay = 1.90>
ST_16 : Operation 86 [1/1] (0.00ns)   --->   "%agg_result_0 = phi i8 [ %sub_ln703, %_ZNK13ap_fixed_baseILi8ELi2ELb1EL9ap_q_mode5EL9ap_o_mode3ELi0EEngEv.exit ], [ %sub_ln703_1, %_ZNK13ap_fixed_baseILi8ELi2ELb1EL9ap_q_mode5EL9ap_o_mode3ELi0EEngEv.exit35 ], [ %agg_result_ret3, %5 ], [ %sub_ln703_2, %_ZNK13ap_fixed_baseILi8ELi2ELb1EL9ap_q_mode5EL9ap_o_mode3ELi0EEngEv.exit26 ], [ %agg_result_ret, %1 ]" [Iris-recognition/sine.cpp:152]   --->   Operation 86 'phi' 'agg_result_0' <Predicate = true> <Delay = 0.00>
ST_16 : Operation 87 [1/1] (0.00ns)   --->   "ret i8 %agg_result_0" [Iris-recognition/sine.cpp:161]   --->   Operation 87 'ret' <Predicate = true> <Delay = 0.00>

State 17 <SV = 6> <Delay = 8.23>
ST_17 : Operation 88 [4/5] (8.23ns)   --->   "%tmp_7 = fadd double %tmp, 0xC00921FB54442D11" [Iris-recognition/sine.cpp:155]   --->   Operation 88 'dadd' 'tmp_7' <Predicate = true> <Delay = 8.23> <Core = "DAddSub">   --->   Core 115 'DAddSub' <Latency = 4> <II = 1> <Delay = 8.23> <FuncUnit> <Opcode : 'dadd' 'dsub'> <InPorts = 2> <OutPorts = 1>

State 18 <SV = 7> <Delay = 8.23>
ST_18 : Operation 89 [3/5] (8.23ns)   --->   "%tmp_7 = fadd double %tmp, 0xC00921FB54442D11" [Iris-recognition/sine.cpp:155]   --->   Operation 89 'dadd' 'tmp_7' <Predicate = true> <Delay = 8.23> <Core = "DAddSub">   --->   Core 115 'DAddSub' <Latency = 4> <II = 1> <Delay = 8.23> <FuncUnit> <Opcode : 'dadd' 'dsub'> <InPorts = 2> <OutPorts = 1>

State 19 <SV = 8> <Delay = 8.23>
ST_19 : Operation 90 [2/5] (8.23ns)   --->   "%tmp_7 = fadd double %tmp, 0xC00921FB54442D11" [Iris-recognition/sine.cpp:155]   --->   Operation 90 'dadd' 'tmp_7' <Predicate = true> <Delay = 8.23> <Core = "DAddSub">   --->   Core 115 'DAddSub' <Latency = 4> <II = 1> <Delay = 8.23> <FuncUnit> <Opcode : 'dadd' 'dsub'> <InPorts = 2> <OutPorts = 1>

State 20 <SV = 9> <Delay = 8.23>
ST_20 : Operation 91 [1/5] (8.23ns)   --->   "%tmp_7 = fadd double %tmp, 0xC00921FB54442D11" [Iris-recognition/sine.cpp:155]   --->   Operation 91 'dadd' 'tmp_7' <Predicate = true> <Delay = 8.23> <Core = "DAddSub">   --->   Core 115 'DAddSub' <Latency = 4> <II = 1> <Delay = 8.23> <FuncUnit> <Opcode : 'dadd' 'dsub'> <InPorts = 2> <OutPorts = 1>

State 21 <SV = 10> <Delay = 5.20>
ST_21 : Operation 92 [2/2] (5.20ns)   --->   "%tmp_8 = fptrunc double %tmp_7 to float" [Iris-recognition/sine.cpp:155]   --->   Operation 92 'fptrunc' 'tmp_8' <Predicate = true> <Delay = 5.20> <Core = "Double2Float">   --->   Core 123 'Double2Float' <Latency = 1> <II = 1> <Delay = 5.20> <FuncUnit> <Opcode : 'fptrunc'> <InPorts = 1> <OutPorts = 1>

State 22 <SV = 11> <Delay = 5.20>
ST_22 : Operation 93 [1/2] (5.20ns)   --->   "%tmp_8 = fptrunc double %tmp_7 to float" [Iris-recognition/sine.cpp:155]   --->   Operation 93 'fptrunc' 'tmp_8' <Predicate = true> <Delay = 5.20> <Core = "Double2Float">   --->   Core 123 'Double2Float' <Latency = 1> <II = 1> <Delay = 5.20> <FuncUnit> <Opcode : 'fptrunc'> <InPorts = 1> <OutPorts = 1>

State 23 <SV = 12> <Delay = 6.34>
ST_23 : Operation 94 [2/2] (6.34ns)   --->   "%p_Val2_48 = call fastcc i8 @cordicSin_fix(float %tmp_8)" [Iris-recognition/sine.cpp:155]   --->   Operation 94 'call' 'p_Val2_48' <Predicate = true> <Delay = 6.34> <CoreType = "Generic">   --->   Core 0 '' <Latency = 0> <II = 1> <Delay = 1.00> <Generic> <Opcode : >

State 24 <SV = 13> <Delay = 1.91>
ST_24 : Operation 95 [1/2] (0.00ns)   --->   "%p_Val2_48 = call fastcc i8 @cordicSin_fix(float %tmp_8)" [Iris-recognition/sine.cpp:155]   --->   Operation 95 'call' 'p_Val2_48' <Predicate = true> <Delay = 0.00> <CoreType = "Generic">   --->   Core 0 '' <Latency = 0> <II = 1> <Delay = 1.00> <Generic> <Opcode : >
ST_24 : Operation 96 [1/1] (1.91ns)   --->   "%sub_ln703_1 = sub i8 0, %p_Val2_48" [Iris-recognition/sine.cpp:155]   --->   Operation 96 'sub' 'sub_ln703_1' <Predicate = true> <Delay = 1.91> <Core = "AddSub">   --->   Core 14 'AddSub' <Latency = 0> <II = 1> <Delay = 1.91> <FuncUnit> <Opcode : 'add' 'sub'> <InPorts = 2> <OutPorts = 1>
ST_24 : Operation 97 [1/1] (1.90ns)   --->   "br label %6" [Iris-recognition/sine.cpp:155]   --->   Operation 97 'br' <Predicate = true> <Delay = 1.90>

State 25 <SV = 5> <Delay = 8.23>
ST_25 : Operation 98 [4/5] (8.23ns)   --->   "%tmp_4 = fadd double %tmp, 0xC00921FB54442D11" [Iris-recognition/sine.cpp:152]   --->   Operation 98 'dadd' 'tmp_4' <Predicate = true> <Delay = 8.23> <Core = "DAddSub">   --->   Core 115 'DAddSub' <Latency = 4> <II = 1> <Delay = 8.23> <FuncUnit> <Opcode : 'dadd' 'dsub'> <InPorts = 2> <OutPorts = 1>

State 26 <SV = 6> <Delay = 8.23>
ST_26 : Operation 99 [3/5] (8.23ns)   --->   "%tmp_4 = fadd double %tmp, 0xC00921FB54442D11" [Iris-recognition/sine.cpp:152]   --->   Operation 99 'dadd' 'tmp_4' <Predicate = true> <Delay = 8.23> <Core = "DAddSub">   --->   Core 115 'DAddSub' <Latency = 4> <II = 1> <Delay = 8.23> <FuncUnit> <Opcode : 'dadd' 'dsub'> <InPorts = 2> <OutPorts = 1>

State 27 <SV = 7> <Delay = 8.23>
ST_27 : Operation 100 [2/5] (8.23ns)   --->   "%tmp_4 = fadd double %tmp, 0xC00921FB54442D11" [Iris-recognition/sine.cpp:152]   --->   Operation 100 'dadd' 'tmp_4' <Predicate = true> <Delay = 8.23> <Core = "DAddSub">   --->   Core 115 'DAddSub' <Latency = 4> <II = 1> <Delay = 8.23> <FuncUnit> <Opcode : 'dadd' 'dsub'> <InPorts = 2> <OutPorts = 1>

State 28 <SV = 8> <Delay = 8.23>
ST_28 : Operation 101 [1/5] (8.23ns)   --->   "%tmp_4 = fadd double %tmp, 0xC00921FB54442D11" [Iris-recognition/sine.cpp:152]   --->   Operation 101 'dadd' 'tmp_4' <Predicate = true> <Delay = 8.23> <Core = "DAddSub">   --->   Core 115 'DAddSub' <Latency = 4> <II = 1> <Delay = 8.23> <FuncUnit> <Opcode : 'dadd' 'dsub'> <InPorts = 2> <OutPorts = 1>

State 29 <SV = 9> <Delay = 5.20>
ST_29 : Operation 102 [2/2] (5.20ns)   --->   "%tmp_5 = fptrunc double %tmp_4 to float" [Iris-recognition/sine.cpp:152]   --->   Operation 102 'fptrunc' 'tmp_5' <Predicate = true> <Delay = 5.20> <Core = "Double2Float">   --->   Core 123 'Double2Float' <Latency = 1> <II = 1> <Delay = 5.20> <FuncUnit> <Opcode : 'fptrunc'> <InPorts = 1> <OutPorts = 1>

State 30 <SV = 10> <Delay = 5.20>
ST_30 : Operation 103 [1/2] (5.20ns)   --->   "%tmp_5 = fptrunc double %tmp_4 to float" [Iris-recognition/sine.cpp:152]   --->   Operation 103 'fptrunc' 'tmp_5' <Predicate = true> <Delay = 5.20> <Core = "Double2Float">   --->   Core 123 'Double2Float' <Latency = 1> <II = 1> <Delay = 5.20> <FuncUnit> <Opcode : 'fptrunc'> <InPorts = 1> <OutPorts = 1>

State 31 <SV = 11> <Delay = 6.34>
ST_31 : Operation 104 [2/2] (6.34ns)   --->   "%p_Val2_s = call fastcc i8 @cordicSin_fix(float %tmp_5)" [Iris-recognition/sine.cpp:152]   --->   Operation 104 'call' 'p_Val2_s' <Predicate = true> <Delay = 6.34> <CoreType = "Generic">   --->   Core 0 '' <Latency = 0> <II = 1> <Delay = 1.00> <Generic> <Opcode : >

State 32 <SV = 12> <Delay = 1.91>
ST_32 : Operation 105 [1/2] (0.00ns)   --->   "%p_Val2_s = call fastcc i8 @cordicSin_fix(float %tmp_5)" [Iris-recognition/sine.cpp:152]   --->   Operation 105 'call' 'p_Val2_s' <Predicate = true> <Delay = 0.00> <CoreType = "Generic">   --->   Core 0 '' <Latency = 0> <II = 1> <Delay = 1.00> <Generic> <Opcode : >
ST_32 : Operation 106 [1/1] (1.91ns)   --->   "%sub_ln703 = sub i8 0, %p_Val2_s" [Iris-recognition/sine.cpp:152]   --->   Operation 106 'sub' 'sub_ln703' <Predicate = true> <Delay = 1.91> <Core = "AddSub">   --->   Core 14 'AddSub' <Latency = 0> <II = 1> <Delay = 1.91> <FuncUnit> <Opcode : 'add' 'sub'> <InPorts = 2> <OutPorts = 1>
ST_32 : Operation 107 [1/1] (1.90ns)   --->   "br label %6" [Iris-recognition/sine.cpp:152]   --->   Operation 107 'br' <Predicate = true> <Delay = 1.90>

State 33 <SV = 4> <Delay = 8.23>
ST_33 : Operation 108 [4/5] (8.23ns)   --->   "%tmp_2 = fadd double %tmp, 0xC01921FB54442D18" [Iris-recognition/sine.cpp:149]   --->   Operation 108 'dadd' 'tmp_2' <Predicate = true> <Delay = 8.23> <Core = "DAddSub">   --->   Core 115 'DAddSub' <Latency = 4> <II = 1> <Delay = 8.23> <FuncUnit> <Opcode : 'dadd' 'dsub'> <InPorts = 2> <OutPorts = 1>

State 34 <SV = 5> <Delay = 8.23>
ST_34 : Operation 109 [3/5] (8.23ns)   --->   "%tmp_2 = fadd double %tmp, 0xC01921FB54442D18" [Iris-recognition/sine.cpp:149]   --->   Operation 109 'dadd' 'tmp_2' <Predicate = true> <Delay = 8.23> <Core = "DAddSub">   --->   Core 115 'DAddSub' <Latency = 4> <II = 1> <Delay = 8.23> <FuncUnit> <Opcode : 'dadd' 'dsub'> <InPorts = 2> <OutPorts = 1>

State 35 <SV = 6> <Delay = 8.23>
ST_35 : Operation 110 [2/5] (8.23ns)   --->   "%tmp_2 = fadd double %tmp, 0xC01921FB54442D18" [Iris-recognition/sine.cpp:149]   --->   Operation 110 'dadd' 'tmp_2' <Predicate = true> <Delay = 8.23> <Core = "DAddSub">   --->   Core 115 'DAddSub' <Latency = 4> <II = 1> <Delay = 8.23> <FuncUnit> <Opcode : 'dadd' 'dsub'> <InPorts = 2> <OutPorts = 1>

State 36 <SV = 7> <Delay = 8.23>
ST_36 : Operation 111 [1/5] (8.23ns)   --->   "%tmp_2 = fadd double %tmp, 0xC01921FB54442D18" [Iris-recognition/sine.cpp:149]   --->   Operation 111 'dadd' 'tmp_2' <Predicate = true> <Delay = 8.23> <Core = "DAddSub">   --->   Core 115 'DAddSub' <Latency = 4> <II = 1> <Delay = 8.23> <FuncUnit> <Opcode : 'dadd' 'dsub'> <InPorts = 2> <OutPorts = 1>

State 37 <SV = 8> <Delay = 5.20>
ST_37 : Operation 112 [2/2] (5.20ns)   --->   "%tmp_3 = fptrunc double %tmp_2 to float" [Iris-recognition/sine.cpp:149]   --->   Operation 112 'fptrunc' 'tmp_3' <Predicate = true> <Delay = 5.20> <Core = "Double2Float">   --->   Core 123 'Double2Float' <Latency = 1> <II = 1> <Delay = 5.20> <FuncUnit> <Opcode : 'fptrunc'> <InPorts = 1> <OutPorts = 1>

State 38 <SV = 9> <Delay = 5.20>
ST_38 : Operation 113 [1/2] (5.20ns)   --->   "%tmp_3 = fptrunc double %tmp_2 to float" [Iris-recognition/sine.cpp:149]   --->   Operation 113 'fptrunc' 'tmp_3' <Predicate = true> <Delay = 5.20> <Core = "Double2Float">   --->   Core 123 'Double2Float' <Latency = 1> <II = 1> <Delay = 5.20> <FuncUnit> <Opcode : 'fptrunc'> <InPorts = 1> <OutPorts = 1>

State 39 <SV = 10> <Delay = 6.34>
ST_39 : Operation 114 [2/2] (6.34ns)   --->   "%agg_result_ret = call fastcc i8 @cordicSin_fix(float %tmp_3)" [Iris-recognition/sine.cpp:149]   --->   Operation 114 'call' 'agg_result_ret' <Predicate = true> <Delay = 6.34> <CoreType = "Generic">   --->   Core 0 '' <Latency = 0> <II = 1> <Delay = 1.00> <Generic> <Opcode : >

State 40 <SV = 11> <Delay = 1.90>
ST_40 : Operation 115 [1/2] (0.00ns)   --->   "%agg_result_ret = call fastcc i8 @cordicSin_fix(float %tmp_3)" [Iris-recognition/sine.cpp:149]   --->   Operation 115 'call' 'agg_result_ret' <Predicate = true> <Delay = 0.00> <CoreType = "Generic">   --->   Core 0 '' <Latency = 0> <II = 1> <Delay = 1.00> <Generic> <Opcode : >
ST_40 : Operation 116 [1/1] (1.90ns)   --->   "br label %6" [Iris-recognition/sine.cpp:149]   --->   Operation 116 'br' <Predicate = true> <Delay = 1.90>


============================================================
+ Verbose Summary: Timing violations
============================================================
Target clock period: 10ns, clock uncertainty: 1.25ns.

 <State 1>: 4.44ns
The critical path consists of the following:
	wire read on port 'x' (Iris-recognition/sine.cpp:146) [4]  (0 ns)
	'fpext' operation ('tmp', Iris-recognition/sine.cpp:148) [5]  (4.44 ns)

 <State 2>: 4.44ns
The critical path consists of the following:
	'fpext' operation ('tmp', Iris-recognition/sine.cpp:148) [5]  (4.44 ns)

 <State 3>: 5.46ns
The critical path consists of the following:
	'dcmp' operation ('tmp_9', Iris-recognition/sine.cpp:148) [12]  (5.46 ns)

 <State 4>: 8.23ns
The critical path consists of the following:
	'dadd' operation ('tmp_2', Iris-recognition/sine.cpp:149) [51]  (8.23 ns)

 <State 5>: 8.23ns
The critical path consists of the following:
	'dadd' operation ('tmp_4', Iris-recognition/sine.cpp:152) [45]  (8.23 ns)

 <State 6>: 8.23ns
The critical path consists of the following:
	'dadd' operation ('tmp_7', Iris-recognition/sine.cpp:155) [39]  (8.23 ns)

 <State 7>: 8.23ns
The critical path consists of the following:
	'dadd' operation ('tmp_s', Iris-recognition/sine.cpp:158) [33]  (8.23 ns)

 <State 8>: 1.91ns
The critical path consists of the following:
	multiplexor before 'phi' operation ('agg_result_0', Iris-recognition/sine.cpp:152) with incoming values : ('agg_result_ret3', Iris-recognition/sine.cpp:160) ('sub_ln703_2', Iris-recognition/sine.cpp:158) ('sub_ln703_1', Iris-recognition/sine.cpp:155) ('sub_ln703', Iris-recognition/sine.cpp:152) ('agg_result_ret', Iris-recognition/sine.cpp:149) [56]  (1.91 ns)

 <State 9>: 8.23ns
The critical path consists of the following:
	'dadd' operation ('tmp_s', Iris-recognition/sine.cpp:158) [33]  (8.23 ns)

 <State 10>: 8.23ns
The critical path consists of the following:
	'dadd' operation ('tmp_s', Iris-recognition/sine.cpp:158) [33]  (8.23 ns)

 <State 11>: 8.23ns
The critical path consists of the following:
	'dadd' operation ('tmp_s', Iris-recognition/sine.cpp:158) [33]  (8.23 ns)

 <State 12>: 8.23ns
The critical path consists of the following:
	'dadd' operation ('tmp_s', Iris-recognition/sine.cpp:158) [33]  (8.23 ns)

 <State 13>: 5.2ns
The critical path consists of the following:
	'fptrunc' operation ('tmp_1', Iris-recognition/sine.cpp:158) [34]  (5.2 ns)

 <State 14>: 5.2ns
The critical path consists of the following:
	'fptrunc' operation ('tmp_1', Iris-recognition/sine.cpp:158) [34]  (5.2 ns)

 <State 15>: 6.34ns
The critical path consists of the following:
	'call' operation ('__Val2__', Iris-recognition/sine.cpp:158) to 'cordicSin_fix' [35]  (6.34 ns)

 <State 16>: 3.82ns
The critical path consists of the following:
	'call' operation ('__Val2__', Iris-recognition/sine.cpp:158) to 'cordicSin_fix' [35]  (0 ns)
	'sub' operation ('sub_ln703_2', Iris-recognition/sine.cpp:158) [36]  (1.92 ns)
	multiplexor before 'phi' operation ('agg_result_0', Iris-recognition/sine.cpp:152) with incoming values : ('agg_result_ret3', Iris-recognition/sine.cpp:160) ('sub_ln703_2', Iris-recognition/sine.cpp:158) ('sub_ln703_1', Iris-recognition/sine.cpp:155) ('sub_ln703', Iris-recognition/sine.cpp:152) ('agg_result_ret', Iris-recognition/sine.cpp:149) [56]  (1.91 ns)
	'phi' operation ('agg_result_0', Iris-recognition/sine.cpp:152) with incoming values : ('agg_result_ret3', Iris-recognition/sine.cpp:160) ('sub_ln703_2', Iris-recognition/sine.cpp:158) ('sub_ln703_1', Iris-recognition/sine.cpp:155) ('sub_ln703', Iris-recognition/sine.cpp:152) ('agg_result_ret', Iris-recognition/sine.cpp:149) [56]  (0 ns)

 <State 17>: 8.23ns
The critical path consists of the following:
	'dadd' operation ('tmp_7', Iris-recognition/sine.cpp:155) [39]  (8.23 ns)

 <State 18>: 8.23ns
The critical path consists of the following:
	'dadd' operation ('tmp_7', Iris-recognition/sine.cpp:155) [39]  (8.23 ns)

 <State 19>: 8.23ns
The critical path consists of the following:
	'dadd' operation ('tmp_7', Iris-recognition/sine.cpp:155) [39]  (8.23 ns)

 <State 20>: 8.23ns
The critical path consists of the following:
	'dadd' operation ('tmp_7', Iris-recognition/sine.cpp:155) [39]  (8.23 ns)

 <State 21>: 5.2ns
The critical path consists of the following:
	'fptrunc' operation ('tmp_8', Iris-recognition/sine.cpp:155) [40]  (5.2 ns)

 <State 22>: 5.2ns
The critical path consists of the following:
	'fptrunc' operation ('tmp_8', Iris-recognition/sine.cpp:155) [40]  (5.2 ns)

 <State 23>: 6.34ns
The critical path consists of the following:
	'call' operation ('__Val2__', Iris-recognition/sine.cpp:155) to 'cordicSin_fix' [41]  (6.34 ns)

 <State 24>: 1.92ns
The critical path consists of the following:
	'call' operation ('__Val2__', Iris-recognition/sine.cpp:155) to 'cordicSin_fix' [41]  (0 ns)
	'sub' operation ('sub_ln703_1', Iris-recognition/sine.cpp:155) [42]  (1.92 ns)

 <State 25>: 8.23ns
The critical path consists of the following:
	'dadd' operation ('tmp_4', Iris-recognition/sine.cpp:152) [45]  (8.23 ns)

 <State 26>: 8.23ns
The critical path consists of the following:
	'dadd' operation ('tmp_4', Iris-recognition/sine.cpp:152) [45]  (8.23 ns)

 <State 27>: 8.23ns
The critical path consists of the following:
	'dadd' operation ('tmp_4', Iris-recognition/sine.cpp:152) [45]  (8.23 ns)

 <State 28>: 8.23ns
The critical path consists of the following:
	'dadd' operation ('tmp_4', Iris-recognition/sine.cpp:152) [45]  (8.23 ns)

 <State 29>: 5.2ns
The critical path consists of the following:
	'fptrunc' operation ('tmp_5', Iris-recognition/sine.cpp:152) [46]  (5.2 ns)

 <State 30>: 5.2ns
The critical path consists of the following:
	'fptrunc' operation ('tmp_5', Iris-recognition/sine.cpp:152) [46]  (5.2 ns)

 <State 31>: 6.34ns
The critical path consists of the following:
	'call' operation ('__Val2__', Iris-recognition/sine.cpp:152) to 'cordicSin_fix' [47]  (6.34 ns)

 <State 32>: 1.92ns
The critical path consists of the following:
	'call' operation ('__Val2__', Iris-recognition/sine.cpp:152) to 'cordicSin_fix' [47]  (0 ns)
	'sub' operation ('sub_ln703', Iris-recognition/sine.cpp:152) [48]  (1.92 ns)

 <State 33>: 8.23ns
The critical path consists of the following:
	'dadd' operation ('tmp_2', Iris-recognition/sine.cpp:149) [51]  (8.23 ns)

 <State 34>: 8.23ns
The critical path consists of the following:
	'dadd' operation ('tmp_2', Iris-recognition/sine.cpp:149) [51]  (8.23 ns)

 <State 35>: 8.23ns
The critical path consists of the following:
	'dadd' operation ('tmp_2', Iris-recognition/sine.cpp:149) [51]  (8.23 ns)

 <State 36>: 8.23ns
The critical path consists of the following:
	'dadd' operation ('tmp_2', Iris-recognition/sine.cpp:149) [51]  (8.23 ns)

 <State 37>: 5.2ns
The critical path consists of the following:
	'fptrunc' operation ('tmp_3', Iris-recognition/sine.cpp:149) [52]  (5.2 ns)

 <State 38>: 5.2ns
The critical path consists of the following:
	'fptrunc' operation ('tmp_3', Iris-recognition/sine.cpp:149) [52]  (5.2 ns)

 <State 39>: 6.34ns
The critical path consists of the following:
	'call' operation ('agg_result_ret', Iris-recognition/sine.cpp:149) to 'cordicSin_fix' [53]  (6.34 ns)

 <State 40>: 1.91ns
The critical path consists of the following:
	multiplexor before 'phi' operation ('agg_result_0', Iris-recognition/sine.cpp:152) with incoming values : ('agg_result_ret3', Iris-recognition/sine.cpp:160) ('sub_ln703_2', Iris-recognition/sine.cpp:158) ('sub_ln703_1', Iris-recognition/sine.cpp:155) ('sub_ln703', Iris-recognition/sine.cpp:152) ('agg_result_ret', Iris-recognition/sine.cpp:149) [56]  (1.91 ns)


============================================================
+ Verbose Summary: Binding
============================================================
N/A
* FSMD analyzer results:
  - Output states:
 - Input state : 
  - Chain level:
	State 1
	State 2
	State 3
	State 4
	State 5
	State 6
	State 7
	State 8
	State 9
	State 10
	State 11
	State 12
	State 13
	State 14
	State 15
	State 16
	State 17
	State 18
	State 19
	State 20
	State 21
	State 22
	State 23
	State 24
	State 25
	State 26
	State 27
	State 28
	State 29
	State 30
	State 31
	State 32
	State 33
	State 34
	State 35
	State 36
	State 37
	State 38
	State 39
	State 40


============================================================
+ Verbose Summary: Datapath Resource usage 
============================================================
N/A
