

================================================================
== Vivado HLS Report for 'CvtColor'
================================================================
* Date:           Tue Oct  6 18:21:15 2020

* Version:        2019.2 (Build 2704478 on Wed Nov 06 22:10:23 MST 2019)
* Project:        Iris-recognition
* Solution:       PYNQ_SOLUTION
* Product family: zynq
* Target device:  xc7z020-clg400-1


================================================================
== Performance Estimates
================================================================
+ Timing: 
    * Summary: 
    +--------+----------+----------+------------+
    |  Clock |  Target  | Estimated| Uncertainty|
    +--------+----------+----------+------------+
    |ap_clk  | 10.00 ns | 9.400 ns |   1.25 ns  |
    +--------+----------+----------+------------+

+ Latency: 
    * Summary: 
    +---------+---------+-----------+----------+-----+-------+---------+
    |  Latency (cycles) |  Latency (absolute)  |   Interval  | Pipeline|
    |   min   |   max   |    min    |    max   | min |  max  |   Type  |
    +---------+---------+-----------+----------+-----+-------+---------+
    |        1|    91281| 10.000 ns | 0.913 ms |    1|  91281|   none  |
    +---------+---------+-----------+----------+-----+-------+---------+

    + Detail: 
        * Instance: 
        N/A

        * Loop: 
        +---------------+---------+---------+----------+-----------+-----------+---------+----------+
        |               |  Latency (cycles) | Iteration|  Initiation Interval  |   Trip  |          |
        |   Loop Name   |   min   |   max   |  Latency |  achieved |   target  |  Count  | Pipelined|
        +---------------+---------+---------+----------+-----------+-----------+---------+----------+
        |- loop_height  |        0|    91280|  3 ~ 326 |          -|          -| 0 ~ 280 |    no    |
        | + loop_width  |        0|      323|         5|          1|          1| 0 ~ 320 |    yes   |
        +---------------+---------+---------+----------+-----------+-----------+---------+----------+



================================================================
== Utilization Estimates
================================================================
* Summary: 
+-----------------+---------+-------+--------+-------+-----+
|       Name      | BRAM_18K| DSP48E|   FF   |  LUT  | URAM|
+-----------------+---------+-------+--------+-------+-----+
|DSP              |        -|      3|       -|      -|    -|
|Expression       |        -|      -|       0|     95|    -|
|FIFO             |        -|      -|       -|      -|    -|
|Instance         |        -|      -|       -|      -|    -|
|Memory           |        -|      -|       -|      -|    -|
|Multiplexer      |        -|      -|       -|    135|    -|
|Register         |        0|      -|     231|     32|    -|
+-----------------+---------+-------+--------+-------+-----+
|Total            |        0|      3|     231|    262|    0|
+-----------------+---------+-------+--------+-------+-----+
|Available        |      280|    220|  106400|  53200|    0|
+-----------------+---------+-------+--------+-------+-----+
|Utilization (%)  |        0|      1|   ~0   |   ~0  |    0|
+-----------------+---------+-------+--------+-------+-----+

+ Detail: 
    * Instance: 
    N/A

    * DSP48E: 
    +--------------------------+----------------------+--------------+
    |         Instance         |        Module        |  Expression  |
    +--------------------------+----------------------+--------------+
    |top_level2_mac_mucud_U18  |top_level2_mac_mucud  | i0 + i1 * i2 |
    |top_level2_mac_mudEe_U19  |top_level2_mac_mudEe  | i0 * i1 + i2 |
    |top_level2_mul_mubkb_U17  |top_level2_mul_mubkb  |    i0 * i1   |
    +--------------------------+----------------------+--------------+

    * Memory: 
    N/A

    * FIFO: 
    N/A

    * Expression: 
    +----------------------------------+----------+-------+---+----+------------+------------+
    |           Variable Name          | Operation| DSP48E| FF| LUT| Bitwidth P0| Bitwidth P1|
    +----------------------------------+----------+-------+---+----+------------+------------+
    |i_fu_226_p2                       |     +    |      0|  0|  15|           9|           1|
    |j_fu_241_p2                       |     +    |      0|  0|  15|           9|           1|
    |p_Val2_120_fu_278_p2              |     +    |      0|  0|  15|           8|           8|
    |ap_block_state7_pp0_stage0_iter4  |    and   |      0|  0|   2|           1|           1|
    |icmp_ln1967_fu_221_p2             |   icmp   |      0|  0|  13|          10|          10|
    |icmp_ln1968_fu_236_p2             |   icmp   |      0|  0|  13|          10|          10|
    |ap_block_pp0_stage0_01001         |    or    |      0|  0|   2|           1|           1|
    |ap_block_state1                   |    or    |      0|  0|   2|           1|           1|
    |ap_block_state4_pp0_stage0_iter1  |    or    |      0|  0|   2|           1|           1|
    |deleted_zeros_fu_304_p2           |    or    |      0|  0|   2|           1|           1|
    |p_dst_data_stream_V_din           |  select  |      0|  0|   8|           1|           8|
    |ap_enable_pp0                     |    xor   |      0|  0|   2|           1|           2|
    |ap_enable_reg_pp0_iter1           |    xor   |      0|  0|   2|           2|           1|
    |xor_ln777_fu_290_p2               |    xor   |      0|  0|   2|           1|           2|
    +----------------------------------+----------+-------+---+----+------------+------------+
    |Total                             |          |      0|  0|  95|          56|          48|
    +----------------------------------+----------+-------+---+----+------------+------------+

    * Multiplexer: 
    +-----------------------------+----+-----------+-----+-----------+
    |             Name            | LUT| Input Size| Bits| Total Bits|
    +-----------------------------+----+-----------+-----+-----------+
    |ap_NS_fsm                    |  27|          5|    1|          5|
    |ap_done                      |   9|          2|    1|          2|
    |ap_enable_reg_pp0_iter1      |   9|          2|    1|          2|
    |ap_enable_reg_pp0_iter4      |   9|          2|    1|          2|
    |i_0_i_reg_195                |   9|          2|    9|         18|
    |j_0_i_reg_206                |   9|          2|    9|         18|
    |p_dst_data_stream_V_blk_n    |   9|          2|    1|          2|
    |p_src_cols_V_blk_n           |   9|          2|    1|          2|
    |p_src_data_stream_0_V_blk_n  |   9|          2|    1|          2|
    |p_src_data_stream_1_V_blk_n  |   9|          2|    1|          2|
    |p_src_data_stream_2_V_blk_n  |   9|          2|    1|          2|
    |p_src_rows_V_blk_n           |   9|          2|    1|          2|
    |real_start                   |   9|          2|    1|          2|
    +-----------------------------+----+-----------+-----+-----------+
    |Total                        | 135|         29|   29|         61|
    +-----------------------------+----+-----------+-----+-----------+

    * Register: 
    +------------------------------+----+----+-----+-----------+
    |             Name             | FF | LUT| Bits| Const Bits|
    +------------------------------+----+----+-----+-----------+
    |ap_CS_fsm                     |   4|   0|    4|          0|
    |ap_done_reg                   |   1|   0|    1|          0|
    |ap_enable_reg_pp0_iter0       |   1|   0|    1|          0|
    |ap_enable_reg_pp0_iter1       |   1|   0|    1|          0|
    |ap_enable_reg_pp0_iter2       |   1|   0|    1|          0|
    |ap_enable_reg_pp0_iter3       |   1|   0|    1|          0|
    |ap_enable_reg_pp0_iter4       |   1|   0|    1|          0|
    |i_0_i_reg_195                 |   9|   0|    9|          0|
    |i_reg_357                     |   9|   0|    9|          0|
    |icmp_ln1968_reg_362           |   1|   0|    1|          0|
    |j_0_i_reg_206                 |   9|   0|    9|          0|
    |mul_ln703_reg_386             |  29|   0|   29|          0|
    |p_Val2_6_reg_396              |   8|   0|    8|          0|
    |p_src_cols_V_read_reg_343     |  10|   0|   10|          0|
    |p_src_rows_V_read_reg_348     |  10|   0|   10|          0|
    |ret_V_12_reg_391              |  30|   0|   30|          0|
    |start_once_reg                |   1|   0|    1|          0|
    |tmp_66_reg_371                |   8|   0|    8|          0|
    |tmp_67_reg_376                |   8|   0|    8|          0|
    |tmp_67_reg_376_pp0_iter2_reg  |   8|   0|    8|          0|
    |tmp_68_reg_381                |   8|   0|    8|          0|
    |tmp_68_reg_381_pp0_iter2_reg  |   8|   0|    8|          0|
    |tmp_reg_401                   |   1|   0|    1|          0|
    |icmp_ln1968_reg_362           |  64|  32|    1|          0|
    +------------------------------+----+----+-----+-----------+
    |Total                         | 231|  32|  168|          0|
    +------------------------------+----+----+-----+-----------+



================================================================
== Interface
================================================================
* Summary: 
+-------------------------------+-----+-----+------------+-----------------------+--------------+
|           RTL Ports           | Dir | Bits|  Protocol  |     Source Object     |    C Type    |
+-------------------------------+-----+-----+------------+-----------------------+--------------+
|ap_clk                         |  in |    1| ap_ctrl_hs |        CvtColor       | return value |
|ap_rst                         |  in |    1| ap_ctrl_hs |        CvtColor       | return value |
|ap_start                       |  in |    1| ap_ctrl_hs |        CvtColor       | return value |
|start_full_n                   |  in |    1| ap_ctrl_hs |        CvtColor       | return value |
|ap_done                        | out |    1| ap_ctrl_hs |        CvtColor       | return value |
|ap_continue                    |  in |    1| ap_ctrl_hs |        CvtColor       | return value |
|ap_idle                        | out |    1| ap_ctrl_hs |        CvtColor       | return value |
|ap_ready                       | out |    1| ap_ctrl_hs |        CvtColor       | return value |
|start_out                      | out |    1| ap_ctrl_hs |        CvtColor       | return value |
|start_write                    | out |    1| ap_ctrl_hs |        CvtColor       | return value |
|p_src_rows_V_dout              |  in |   10|   ap_fifo  |      p_src_rows_V     |    pointer   |
|p_src_rows_V_empty_n           |  in |    1|   ap_fifo  |      p_src_rows_V     |    pointer   |
|p_src_rows_V_read              | out |    1|   ap_fifo  |      p_src_rows_V     |    pointer   |
|p_src_cols_V_dout              |  in |   10|   ap_fifo  |      p_src_cols_V     |    pointer   |
|p_src_cols_V_empty_n           |  in |    1|   ap_fifo  |      p_src_cols_V     |    pointer   |
|p_src_cols_V_read              | out |    1|   ap_fifo  |      p_src_cols_V     |    pointer   |
|p_src_data_stream_0_V_dout     |  in |    8|   ap_fifo  | p_src_data_stream_0_V |    pointer   |
|p_src_data_stream_0_V_empty_n  |  in |    1|   ap_fifo  | p_src_data_stream_0_V |    pointer   |
|p_src_data_stream_0_V_read     | out |    1|   ap_fifo  | p_src_data_stream_0_V |    pointer   |
|p_src_data_stream_1_V_dout     |  in |    8|   ap_fifo  | p_src_data_stream_1_V |    pointer   |
|p_src_data_stream_1_V_empty_n  |  in |    1|   ap_fifo  | p_src_data_stream_1_V |    pointer   |
|p_src_data_stream_1_V_read     | out |    1|   ap_fifo  | p_src_data_stream_1_V |    pointer   |
|p_src_data_stream_2_V_dout     |  in |    8|   ap_fifo  | p_src_data_stream_2_V |    pointer   |
|p_src_data_stream_2_V_empty_n  |  in |    1|   ap_fifo  | p_src_data_stream_2_V |    pointer   |
|p_src_data_stream_2_V_read     | out |    1|   ap_fifo  | p_src_data_stream_2_V |    pointer   |
|p_dst_data_stream_V_din        | out |    8|   ap_fifo  |  p_dst_data_stream_V  |    pointer   |
|p_dst_data_stream_V_full_n     |  in |    1|   ap_fifo  |  p_dst_data_stream_V  |    pointer   |
|p_dst_data_stream_V_write      | out |    1|   ap_fifo  |  p_dst_data_stream_V  |    pointer   |
+-------------------------------+-----+-----+------------+-----------------------+--------------+

============================================================
+ Verbose Summary: Synthesis Manager
============================================================
InlineROM: 1
ExposeGlobal: 0
============================================================
+ Verbose Summary: CDFG Model
============================================================
IsTopModel: 0
ResetActiveHigh: 1
IsCombinational: 2
IsDatapathOnly: 0
HasWiredReturn: 1
HasMFsm: 0
HasVarLatency: 1
IsPipeline: 0
IsRtlPipelined: 0
IsInstanceOverlapped: 0
IsDontTouch: 0
HasImplIP: 0
IsGatedGlobalClock: 0

+ Individual pipeline summary: 
  * Pipeline-0: initiation interval (II) = 1, depth = 5


============================================================
+ Verbose Summary: Schedule
============================================================
* Number of FSM states : 8
* Pipeline : 1
  Pipeline-0 : II = 1, D = 5, States = { 3 4 5 6 7 }
* Dataflow Pipeline: 0

* FSM state transitions: 
1 --> 2 
2 --> 3 
3 --> 8 4 
4 --> 5 
5 --> 6 
6 --> 7 
7 --> 3 
8 --> 2 

* FSM state operations: 

State 1 <SV = 0> <Delay = 3.63>
ST_1 : Operation 9 [1/1] (0.00ns)   --->   "call void (...)* @_ssdm_op_SpecInterface(i8* %p_dst_data_stream_V, [8 x i8]* @ap_fifo_str, i32 0, i32 0, [1 x i8]* @p_str212, i32 0, i32 0, [1 x i8]* @p_str213, [1 x i8]* @p_str214, [1 x i8]* @p_str215, i32 2, i32 2, i32 16, i32 16, [1 x i8]* @p_str216, [1 x i8]* @p_str217)"   --->   Operation 9 'specinterface' <Predicate = true> <Delay = 0.00>
ST_1 : Operation 10 [1/1] (0.00ns)   --->   "call void (...)* @_ssdm_op_SpecInterface(i8* %p_src_data_stream_2_V, [8 x i8]* @ap_fifo_str, i32 0, i32 0, [1 x i8]* @p_str205, i32 0, i32 0, [1 x i8]* @p_str206, [1 x i8]* @p_str207, [1 x i8]* @p_str208, i32 2, i32 2, i32 16, i32 16, [1 x i8]* @p_str209, [1 x i8]* @p_str210)"   --->   Operation 10 'specinterface' <Predicate = true> <Delay = 0.00>
ST_1 : Operation 11 [1/1] (0.00ns)   --->   "call void (...)* @_ssdm_op_SpecInterface(i8* %p_src_data_stream_1_V, [8 x i8]* @ap_fifo_str, i32 0, i32 0, [1 x i8]* @p_str198, i32 0, i32 0, [1 x i8]* @p_str199, [1 x i8]* @p_str200, [1 x i8]* @p_str201, i32 2, i32 2, i32 16, i32 16, [1 x i8]* @p_str202, [1 x i8]* @p_str203)"   --->   Operation 11 'specinterface' <Predicate = true> <Delay = 0.00>
ST_1 : Operation 12 [1/1] (0.00ns)   --->   "call void (...)* @_ssdm_op_SpecInterface(i8* %p_src_data_stream_0_V, [8 x i8]* @ap_fifo_str, i32 0, i32 0, [1 x i8]* @p_str191, i32 0, i32 0, [1 x i8]* @p_str192, [1 x i8]* @p_str193, [1 x i8]* @p_str194, i32 2, i32 2, i32 16, i32 16, [1 x i8]* @p_str195, [1 x i8]* @p_str196)"   --->   Operation 12 'specinterface' <Predicate = true> <Delay = 0.00>
ST_1 : Operation 13 [1/1] (0.00ns)   --->   "call void (...)* @_ssdm_op_SpecInterface(i10* %p_src_rows_V, [8 x i8]* @ap_fifo_str, i32 0, i32 0, [1 x i8]* @p_str298, i32 0, i32 0, [1 x i8]* @p_str299, [1 x i8]* @p_str300, [1 x i8]* @p_str301, i32 2, i32 2, i32 16, i32 16, [1 x i8]* @p_str302, [11 x i8]* @ScalarProp_str)"   --->   Operation 13 'specinterface' <Predicate = true> <Delay = 0.00>
ST_1 : Operation 14 [1/1] (0.00ns)   --->   "call void (...)* @_ssdm_op_SpecInterface(i10* %p_src_cols_V, [8 x i8]* @ap_fifo_str, i32 0, i32 0, [1 x i8]* @p_str303, i32 0, i32 0, [1 x i8]* @p_str304, [1 x i8]* @p_str305, [1 x i8]* @p_str306, i32 2, i32 2, i32 16, i32 16, [1 x i8]* @p_str307, [11 x i8]* @ScalarProp_str)"   --->   Operation 14 'specinterface' <Predicate = true> <Delay = 0.00>
ST_1 : Operation 15 [1/1] (3.63ns)   --->   "%p_src_cols_V_read = call i10 @_ssdm_op_Read.ap_fifo.i10P(i10* %p_src_cols_V)" [C:/Xilinx/Vivado/2019.2/common/technology/autopilot/hls/hls_video_imgproc.h:1961]   --->   Operation 15 'read' 'p_src_cols_V_read' <Predicate = true> <Delay = 3.63> <Core = "FIFO">   --->   Core 32 'FIFO' <Latency = 0> <II = 1> <Delay = 3.63> <Storage> <Opcode : 'read' 'write' 'nbread' 'nbwrite'> <Ports = 0> <Width = 32> <Depth = 2> <FIFO>
ST_1 : Operation 16 [1/1] (3.63ns)   --->   "%p_src_rows_V_read = call i10 @_ssdm_op_Read.ap_fifo.i10P(i10* %p_src_rows_V)" [C:/Xilinx/Vivado/2019.2/common/technology/autopilot/hls/hls_video_imgproc.h:1962]   --->   Operation 16 'read' 'p_src_rows_V_read' <Predicate = true> <Delay = 3.63> <Core = "FIFO">   --->   Core 32 'FIFO' <Latency = 0> <II = 1> <Delay = 3.63> <Storage> <Opcode : 'read' 'write' 'nbread' 'nbwrite'> <Ports = 0> <Width = 32> <Depth = 2> <FIFO>
ST_1 : Operation 17 [1/1] (1.76ns)   --->   "br label %0" [C:/Xilinx/Vivado/2019.2/common/technology/autopilot/hls/hls_video_imgproc.h:1967]   --->   Operation 17 'br' <Predicate = true> <Delay = 1.76>

State 2 <SV = 1> <Delay = 2.74>
ST_2 : Operation 18 [1/1] (0.00ns)   --->   "%i_0_i = phi i9 [ 0, %entry ], [ %i, %loop_height_end ]"   --->   Operation 18 'phi' 'i_0_i' <Predicate = true> <Delay = 0.00>
ST_2 : Operation 19 [1/1] (0.00ns)   --->   "%zext_ln1967 = zext i9 %i_0_i to i10" [C:/Xilinx/Vivado/2019.2/common/technology/autopilot/hls/hls_video_imgproc.h:1967]   --->   Operation 19 'zext' 'zext_ln1967' <Predicate = true> <Delay = 0.00>
ST_2 : Operation 20 [1/1] (1.77ns)   --->   "%icmp_ln1967 = icmp slt i10 %zext_ln1967, %p_src_rows_V_read" [C:/Xilinx/Vivado/2019.2/common/technology/autopilot/hls/hls_video_imgproc.h:1967]   --->   Operation 20 'icmp' 'icmp_ln1967' <Predicate = true> <Delay = 1.77> <Core = "Cmp">   --->   Core 25 'Cmp' <Latency = 0> <II = 1> <Delay = 1.77> <FuncUnit> <Opcode : 'icmp'> <InPorts = 2> <OutPorts = 1>
ST_2 : Operation 21 [1/1] (0.00ns)   --->   "call void (...)* @_ssdm_op_SpecLoopTripCount(i64 0, i64 280, i64 0)"   --->   Operation 21 'speclooptripcount' <Predicate = true> <Delay = 0.00>
ST_2 : Operation 22 [1/1] (1.82ns)   --->   "%i = add i9 %i_0_i, 1" [C:/Xilinx/Vivado/2019.2/common/technology/autopilot/hls/hls_video_imgproc.h:1967]   --->   Operation 22 'add' 'i' <Predicate = true> <Delay = 1.82> <Core = "AddSub">   --->   Core 14 'AddSub' <Latency = 0> <II = 1> <Delay = 1.91> <FuncUnit> <Opcode : 'add' 'sub'> <InPorts = 2> <OutPorts = 1>
ST_2 : Operation 23 [1/1] (0.00ns)   --->   "br i1 %icmp_ln1967, label %loop_height_begin, label %.exit" [C:/Xilinx/Vivado/2019.2/common/technology/autopilot/hls/hls_video_imgproc.h:1967]   --->   Operation 23 'br' <Predicate = true> <Delay = 0.00>
ST_2 : Operation 24 [1/1] (0.00ns)   --->   "call void (...)* @_ssdm_op_SpecLoopName([12 x i8]* @p_str25) nounwind" [C:/Xilinx/Vivado/2019.2/common/technology/autopilot/hls/hls_video_imgproc.h:1967]   --->   Operation 24 'specloopname' <Predicate = (icmp_ln1967)> <Delay = 0.00>
ST_2 : Operation 25 [1/1] (0.00ns)   --->   "%tmp_4_i = call i32 (...)* @_ssdm_op_SpecRegionBegin([12 x i8]* @p_str25)" [C:/Xilinx/Vivado/2019.2/common/technology/autopilot/hls/hls_video_imgproc.h:1967]   --->   Operation 25 'specregionbegin' 'tmp_4_i' <Predicate = (icmp_ln1967)> <Delay = 0.00>
ST_2 : Operation 26 [1/1] (1.76ns)   --->   "br label %1" [C:/Xilinx/Vivado/2019.2/common/technology/autopilot/hls/hls_video_imgproc.h:1968]   --->   Operation 26 'br' <Predicate = (icmp_ln1967)> <Delay = 1.76>
ST_2 : Operation 27 [1/1] (0.00ns)   --->   "ret void"   --->   Operation 27 'ret' <Predicate = (!icmp_ln1967)> <Delay = 0.00>

State 3 <SV = 2> <Delay = 1.82>
ST_3 : Operation 28 [1/1] (0.00ns)   --->   "%j_0_i = phi i9 [ 0, %loop_height_begin ], [ %j, %loop_width_begin ]"   --->   Operation 28 'phi' 'j_0_i' <Predicate = true> <Delay = 0.00>
ST_3 : Operation 29 [1/1] (0.00ns)   --->   "%zext_ln1968 = zext i9 %j_0_i to i10" [C:/Xilinx/Vivado/2019.2/common/technology/autopilot/hls/hls_video_imgproc.h:1968]   --->   Operation 29 'zext' 'zext_ln1968' <Predicate = true> <Delay = 0.00>
ST_3 : Operation 30 [1/1] (1.77ns)   --->   "%icmp_ln1968 = icmp slt i10 %zext_ln1968, %p_src_cols_V_read" [C:/Xilinx/Vivado/2019.2/common/technology/autopilot/hls/hls_video_imgproc.h:1968]   --->   Operation 30 'icmp' 'icmp_ln1968' <Predicate = true> <Delay = 1.77> <Core = "Cmp">   --->   Core 25 'Cmp' <Latency = 0> <II = 1> <Delay = 1.77> <FuncUnit> <Opcode : 'icmp'> <InPorts = 2> <OutPorts = 1>
ST_3 : Operation 31 [1/1] (0.00ns)   --->   "call void (...)* @_ssdm_op_SpecLoopTripCount(i64 0, i64 320, i64 0)"   --->   Operation 31 'speclooptripcount' <Predicate = true> <Delay = 0.00>
ST_3 : Operation 32 [1/1] (1.82ns)   --->   "%j = add i9 %j_0_i, 1" [C:/Xilinx/Vivado/2019.2/common/technology/autopilot/hls/hls_video_imgproc.h:1968]   --->   Operation 32 'add' 'j' <Predicate = true> <Delay = 1.82> <Core = "AddSub">   --->   Core 14 'AddSub' <Latency = 0> <II = 1> <Delay = 1.91> <FuncUnit> <Opcode : 'add' 'sub'> <InPorts = 2> <OutPorts = 1>
ST_3 : Operation 33 [1/1] (0.00ns)   --->   "br i1 %icmp_ln1968, label %loop_width_begin, label %loop_height_end" [C:/Xilinx/Vivado/2019.2/common/technology/autopilot/hls/hls_video_imgproc.h:1968]   --->   Operation 33 'br' <Predicate = true> <Delay = 0.00>

State 4 <SV = 3> <Delay = 3.63>
ST_4 : Operation 34 [1/1] (0.00ns)   --->   "%tmp_6_i = call i32 (...)* @_ssdm_op_SpecRegionBegin([12 x i8]* @p_str49)" [C:/Xilinx/Vivado/2019.2/common/technology/autopilot/hls/hls_video_core.h:672->C:/Xilinx/Vivado/2019.2/common/technology/autopilot/hls/hls_video_core.h:711->C:/Xilinx/Vivado/2019.2/common/technology/autopilot/hls/hls_video_imgproc.h:1971]   --->   Operation 34 'specregionbegin' 'tmp_6_i' <Predicate = (icmp_ln1968)> <Delay = 0.00>
ST_4 : Operation 35 [1/1] (0.00ns)   --->   "call void (...)* @_ssdm_op_SpecProtocol(i32 0, [1 x i8]* @p_str5) nounwind" [C:/Xilinx/Vivado/2019.2/common/technology/autopilot/hls/hls_video_core.h:676->C:/Xilinx/Vivado/2019.2/common/technology/autopilot/hls/hls_video_core.h:711->C:/Xilinx/Vivado/2019.2/common/technology/autopilot/hls/hls_video_imgproc.h:1971]   --->   Operation 35 'specprotocol' <Predicate = (icmp_ln1968)> <Delay = 0.00>
ST_4 : Operation 36 [1/1] (3.63ns)   --->   "%tmp_66 = call i8 @_ssdm_op_Read.ap_fifo.volatile.i8P(i8* %p_src_data_stream_0_V)" [C:/Xilinx/Vivado/2019.2/common/technology/autopilot/hls/hls_video_core.h:679->C:/Xilinx/Vivado/2019.2/common/technology/autopilot/hls/hls_video_core.h:711->C:/Xilinx/Vivado/2019.2/common/technology/autopilot/hls/hls_video_imgproc.h:1971]   --->   Operation 36 'read' 'tmp_66' <Predicate = (icmp_ln1968)> <Delay = 3.63> <Core = "FIFO">   --->   Core 32 'FIFO' <Latency = 0> <II = 1> <Delay = 3.63> <Storage> <Opcode : 'read' 'write' 'nbread' 'nbwrite'> <Ports = 0> <Width = 32> <Depth = 2> <FIFO>
ST_4 : Operation 37 [1/1] (3.63ns)   --->   "%tmp_67 = call i8 @_ssdm_op_Read.ap_fifo.volatile.i8P(i8* %p_src_data_stream_1_V)" [C:/Xilinx/Vivado/2019.2/common/technology/autopilot/hls/hls_video_core.h:679->C:/Xilinx/Vivado/2019.2/common/technology/autopilot/hls/hls_video_core.h:711->C:/Xilinx/Vivado/2019.2/common/technology/autopilot/hls/hls_video_imgproc.h:1971]   --->   Operation 37 'read' 'tmp_67' <Predicate = (icmp_ln1968)> <Delay = 3.63> <Core = "FIFO">   --->   Core 32 'FIFO' <Latency = 0> <II = 1> <Delay = 3.63> <Storage> <Opcode : 'read' 'write' 'nbread' 'nbwrite'> <Ports = 0> <Width = 32> <Depth = 2> <FIFO>
ST_4 : Operation 38 [1/1] (3.63ns)   --->   "%tmp_68 = call i8 @_ssdm_op_Read.ap_fifo.volatile.i8P(i8* %p_src_data_stream_2_V)" [C:/Xilinx/Vivado/2019.2/common/technology/autopilot/hls/hls_video_core.h:679->C:/Xilinx/Vivado/2019.2/common/technology/autopilot/hls/hls_video_core.h:711->C:/Xilinx/Vivado/2019.2/common/technology/autopilot/hls/hls_video_imgproc.h:1971]   --->   Operation 38 'read' 'tmp_68' <Predicate = (icmp_ln1968)> <Delay = 3.63> <Core = "FIFO">   --->   Core 32 'FIFO' <Latency = 0> <II = 1> <Delay = 3.63> <Storage> <Opcode : 'read' 'write' 'nbread' 'nbwrite'> <Ports = 0> <Width = 32> <Depth = 2> <FIFO>
ST_4 : Operation 39 [1/1] (0.00ns)   --->   "%empty = call i32 (...)* @_ssdm_op_SpecRegionEnd([12 x i8]* @p_str49, i32 %tmp_6_i)" [C:/Xilinx/Vivado/2019.2/common/technology/autopilot/hls/hls_video_core.h:681->C:/Xilinx/Vivado/2019.2/common/technology/autopilot/hls/hls_video_core.h:711->C:/Xilinx/Vivado/2019.2/common/technology/autopilot/hls/hls_video_imgproc.h:1971]   --->   Operation 39 'specregionend' 'empty' <Predicate = (icmp_ln1968)> <Delay = 0.00>

State 5 <SV = 4> <Delay = 6.38>
ST_5 : Operation 40 [1/1] (0.00ns)   --->   "%zext_ln703 = zext i8 %tmp_66 to i29" [C:/Xilinx/Vivado/2019.2/common/technology/autopilot/hls/hls_video_imgproc.h:1497->C:/Xilinx/Vivado/2019.2/common/technology/autopilot/hls/hls_video_imgproc.h:1545->C:/Xilinx/Vivado/2019.2/common/technology/autopilot/hls/hls_video_imgproc.h:1972]   --->   Operation 40 'zext' 'zext_ln703' <Predicate = (icmp_ln1968)> <Delay = 0.00>
ST_5 : Operation 41 [1/1] (6.38ns) (root node of the DSP)   --->   "%mul_ln703 = mul i29 1254096, %zext_ln703" [C:/Xilinx/Vivado/2019.2/common/technology/autopilot/hls/hls_video_imgproc.h:1497->C:/Xilinx/Vivado/2019.2/common/technology/autopilot/hls/hls_video_imgproc.h:1545->C:/Xilinx/Vivado/2019.2/common/technology/autopilot/hls/hls_video_imgproc.h:1972]   --->   Operation 41 'mul' 'mul_ln703' <Predicate = (icmp_ln1968)> <Delay = 6.38> <Core = "DSP48">   --->   Core 88 'DSP48' <Latency = 4> <II = 1> <Delay = 2.05> <IPBlock> <Opcode : 'mul' 'add' 'sub' 'select'> <InPorts = 0> <OutPorts = 1> <Sync> <CReg>

State 6 <SV = 5> <Delay = 9.40>
ST_6 : Operation 42 [1/1] (0.00ns)   --->   "%zext_ln703_1 = zext i8 %tmp_67 to i30" [C:/Xilinx/Vivado/2019.2/common/technology/autopilot/hls/hls_video_imgproc.h:1497->C:/Xilinx/Vivado/2019.2/common/technology/autopilot/hls/hls_video_imgproc.h:1545->C:/Xilinx/Vivado/2019.2/common/technology/autopilot/hls/hls_video_imgproc.h:1972]   --->   Operation 42 'zext' 'zext_ln703_1' <Predicate = (icmp_ln1968)> <Delay = 0.00>
ST_6 : Operation 43 [1/1] (3.36ns) (grouped into DSP with root node ret_V_12)   --->   "%mul_ln703_1 = mul i30 2462056, %zext_ln703_1" [C:/Xilinx/Vivado/2019.2/common/technology/autopilot/hls/hls_video_imgproc.h:1497->C:/Xilinx/Vivado/2019.2/common/technology/autopilot/hls/hls_video_imgproc.h:1545->C:/Xilinx/Vivado/2019.2/common/technology/autopilot/hls/hls_video_imgproc.h:1972]   --->   Operation 43 'mul' 'mul_ln703_1' <Predicate = (icmp_ln1968)> <Delay = 3.36> <Core = "DSP48">   --->   Core 88 'DSP48' <Latency = 4> <II = 1> <Delay = 2.05> <IPBlock> <Opcode : 'mul' 'add' 'sub' 'select'> <InPorts = 0> <OutPorts = 1> <Sync> <CReg>
ST_6 : Operation 44 [1/1] (0.00ns)   --->   "%zext_ln1118 = zext i8 %tmp_68 to i28" [C:/Xilinx/Vivado/2019.2/common/technology/autopilot/hls/hls_video_imgproc.h:1495->C:/Xilinx/Vivado/2019.2/common/technology/autopilot/hls/hls_video_imgproc.h:1545->C:/Xilinx/Vivado/2019.2/common/technology/autopilot/hls/hls_video_imgproc.h:1972]   --->   Operation 44 'zext' 'zext_ln1118' <Predicate = (icmp_ln1968)> <Delay = 0.00>
ST_6 : Operation 45 [1/1] (3.36ns) (grouped into DSP with root node ret_V)   --->   "%r_V = mul i28 478150, %zext_ln1118" [C:/Xilinx/Vivado/2019.2/common/technology/autopilot/hls/hls_video_imgproc.h:1495->C:/Xilinx/Vivado/2019.2/common/technology/autopilot/hls/hls_video_imgproc.h:1545->C:/Xilinx/Vivado/2019.2/common/technology/autopilot/hls/hls_video_imgproc.h:1972]   --->   Operation 45 'mul' 'r_V' <Predicate = (icmp_ln1968)> <Delay = 3.36> <Core = "DSP48">   --->   Core 88 'DSP48' <Latency = 4> <II = 1> <Delay = 2.05> <IPBlock> <Opcode : 'mul' 'add' 'sub' 'select'> <InPorts = 0> <OutPorts = 1> <Sync> <CReg>
ST_6 : Operation 46 [1/1] (0.00ns) (grouped into DSP with root node ret_V)   --->   "%zext_ln703_2 = zext i28 %r_V to i29" [C:/Xilinx/Vivado/2019.2/common/technology/autopilot/hls/hls_video_imgproc.h:1497->C:/Xilinx/Vivado/2019.2/common/technology/autopilot/hls/hls_video_imgproc.h:1545->C:/Xilinx/Vivado/2019.2/common/technology/autopilot/hls/hls_video_imgproc.h:1972]   --->   Operation 46 'zext' 'zext_ln703_2' <Predicate = (icmp_ln1968)> <Delay = 0.00>
ST_6 : Operation 47 [1/1] (3.02ns) (root node of the DSP)   --->   "%ret_V = add i29 %zext_ln703_2, %mul_ln703" [C:/Xilinx/Vivado/2019.2/common/technology/autopilot/hls/hls_video_imgproc.h:1497->C:/Xilinx/Vivado/2019.2/common/technology/autopilot/hls/hls_video_imgproc.h:1545->C:/Xilinx/Vivado/2019.2/common/technology/autopilot/hls/hls_video_imgproc.h:1972]   --->   Operation 47 'add' 'ret_V' <Predicate = (icmp_ln1968)> <Delay = 3.02> <Core = "DSP48">   --->   Core 88 'DSP48' <Latency = 4> <II = 1> <Delay = 2.05> <IPBlock> <Opcode : 'mul' 'add' 'sub' 'select'> <InPorts = 0> <OutPorts = 1> <Sync> <CReg>
ST_6 : Operation 48 [1/1] (0.00ns)   --->   "%zext_ln703_3 = zext i29 %ret_V to i30" [C:/Xilinx/Vivado/2019.2/common/technology/autopilot/hls/hls_video_imgproc.h:1497->C:/Xilinx/Vivado/2019.2/common/technology/autopilot/hls/hls_video_imgproc.h:1545->C:/Xilinx/Vivado/2019.2/common/technology/autopilot/hls/hls_video_imgproc.h:1972]   --->   Operation 48 'zext' 'zext_ln703_3' <Predicate = (icmp_ln1968)> <Delay = 0.00>
ST_6 : Operation 49 [1/1] (3.02ns) (root node of the DSP)   --->   "%ret_V_12 = add i30 %zext_ln703_3, %mul_ln703_1" [C:/Xilinx/Vivado/2019.2/common/technology/autopilot/hls/hls_video_imgproc.h:1497->C:/Xilinx/Vivado/2019.2/common/technology/autopilot/hls/hls_video_imgproc.h:1545->C:/Xilinx/Vivado/2019.2/common/technology/autopilot/hls/hls_video_imgproc.h:1972]   --->   Operation 49 'add' 'ret_V_12' <Predicate = (icmp_ln1968)> <Delay = 3.02> <Core = "DSP48">   --->   Core 88 'DSP48' <Latency = 4> <II = 1> <Delay = 2.05> <IPBlock> <Opcode : 'mul' 'add' 'sub' 'select'> <InPorts = 0> <OutPorts = 1> <Sync> <CReg>
ST_6 : Operation 50 [1/1] (0.00ns)   --->   "%p_Val2_6 = call i8 @_ssdm_op_PartSelect.i8.i30.i32.i32(i30 %ret_V_12, i32 22, i32 29)" [C:/Xilinx/Vivado/2019.2/common/technology/autopilot/hls/hls_video_types.h:409->C:/Xilinx/Vivado/2019.2/common/technology/autopilot/hls/hls_video_types.h:500->C:/Xilinx/Vivado/2019.2/common/technology/autopilot/hls/hls_video_imgproc.h:1498->C:/Xilinx/Vivado/2019.2/common/technology/autopilot/hls/hls_video_imgproc.h:1545->C:/Xilinx/Vivado/2019.2/common/technology/autopilot/hls/hls_video_imgproc.h:1972]   --->   Operation 50 'partselect' 'p_Val2_6' <Predicate = (icmp_ln1968)> <Delay = 0.00>
ST_6 : Operation 51 [1/1] (0.00ns)   --->   "%tmp = call i1 @_ssdm_op_BitSelect.i1.i30.i32(i30 %ret_V_12, i32 21)" [C:/Xilinx/Vivado/2019.2/common/technology/autopilot/hls/hls_video_types.h:409->C:/Xilinx/Vivado/2019.2/common/technology/autopilot/hls/hls_video_types.h:500->C:/Xilinx/Vivado/2019.2/common/technology/autopilot/hls/hls_video_imgproc.h:1498->C:/Xilinx/Vivado/2019.2/common/technology/autopilot/hls/hls_video_imgproc.h:1545->C:/Xilinx/Vivado/2019.2/common/technology/autopilot/hls/hls_video_imgproc.h:1972]   --->   Operation 51 'bitselect' 'tmp' <Predicate = (icmp_ln1968)> <Delay = 0.00>

State 7 <SV = 6> <Delay = 6.79>
ST_7 : Operation 52 [1/1] (0.00ns)   --->   "call void (...)* @_ssdm_op_SpecLoopName([11 x i8]* @p_str26) nounwind" [C:/Xilinx/Vivado/2019.2/common/technology/autopilot/hls/hls_video_imgproc.h:1968]   --->   Operation 52 'specloopname' <Predicate = (icmp_ln1968)> <Delay = 0.00>
ST_7 : Operation 53 [1/1] (0.00ns)   --->   "%tmp_5_i = call i32 (...)* @_ssdm_op_SpecRegionBegin([11 x i8]* @p_str26)" [C:/Xilinx/Vivado/2019.2/common/technology/autopilot/hls/hls_video_imgproc.h:1968]   --->   Operation 53 'specregionbegin' 'tmp_5_i' <Predicate = (icmp_ln1968)> <Delay = 0.00>
ST_7 : Operation 54 [1/1] (0.00ns)   --->   "call void (...)* @_ssdm_op_SpecPipeline(i32 -1, i32 1, i32 1, i32 0, [1 x i8]* @p_str5) nounwind" [C:/Xilinx/Vivado/2019.2/common/technology/autopilot/hls/hls_video_imgproc.h:1970]   --->   Operation 54 'specpipeline' <Predicate = (icmp_ln1968)> <Delay = 0.00>
ST_7 : Operation 55 [1/1] (0.00ns)   --->   "%zext_ln415 = zext i1 %tmp to i8" [C:/Xilinx/Vivado/2019.2/common/technology/autopilot/hls/hls_video_types.h:409->C:/Xilinx/Vivado/2019.2/common/technology/autopilot/hls/hls_video_types.h:500->C:/Xilinx/Vivado/2019.2/common/technology/autopilot/hls/hls_video_imgproc.h:1498->C:/Xilinx/Vivado/2019.2/common/technology/autopilot/hls/hls_video_imgproc.h:1545->C:/Xilinx/Vivado/2019.2/common/technology/autopilot/hls/hls_video_imgproc.h:1972]   --->   Operation 55 'zext' 'zext_ln415' <Predicate = (icmp_ln1968)> <Delay = 0.00>
ST_7 : Operation 56 [1/1] (1.91ns)   --->   "%p_Val2_120 = add i8 %zext_ln415, %p_Val2_6" [C:/Xilinx/Vivado/2019.2/common/technology/autopilot/hls/hls_video_types.h:409->C:/Xilinx/Vivado/2019.2/common/technology/autopilot/hls/hls_video_types.h:500->C:/Xilinx/Vivado/2019.2/common/technology/autopilot/hls/hls_video_imgproc.h:1498->C:/Xilinx/Vivado/2019.2/common/technology/autopilot/hls/hls_video_imgproc.h:1545->C:/Xilinx/Vivado/2019.2/common/technology/autopilot/hls/hls_video_imgproc.h:1972]   --->   Operation 56 'add' 'p_Val2_120' <Predicate = (icmp_ln1968)> <Delay = 1.91> <Core = "AddSub">   --->   Core 14 'AddSub' <Latency = 0> <II = 1> <Delay = 1.91> <FuncUnit> <Opcode : 'add' 'sub'> <InPorts = 2> <OutPorts = 1>
ST_7 : Operation 57 [1/1] (0.00ns) (grouped into LUT with out node p_Val2_s)   --->   "%tmp_63 = call i1 @_ssdm_op_BitSelect.i1.i30.i32(i30 %ret_V_12, i32 29)" [C:/Xilinx/Vivado/2019.2/common/technology/autopilot/hls/hls_video_types.h:409->C:/Xilinx/Vivado/2019.2/common/technology/autopilot/hls/hls_video_types.h:500->C:/Xilinx/Vivado/2019.2/common/technology/autopilot/hls/hls_video_imgproc.h:1498->C:/Xilinx/Vivado/2019.2/common/technology/autopilot/hls/hls_video_imgproc.h:1545->C:/Xilinx/Vivado/2019.2/common/technology/autopilot/hls/hls_video_imgproc.h:1972]   --->   Operation 57 'bitselect' 'tmp_63' <Predicate = (icmp_ln1968)> <Delay = 0.00>
ST_7 : Operation 58 [1/1] (0.00ns) (grouped into LUT with out node p_Val2_s)   --->   "%xor_ln777 = xor i1 %tmp_63, true" [C:/Xilinx/Vivado/2019.2/common/technology/autopilot/hls/hls_video_types.h:409->C:/Xilinx/Vivado/2019.2/common/technology/autopilot/hls/hls_video_types.h:500->C:/Xilinx/Vivado/2019.2/common/technology/autopilot/hls/hls_video_imgproc.h:1498->C:/Xilinx/Vivado/2019.2/common/technology/autopilot/hls/hls_video_imgproc.h:1545->C:/Xilinx/Vivado/2019.2/common/technology/autopilot/hls/hls_video_imgproc.h:1972]   --->   Operation 58 'xor' 'xor_ln777' <Predicate = (icmp_ln1968)> <Delay = 0.00> <Core = "LogicGate">   --->   Core 27 'LogicGate' <Latency = 0> <II = 1> <Delay = 0.97> <FuncUnit> <Opcode : 'and' 'or' 'xor'> <InPorts = 2> <OutPorts = 1>
ST_7 : Operation 59 [1/1] (0.00ns) (grouped into LUT with out node p_Val2_s)   --->   "%tmp_64 = call i1 @_ssdm_op_BitSelect.i1.i8.i32(i8 %p_Val2_120, i32 7)" [C:/Xilinx/Vivado/2019.2/common/technology/autopilot/hls/hls_video_types.h:409->C:/Xilinx/Vivado/2019.2/common/technology/autopilot/hls/hls_video_types.h:500->C:/Xilinx/Vivado/2019.2/common/technology/autopilot/hls/hls_video_imgproc.h:1498->C:/Xilinx/Vivado/2019.2/common/technology/autopilot/hls/hls_video_imgproc.h:1545->C:/Xilinx/Vivado/2019.2/common/technology/autopilot/hls/hls_video_imgproc.h:1972]   --->   Operation 59 'bitselect' 'tmp_64' <Predicate = (icmp_ln1968)> <Delay = 0.00>
ST_7 : Operation 60 [1/1] (0.00ns) (grouped into LUT with out node p_Val2_s)   --->   "%deleted_zeros = or i1 %tmp_64, %xor_ln777" [C:/Xilinx/Vivado/2019.2/common/technology/autopilot/hls/hls_video_types.h:409->C:/Xilinx/Vivado/2019.2/common/technology/autopilot/hls/hls_video_types.h:500->C:/Xilinx/Vivado/2019.2/common/technology/autopilot/hls/hls_video_imgproc.h:1498->C:/Xilinx/Vivado/2019.2/common/technology/autopilot/hls/hls_video_imgproc.h:1545->C:/Xilinx/Vivado/2019.2/common/technology/autopilot/hls/hls_video_imgproc.h:1972]   --->   Operation 60 'or' 'deleted_zeros' <Predicate = (icmp_ln1968)> <Delay = 0.00> <Core = "LogicGate">   --->   Core 27 'LogicGate' <Latency = 0> <II = 1> <Delay = 0.97> <FuncUnit> <Opcode : 'and' 'or' 'xor'> <InPorts = 2> <OutPorts = 1>
ST_7 : Operation 61 [1/1] (1.24ns) (out node of the LUT)   --->   "%p_Val2_s = select i1 %deleted_zeros, i8 %p_Val2_120, i8 -1" [C:/Xilinx/Vivado/2019.2/common/technology/autopilot/hls/hls_video_types.h:409->C:/Xilinx/Vivado/2019.2/common/technology/autopilot/hls/hls_video_types.h:500->C:/Xilinx/Vivado/2019.2/common/technology/autopilot/hls/hls_video_imgproc.h:1498->C:/Xilinx/Vivado/2019.2/common/technology/autopilot/hls/hls_video_imgproc.h:1545->C:/Xilinx/Vivado/2019.2/common/technology/autopilot/hls/hls_video_imgproc.h:1972]   --->   Operation 61 'select' 'p_Val2_s' <Predicate = (icmp_ln1968)> <Delay = 1.24> <Core = "Sel">   --->   Core 26 'Sel' <Latency = 0> <II = 1> <Delay = 1.24> <FuncUnit> <Opcode : 'select'> <InPorts = 3> <OutPorts = 1>
ST_7 : Operation 62 [1/1] (0.00ns)   --->   "%tmp_7_i = call i32 (...)* @_ssdm_op_SpecRegionBegin([12 x i8]* @p_str55)" [C:/Xilinx/Vivado/2019.2/common/technology/autopilot/hls/hls_video_core.h:696->C:/Xilinx/Vivado/2019.2/common/technology/autopilot/hls/hls_video_core.h:717->C:/Xilinx/Vivado/2019.2/common/technology/autopilot/hls/hls_video_imgproc.h:1973]   --->   Operation 62 'specregionbegin' 'tmp_7_i' <Predicate = (icmp_ln1968)> <Delay = 0.00>
ST_7 : Operation 63 [1/1] (0.00ns)   --->   "call void (...)* @_ssdm_op_SpecProtocol(i32 0, [1 x i8]* @p_str5) nounwind" [C:/Xilinx/Vivado/2019.2/common/technology/autopilot/hls/hls_video_core.h:700->C:/Xilinx/Vivado/2019.2/common/technology/autopilot/hls/hls_video_core.h:717->C:/Xilinx/Vivado/2019.2/common/technology/autopilot/hls/hls_video_imgproc.h:1973]   --->   Operation 63 'specprotocol' <Predicate = (icmp_ln1968)> <Delay = 0.00>
ST_7 : Operation 64 [1/1] (3.63ns)   --->   "call void @_ssdm_op_Write.ap_fifo.volatile.i8P(i8* %p_dst_data_stream_V, i8 %p_Val2_s)" [C:/Xilinx/Vivado/2019.2/common/technology/autopilot/hls/hls_video_core.h:703->C:/Xilinx/Vivado/2019.2/common/technology/autopilot/hls/hls_video_core.h:717->C:/Xilinx/Vivado/2019.2/common/technology/autopilot/hls/hls_video_imgproc.h:1973]   --->   Operation 64 'write' <Predicate = (icmp_ln1968)> <Delay = 3.63> <Core = "FIFO">   --->   Core 32 'FIFO' <Latency = 0> <II = 1> <Delay = 3.63> <Storage> <Opcode : 'read' 'write' 'nbread' 'nbwrite'> <Ports = 0> <Width = 32> <Depth = 2> <FIFO>
ST_7 : Operation 65 [1/1] (0.00ns)   --->   "%empty_197 = call i32 (...)* @_ssdm_op_SpecRegionEnd([12 x i8]* @p_str55, i32 %tmp_7_i)" [C:/Xilinx/Vivado/2019.2/common/technology/autopilot/hls/hls_video_core.h:705->C:/Xilinx/Vivado/2019.2/common/technology/autopilot/hls/hls_video_core.h:717->C:/Xilinx/Vivado/2019.2/common/technology/autopilot/hls/hls_video_imgproc.h:1973]   --->   Operation 65 'specregionend' 'empty_197' <Predicate = (icmp_ln1968)> <Delay = 0.00>
ST_7 : Operation 66 [1/1] (0.00ns)   --->   "%empty_198 = call i32 (...)* @_ssdm_op_SpecRegionEnd([11 x i8]* @p_str26, i32 %tmp_5_i)" [C:/Xilinx/Vivado/2019.2/common/technology/autopilot/hls/hls_video_imgproc.h:1974]   --->   Operation 66 'specregionend' 'empty_198' <Predicate = (icmp_ln1968)> <Delay = 0.00>
ST_7 : Operation 67 [1/1] (0.00ns)   --->   "br label %1" [C:/Xilinx/Vivado/2019.2/common/technology/autopilot/hls/hls_video_imgproc.h:1968]   --->   Operation 67 'br' <Predicate = (icmp_ln1968)> <Delay = 0.00>

State 8 <SV = 3> <Delay = 0.00>
ST_8 : Operation 68 [1/1] (0.00ns)   --->   "%empty_199 = call i32 (...)* @_ssdm_op_SpecRegionEnd([12 x i8]* @p_str25, i32 %tmp_4_i)" [C:/Xilinx/Vivado/2019.2/common/technology/autopilot/hls/hls_video_imgproc.h:1975]   --->   Operation 68 'specregionend' 'empty_199' <Predicate = true> <Delay = 0.00>
ST_8 : Operation 69 [1/1] (0.00ns)   --->   "br label %0" [C:/Xilinx/Vivado/2019.2/common/technology/autopilot/hls/hls_video_imgproc.h:1967]   --->   Operation 69 'br' <Predicate = true> <Delay = 0.00>


============================================================
+ Verbose Summary: Binding
============================================================
STG Binding: 
---------------- STG Properties BEGIN ----------------
- Is combinational: 0
- Is one-state seq: 0
- Is datapath-only: 0
- Is pipelined: 0
- Is top level: 0
Port [ Return ] is wired: 1; IO mode=ap_ctrl_hs:ce=0
Port [ p_src_rows_V]:  wired=1; compound=1; hidden=0; nouse=0; global=0; static=0; extern=0; dir=0; type=3; pingpong=0; private_global=0; IO mode=ap_fifo:ce=0
Port [ p_src_cols_V]:  wired=1; compound=1; hidden=0; nouse=0; global=0; static=0; extern=0; dir=0; type=3; pingpong=0; private_global=0; IO mode=ap_fifo:ce=0
Port [ p_src_data_stream_0_V]:  wired=1; compound=1; hidden=0; nouse=0; global=0; static=0; extern=0; dir=0; type=3; pingpong=0; private_global=0; IO mode=ap_fifo:ce=0
Port [ p_src_data_stream_1_V]:  wired=1; compound=1; hidden=0; nouse=0; global=0; static=0; extern=0; dir=0; type=3; pingpong=0; private_global=0; IO mode=ap_fifo:ce=0
Port [ p_src_data_stream_2_V]:  wired=1; compound=1; hidden=0; nouse=0; global=0; static=0; extern=0; dir=0; type=3; pingpong=0; private_global=0; IO mode=ap_fifo:ce=0
Port [ p_dst_data_stream_V]:  wired=1; compound=1; hidden=0; nouse=0; global=0; static=0; extern=0; dir=1; type=3; pingpong=0; private_global=0; IO mode=ap_fifo:ce=0
---------------- STG Properties END ------------------

---------------- Datapath Model BEGIN ----------------

<LifeTime>
<method=bitvector/>
specinterface_ln0     (specinterface    ) [ 000000000]
specinterface_ln0     (specinterface    ) [ 000000000]
specinterface_ln0     (specinterface    ) [ 000000000]
specinterface_ln0     (specinterface    ) [ 000000000]
specinterface_ln0     (specinterface    ) [ 000000000]
specinterface_ln0     (specinterface    ) [ 000000000]
p_src_cols_V_read     (read             ) [ 001111111]
p_src_rows_V_read     (read             ) [ 001111111]
br_ln1967             (br               ) [ 011111111]
i_0_i                 (phi              ) [ 001000000]
zext_ln1967           (zext             ) [ 000000000]
icmp_ln1967           (icmp             ) [ 001111111]
speclooptripcount_ln0 (speclooptripcount) [ 000000000]
i                     (add              ) [ 011111111]
br_ln1967             (br               ) [ 000000000]
specloopname_ln1967   (specloopname     ) [ 000000000]
tmp_4_i               (specregionbegin  ) [ 000111111]
br_ln1968             (br               ) [ 001111111]
ret_ln0               (ret              ) [ 000000000]
j_0_i                 (phi              ) [ 000100000]
zext_ln1968           (zext             ) [ 000000000]
icmp_ln1968           (icmp             ) [ 001111111]
speclooptripcount_ln0 (speclooptripcount) [ 000000000]
j                     (add              ) [ 001111111]
br_ln1968             (br               ) [ 000000000]
tmp_6_i               (specregionbegin  ) [ 000000000]
specprotocol_ln676    (specprotocol     ) [ 000000000]
tmp_66                (read             ) [ 000101000]
tmp_67                (read             ) [ 000101100]
tmp_68                (read             ) [ 000101100]
empty                 (specregionend    ) [ 000000000]
zext_ln703            (zext             ) [ 000000000]
mul_ln703             (mul              ) [ 000100100]
zext_ln703_1          (zext             ) [ 000000000]
mul_ln703_1           (mul              ) [ 000000000]
zext_ln1118           (zext             ) [ 000000000]
r_V                   (mul              ) [ 000000000]
zext_ln703_2          (zext             ) [ 000000000]
ret_V                 (add              ) [ 000000000]
zext_ln703_3          (zext             ) [ 000000000]
ret_V_12              (add              ) [ 000100010]
p_Val2_6              (partselect       ) [ 000100010]
tmp                   (bitselect        ) [ 000100010]
specloopname_ln1968   (specloopname     ) [ 000000000]
tmp_5_i               (specregionbegin  ) [ 000000000]
specpipeline_ln1970   (specpipeline     ) [ 000000000]
zext_ln415            (zext             ) [ 000000000]
p_Val2_120            (add              ) [ 000000000]
tmp_63                (bitselect        ) [ 000000000]
xor_ln777             (xor              ) [ 000000000]
tmp_64                (bitselect        ) [ 000000000]
deleted_zeros         (or               ) [ 000000000]
p_Val2_s              (select           ) [ 000000000]
tmp_7_i               (specregionbegin  ) [ 000000000]
specprotocol_ln700    (specprotocol     ) [ 000000000]
write_ln703           (write            ) [ 000000000]
empty_197             (specregionend    ) [ 000000000]
empty_198             (specregionend    ) [ 000000000]
br_ln1968             (br               ) [ 001111111]
empty_199             (specregionend    ) [ 000000000]
br_ln1967             (br               ) [ 011111111]
</LifeTime>

<model>

<comp_list>
<comp id="0" class="1000" name="p_src_rows_V">
<pin_list>
<pin id="1" dir="1" index="0" bw="1" slack="0"/>
</pin_list>
<bind>
<StgValue><ssdm name="p_src_rows_V"/></StgValue>
</bind>
</comp>

<comp id="2" class="1000" name="p_src_cols_V">
<pin_list>
<pin id="3" dir="1" index="0" bw="1" slack="0"/>
</pin_list>
<bind>
<StgValue><ssdm name="p_src_cols_V"/></StgValue>
</bind>
</comp>

<comp id="4" class="1000" name="p_src_data_stream_0_V">
<pin_list>
<pin id="5" dir="1" index="0" bw="1" slack="0"/>
</pin_list>
<bind>
<StgValue><ssdm name="p_src_data_stream_0_V"/></StgValue>
</bind>
</comp>

<comp id="6" class="1000" name="p_src_data_stream_1_V">
<pin_list>
<pin id="7" dir="1" index="0" bw="1" slack="0"/>
</pin_list>
<bind>
<StgValue><ssdm name="p_src_data_stream_1_V"/></StgValue>
</bind>
</comp>

<comp id="8" class="1000" name="p_src_data_stream_2_V">
<pin_list>
<pin id="9" dir="1" index="0" bw="1" slack="0"/>
</pin_list>
<bind>
<StgValue><ssdm name="p_src_data_stream_2_V"/></StgValue>
</bind>
</comp>

<comp id="10" class="1000" name="p_dst_data_stream_V">
<pin_list>
<pin id="11" dir="1" index="0" bw="1" slack="0"/>
</pin_list>
<bind>
<StgValue><ssdm name="p_dst_data_stream_V"/></StgValue>
</bind>
</comp>

<comp id="12" class="1001" name="const_12">
<pin_list>
<pin id="13" dir="1" index="0" bw="1" slack="2147483647"/>
</pin_list>
<bind>
<StgValue><ssdm name="_ssdm_op_SpecInterface"/></StgValue>
</bind>
</comp>

<comp id="14" class="1001" name="const_14">
<pin_list>
<pin id="15" dir="1" index="0" bw="1" slack="2147483647"/>
</pin_list>
<bind>
<StgValue><ssdm name="ap_fifo_str"/></StgValue>
</bind>
</comp>

<comp id="16" class="1001" name="const_16">
<pin_list>
<pin id="17" dir="1" index="0" bw="1" slack="2147483647"/>
</pin_list>
<bind>
<StgValue><ssdm name=""/></StgValue>
</bind>
</comp>

<comp id="18" class="1001" name="const_18">
<pin_list>
<pin id="19" dir="1" index="0" bw="1" slack="2147483647"/>
</pin_list>
<bind>
<StgValue><ssdm name="p_str212"/></StgValue>
</bind>
</comp>

<comp id="20" class="1001" name="const_20">
<pin_list>
<pin id="21" dir="1" index="0" bw="1" slack="2147483647"/>
</pin_list>
<bind>
<StgValue><ssdm name="p_str213"/></StgValue>
</bind>
</comp>

<comp id="22" class="1001" name="const_22">
<pin_list>
<pin id="23" dir="1" index="0" bw="1" slack="2147483647"/>
</pin_list>
<bind>
<StgValue><ssdm name="p_str214"/></StgValue>
</bind>
</comp>

<comp id="24" class="1001" name="const_24">
<pin_list>
<pin id="25" dir="1" index="0" bw="1" slack="2147483647"/>
</pin_list>
<bind>
<StgValue><ssdm name="p_str215"/></StgValue>
</bind>
</comp>

<comp id="26" class="1001" name="const_26">
<pin_list>
<pin id="27" dir="1" index="0" bw="1" slack="2147483647"/>
</pin_list>
<bind>
<StgValue><ssdm name=""/></StgValue>
</bind>
</comp>

<comp id="28" class="1001" name="const_28">
<pin_list>
<pin id="29" dir="1" index="0" bw="1" slack="2147483647"/>
</pin_list>
<bind>
<StgValue><ssdm name=""/></StgValue>
</bind>
</comp>

<comp id="30" class="1001" name="const_30">
<pin_list>
<pin id="31" dir="1" index="0" bw="1" slack="2147483647"/>
</pin_list>
<bind>
<StgValue><ssdm name="p_str216"/></StgValue>
</bind>
</comp>

<comp id="32" class="1001" name="const_32">
<pin_list>
<pin id="33" dir="1" index="0" bw="1" slack="2147483647"/>
</pin_list>
<bind>
<StgValue><ssdm name="p_str217"/></StgValue>
</bind>
</comp>

<comp id="34" class="1001" name="const_34">
<pin_list>
<pin id="35" dir="1" index="0" bw="1" slack="2147483647"/>
</pin_list>
<bind>
<StgValue><ssdm name="p_str205"/></StgValue>
</bind>
</comp>

<comp id="36" class="1001" name="const_36">
<pin_list>
<pin id="37" dir="1" index="0" bw="1" slack="2147483647"/>
</pin_list>
<bind>
<StgValue><ssdm name="p_str206"/></StgValue>
</bind>
</comp>

<comp id="38" class="1001" name="const_38">
<pin_list>
<pin id="39" dir="1" index="0" bw="1" slack="2147483647"/>
</pin_list>
<bind>
<StgValue><ssdm name="p_str207"/></StgValue>
</bind>
</comp>

<comp id="40" class="1001" name="const_40">
<pin_list>
<pin id="41" dir="1" index="0" bw="1" slack="2147483647"/>
</pin_list>
<bind>
<StgValue><ssdm name="p_str208"/></StgValue>
</bind>
</comp>

<comp id="42" class="1001" name="const_42">
<pin_list>
<pin id="43" dir="1" index="0" bw="1" slack="2147483647"/>
</pin_list>
<bind>
<StgValue><ssdm name="p_str209"/></StgValue>
</bind>
</comp>

<comp id="44" class="1001" name="const_44">
<pin_list>
<pin id="45" dir="1" index="0" bw="1" slack="2147483647"/>
</pin_list>
<bind>
<StgValue><ssdm name="p_str210"/></StgValue>
</bind>
</comp>

<comp id="46" class="1001" name="const_46">
<pin_list>
<pin id="47" dir="1" index="0" bw="1" slack="2147483647"/>
</pin_list>
<bind>
<StgValue><ssdm name="p_str198"/></StgValue>
</bind>
</comp>

<comp id="48" class="1001" name="const_48">
<pin_list>
<pin id="49" dir="1" index="0" bw="1" slack="2147483647"/>
</pin_list>
<bind>
<StgValue><ssdm name="p_str199"/></StgValue>
</bind>
</comp>

<comp id="50" class="1001" name="const_50">
<pin_list>
<pin id="51" dir="1" index="0" bw="1" slack="2147483647"/>
</pin_list>
<bind>
<StgValue><ssdm name="p_str200"/></StgValue>
</bind>
</comp>

<comp id="52" class="1001" name="const_52">
<pin_list>
<pin id="53" dir="1" index="0" bw="1" slack="2147483647"/>
</pin_list>
<bind>
<StgValue><ssdm name="p_str201"/></StgValue>
</bind>
</comp>

<comp id="54" class="1001" name="const_54">
<pin_list>
<pin id="55" dir="1" index="0" bw="1" slack="2147483647"/>
</pin_list>
<bind>
<StgValue><ssdm name="p_str202"/></StgValue>
</bind>
</comp>

<comp id="56" class="1001" name="const_56">
<pin_list>
<pin id="57" dir="1" index="0" bw="1" slack="2147483647"/>
</pin_list>
<bind>
<StgValue><ssdm name="p_str203"/></StgValue>
</bind>
</comp>

<comp id="58" class="1001" name="const_58">
<pin_list>
<pin id="59" dir="1" index="0" bw="1" slack="2147483647"/>
</pin_list>
<bind>
<StgValue><ssdm name="p_str191"/></StgValue>
</bind>
</comp>

<comp id="60" class="1001" name="const_60">
<pin_list>
<pin id="61" dir="1" index="0" bw="1" slack="2147483647"/>
</pin_list>
<bind>
<StgValue><ssdm name="p_str192"/></StgValue>
</bind>
</comp>

<comp id="62" class="1001" name="const_62">
<pin_list>
<pin id="63" dir="1" index="0" bw="1" slack="2147483647"/>
</pin_list>
<bind>
<StgValue><ssdm name="p_str193"/></StgValue>
</bind>
</comp>

<comp id="64" class="1001" name="const_64">
<pin_list>
<pin id="65" dir="1" index="0" bw="1" slack="2147483647"/>
</pin_list>
<bind>
<StgValue><ssdm name="p_str194"/></StgValue>
</bind>
</comp>

<comp id="66" class="1001" name="const_66">
<pin_list>
<pin id="67" dir="1" index="0" bw="1" slack="2147483647"/>
</pin_list>
<bind>
<StgValue><ssdm name="p_str195"/></StgValue>
</bind>
</comp>

<comp id="68" class="1001" name="const_68">
<pin_list>
<pin id="69" dir="1" index="0" bw="1" slack="2147483647"/>
</pin_list>
<bind>
<StgValue><ssdm name="p_str196"/></StgValue>
</bind>
</comp>

<comp id="70" class="1001" name="const_70">
<pin_list>
<pin id="71" dir="1" index="0" bw="1" slack="2147483647"/>
</pin_list>
<bind>
<StgValue><ssdm name="p_str298"/></StgValue>
</bind>
</comp>

<comp id="72" class="1001" name="const_72">
<pin_list>
<pin id="73" dir="1" index="0" bw="1" slack="2147483647"/>
</pin_list>
<bind>
<StgValue><ssdm name="p_str299"/></StgValue>
</bind>
</comp>

<comp id="74" class="1001" name="const_74">
<pin_list>
<pin id="75" dir="1" index="0" bw="1" slack="2147483647"/>
</pin_list>
<bind>
<StgValue><ssdm name="p_str300"/></StgValue>
</bind>
</comp>

<comp id="76" class="1001" name="const_76">
<pin_list>
<pin id="77" dir="1" index="0" bw="1" slack="2147483647"/>
</pin_list>
<bind>
<StgValue><ssdm name="p_str301"/></StgValue>
</bind>
</comp>

<comp id="78" class="1001" name="const_78">
<pin_list>
<pin id="79" dir="1" index="0" bw="1" slack="2147483647"/>
</pin_list>
<bind>
<StgValue><ssdm name="p_str302"/></StgValue>
</bind>
</comp>

<comp id="80" class="1001" name="const_80">
<pin_list>
<pin id="81" dir="1" index="0" bw="1" slack="2147483647"/>
</pin_list>
<bind>
<StgValue><ssdm name="ScalarProp_str"/></StgValue>
</bind>
</comp>

<comp id="82" class="1001" name="const_82">
<pin_list>
<pin id="83" dir="1" index="0" bw="1" slack="2147483647"/>
</pin_list>
<bind>
<StgValue><ssdm name="p_str303"/></StgValue>
</bind>
</comp>

<comp id="84" class="1001" name="const_84">
<pin_list>
<pin id="85" dir="1" index="0" bw="1" slack="2147483647"/>
</pin_list>
<bind>
<StgValue><ssdm name="p_str304"/></StgValue>
</bind>
</comp>

<comp id="86" class="1001" name="const_86">
<pin_list>
<pin id="87" dir="1" index="0" bw="1" slack="2147483647"/>
</pin_list>
<bind>
<StgValue><ssdm name="p_str305"/></StgValue>
</bind>
</comp>

<comp id="88" class="1001" name="const_88">
<pin_list>
<pin id="89" dir="1" index="0" bw="1" slack="2147483647"/>
</pin_list>
<bind>
<StgValue><ssdm name="p_str306"/></StgValue>
</bind>
</comp>

<comp id="90" class="1001" name="const_90">
<pin_list>
<pin id="91" dir="1" index="0" bw="1" slack="2147483647"/>
</pin_list>
<bind>
<StgValue><ssdm name="p_str307"/></StgValue>
</bind>
</comp>

<comp id="92" class="1001" name="const_92">
<pin_list>
<pin id="93" dir="1" index="0" bw="1" slack="0"/>
</pin_list>
<bind>
<StgValue><ssdm name="_ssdm_op_Read.ap_fifo.i10P"/></StgValue>
</bind>
</comp>

<comp id="94" class="1001" name="const_94">
<pin_list>
<pin id="95" dir="1" index="0" bw="1" slack="1"/>
</pin_list>
<bind>
<StgValue><ssdm name=""/></StgValue>
</bind>
</comp>

<comp id="96" class="1001" name="const_96">
<pin_list>
<pin id="97" dir="1" index="0" bw="1" slack="2147483647"/>
</pin_list>
<bind>
<StgValue><ssdm name="_ssdm_op_SpecLoopTripCount"/></StgValue>
</bind>
</comp>

<comp id="98" class="1001" name="const_98">
<pin_list>
<pin id="99" dir="1" index="0" bw="1" slack="2147483647"/>
</pin_list>
<bind>
<StgValue><ssdm name=""/></StgValue>
</bind>
</comp>

<comp id="100" class="1001" name="const_100">
<pin_list>
<pin id="101" dir="1" index="0" bw="1" slack="2147483647"/>
</pin_list>
<bind>
<StgValue><ssdm name=""/></StgValue>
</bind>
</comp>

<comp id="102" class="1001" name="const_102">
<pin_list>
<pin id="103" dir="1" index="0" bw="1" slack="0"/>
</pin_list>
<bind>
<StgValue><ssdm name=""/></StgValue>
</bind>
</comp>

<comp id="104" class="1001" name="const_104">
<pin_list>
<pin id="105" dir="1" index="0" bw="1" slack="2147483647"/>
</pin_list>
<bind>
<StgValue><ssdm name="_ssdm_op_SpecLoopName"/></StgValue>
</bind>
</comp>

<comp id="106" class="1001" name="const_106">
<pin_list>
<pin id="107" dir="1" index="0" bw="1" slack="2147483647"/>
</pin_list>
<bind>
<StgValue><ssdm name="p_str25"/></StgValue>
</bind>
</comp>

<comp id="108" class="1001" name="const_108">
<pin_list>
<pin id="109" dir="1" index="0" bw="1" slack="2147483647"/>
</pin_list>
<bind>
<StgValue><ssdm name="_ssdm_op_SpecRegionBegin"/></StgValue>
</bind>
</comp>

<comp id="110" class="1001" name="const_110">
<pin_list>
<pin id="111" dir="1" index="0" bw="1" slack="2147483647"/>
</pin_list>
<bind>
<StgValue><ssdm name=""/></StgValue>
</bind>
</comp>

<comp id="112" class="1001" name="const_112">
<pin_list>
<pin id="113" dir="1" index="0" bw="1" slack="2147483647"/>
</pin_list>
<bind>
<StgValue><ssdm name="p_str49"/></StgValue>
</bind>
</comp>

<comp id="114" class="1001" name="const_114">
<pin_list>
<pin id="115" dir="1" index="0" bw="1" slack="2147483647"/>
</pin_list>
<bind>
<StgValue><ssdm name="_ssdm_op_SpecProtocol"/></StgValue>
</bind>
</comp>

<comp id="116" class="1001" name="const_116">
<pin_list>
<pin id="117" dir="1" index="0" bw="1" slack="2147483647"/>
</pin_list>
<bind>
<StgValue><ssdm name="p_str5"/></StgValue>
</bind>
</comp>

<comp id="118" class="1001" name="const_118">
<pin_list>
<pin id="119" dir="1" index="0" bw="1" slack="0"/>
</pin_list>
<bind>
<StgValue><ssdm name="_ssdm_op_Read.ap_fifo.volatile.i8P"/></StgValue>
</bind>
</comp>

<comp id="120" class="1001" name="const_120">
<pin_list>
<pin id="121" dir="1" index="0" bw="1" slack="2147483647"/>
</pin_list>
<bind>
<StgValue><ssdm name="_ssdm_op_SpecRegionEnd"/></StgValue>
</bind>
</comp>

<comp id="122" class="1001" name="const_122">
<pin_list>
<pin id="123" dir="1" index="0" bw="1" slack="0"/>
</pin_list>
<bind>
<StgValue><ssdm name=""/></StgValue>
</bind>
</comp>

<comp id="124" class="1001" name="const_124">
<pin_list>
<pin id="125" dir="1" index="0" bw="1" slack="0"/>
</pin_list>
<bind>
<StgValue><ssdm name=""/></StgValue>
</bind>
</comp>

<comp id="126" class="1001" name="const_126">
<pin_list>
<pin id="127" dir="1" index="0" bw="1" slack="0"/>
</pin_list>
<bind>
<StgValue><ssdm name=""/></StgValue>
</bind>
</comp>

<comp id="128" class="1001" name="const_128">
<pin_list>
<pin id="129" dir="1" index="0" bw="1" slack="0"/>
</pin_list>
<bind>
<StgValue><ssdm name="_ssdm_op_PartSelect.i8.i30.i32.i32"/></StgValue>
</bind>
</comp>

<comp id="130" class="1001" name="const_130">
<pin_list>
<pin id="131" dir="1" index="0" bw="1" slack="0"/>
</pin_list>
<bind>
<StgValue><ssdm name=""/></StgValue>
</bind>
</comp>

<comp id="132" class="1001" name="const_132">
<pin_list>
<pin id="133" dir="1" index="0" bw="1" slack="0"/>
</pin_list>
<bind>
<StgValue><ssdm name=""/></StgValue>
</bind>
</comp>

<comp id="134" class="1001" name="const_134">
<pin_list>
<pin id="135" dir="1" index="0" bw="1" slack="0"/>
</pin_list>
<bind>
<StgValue><ssdm name="_ssdm_op_BitSelect.i1.i30.i32"/></StgValue>
</bind>
</comp>

<comp id="136" class="1001" name="const_136">
<pin_list>
<pin id="137" dir="1" index="0" bw="1" slack="0"/>
</pin_list>
<bind>
<StgValue><ssdm name=""/></StgValue>
</bind>
</comp>

<comp id="138" class="1001" name="const_138">
<pin_list>
<pin id="139" dir="1" index="0" bw="1" slack="2147483647"/>
</pin_list>
<bind>
<StgValue><ssdm name="p_str26"/></StgValue>
</bind>
</comp>

<comp id="140" class="1001" name="const_140">
<pin_list>
<pin id="141" dir="1" index="0" bw="1" slack="2147483647"/>
</pin_list>
<bind>
<StgValue><ssdm name="_ssdm_op_SpecPipeline"/></StgValue>
</bind>
</comp>

<comp id="142" class="1001" name="const_142">
<pin_list>
<pin id="143" dir="1" index="0" bw="1" slack="2147483647"/>
</pin_list>
<bind>
<StgValue><ssdm name=""/></StgValue>
</bind>
</comp>

<comp id="144" class="1001" name="const_144">
<pin_list>
<pin id="145" dir="1" index="0" bw="1" slack="2147483647"/>
</pin_list>
<bind>
<StgValue><ssdm name=""/></StgValue>
</bind>
</comp>

<comp id="146" class="1001" name="const_146">
<pin_list>
<pin id="147" dir="1" index="0" bw="1" slack="0"/>
</pin_list>
<bind>
<StgValue><ssdm name=""/></StgValue>
</bind>
</comp>

<comp id="148" class="1001" name="const_148">
<pin_list>
<pin id="149" dir="1" index="0" bw="1" slack="0"/>
</pin_list>
<bind>
<StgValue><ssdm name="_ssdm_op_BitSelect.i1.i8.i32"/></StgValue>
</bind>
</comp>

<comp id="150" class="1001" name="const_150">
<pin_list>
<pin id="151" dir="1" index="0" bw="1" slack="0"/>
</pin_list>
<bind>
<StgValue><ssdm name=""/></StgValue>
</bind>
</comp>

<comp id="152" class="1001" name="const_152">
<pin_list>
<pin id="153" dir="1" index="0" bw="1" slack="0"/>
</pin_list>
<bind>
<StgValue><ssdm name=""/></StgValue>
</bind>
</comp>

<comp id="154" class="1001" name="const_154">
<pin_list>
<pin id="155" dir="1" index="0" bw="1" slack="2147483647"/>
</pin_list>
<bind>
<StgValue><ssdm name="p_str55"/></StgValue>
</bind>
</comp>

<comp id="156" class="1001" name="const_156">
<pin_list>
<pin id="157" dir="1" index="0" bw="1" slack="0"/>
</pin_list>
<bind>
<StgValue><ssdm name="_ssdm_op_Write.ap_fifo.volatile.i8P"/></StgValue>
</bind>
</comp>

<comp id="158" class="1004" name="p_src_cols_V_read_read_fu_158">
<pin_list>
<pin id="159" dir="0" index="0" bw="10" slack="0"/>
<pin id="160" dir="0" index="1" bw="10" slack="0"/>
<pin id="161" dir="1" index="2" bw="10" slack="2"/>
</pin_list>
<bind>
<opcode="read(1150) " fcode="read"/>
<opset="p_src_cols_V_read/1 "/>
</bind>
</comp>

<comp id="164" class="1004" name="p_src_rows_V_read_read_fu_164">
<pin_list>
<pin id="165" dir="0" index="0" bw="10" slack="0"/>
<pin id="166" dir="0" index="1" bw="10" slack="0"/>
<pin id="167" dir="1" index="2" bw="10" slack="1"/>
</pin_list>
<bind>
<opcode="read(1150) " fcode="read"/>
<opset="p_src_rows_V_read/1 "/>
</bind>
</comp>

<comp id="170" class="1004" name="tmp_66_read_fu_170">
<pin_list>
<pin id="171" dir="0" index="0" bw="8" slack="0"/>
<pin id="172" dir="0" index="1" bw="8" slack="0"/>
<pin id="173" dir="1" index="2" bw="8" slack="1"/>
</pin_list>
<bind>
<opcode="read(1150) " fcode="read"/>
<opset="tmp_66/4 "/>
</bind>
</comp>

<comp id="176" class="1004" name="tmp_67_read_fu_176">
<pin_list>
<pin id="177" dir="0" index="0" bw="8" slack="0"/>
<pin id="178" dir="0" index="1" bw="8" slack="0"/>
<pin id="179" dir="1" index="2" bw="8" slack="2"/>
</pin_list>
<bind>
<opcode="read(1150) " fcode="read"/>
<opset="tmp_67/4 "/>
</bind>
</comp>

<comp id="182" class="1004" name="tmp_68_read_fu_182">
<pin_list>
<pin id="183" dir="0" index="0" bw="8" slack="0"/>
<pin id="184" dir="0" index="1" bw="8" slack="0"/>
<pin id="185" dir="1" index="2" bw="8" slack="2"/>
</pin_list>
<bind>
<opcode="read(1150) " fcode="read"/>
<opset="tmp_68/4 "/>
</bind>
</comp>

<comp id="188" class="1004" name="write_ln703_write_fu_188">
<pin_list>
<pin id="189" dir="0" index="0" bw="0" slack="0"/>
<pin id="190" dir="0" index="1" bw="8" slack="0"/>
<pin id="191" dir="0" index="2" bw="8" slack="0"/>
<pin id="192" dir="1" index="3" bw="0" slack="2147483647"/>
</pin_list>
<bind>
<opcode="write(1151) " fcode="write"/>
<opset="write_ln703/7 "/>
</bind>
</comp>

<comp id="195" class="1005" name="i_0_i_reg_195">
<pin_list>
<pin id="196" dir="0" index="0" bw="9" slack="1"/>
<pin id="197" dir="1" index="1" bw="9" slack="1"/>
</pin_list>
<bind>
<opset="i_0_i (phireg) "/>
</bind>
</comp>

<comp id="199" class="1004" name="i_0_i_phi_fu_199">
<pin_list>
<pin id="200" dir="0" index="0" bw="1" slack="1"/>
<pin id="201" dir="0" index="1" bw="0" slack="2147483647"/>
<pin id="202" dir="0" index="2" bw="9" slack="0"/>
<pin id="203" dir="0" index="3" bw="0" slack="2147483647"/>
<pin id="204" dir="1" index="4" bw="9" slack="0"/>
</pin_list>
<bind>
<opcode="phi(47) " fcode="phi"/>
<opset="i_0_i/2 "/>
</bind>
</comp>

<comp id="206" class="1005" name="j_0_i_reg_206">
<pin_list>
<pin id="207" dir="0" index="0" bw="9" slack="1"/>
<pin id="208" dir="1" index="1" bw="9" slack="1"/>
</pin_list>
<bind>
<opset="j_0_i (phireg) "/>
</bind>
</comp>

<comp id="210" class="1004" name="j_0_i_phi_fu_210">
<pin_list>
<pin id="211" dir="0" index="0" bw="1" slack="1"/>
<pin id="212" dir="0" index="1" bw="0" slack="2147483647"/>
<pin id="213" dir="0" index="2" bw="9" slack="0"/>
<pin id="214" dir="0" index="3" bw="0" slack="2147483647"/>
<pin id="215" dir="1" index="4" bw="9" slack="0"/>
</pin_list>
<bind>
<opcode="phi(47) " fcode="phi"/>
<opset="j_0_i/3 "/>
</bind>
</comp>

<comp id="217" class="1004" name="zext_ln1967_fu_217">
<pin_list>
<pin id="218" dir="0" index="0" bw="9" slack="0"/>
<pin id="219" dir="1" index="1" bw="10" slack="0"/>
</pin_list>
<bind>
<opcode="zext(34) " fcode="zext"/>
<opset="zext_ln1967/2 "/>
</bind>
</comp>

<comp id="221" class="1004" name="icmp_ln1967_fu_221">
<pin_list>
<pin id="222" dir="0" index="0" bw="10" slack="0"/>
<pin id="223" dir="0" index="1" bw="10" slack="1"/>
<pin id="224" dir="1" index="2" bw="1" slack="1"/>
</pin_list>
<bind>
<opcode="icmp(45) " fcode="icmp"/>
<opset="icmp_ln1967/2 "/>
</bind>
</comp>

<comp id="226" class="1004" name="i_fu_226">
<pin_list>
<pin id="227" dir="0" index="0" bw="9" slack="0"/>
<pin id="228" dir="0" index="1" bw="1" slack="0"/>
<pin id="229" dir="1" index="2" bw="9" slack="0"/>
</pin_list>
<bind>
<opcode="add(8) " fcode="add"/>
<opset="i/2 "/>
</bind>
</comp>

<comp id="232" class="1004" name="zext_ln1968_fu_232">
<pin_list>
<pin id="233" dir="0" index="0" bw="9" slack="0"/>
<pin id="234" dir="1" index="1" bw="10" slack="0"/>
</pin_list>
<bind>
<opcode="zext(34) " fcode="zext"/>
<opset="zext_ln1968/3 "/>
</bind>
</comp>

<comp id="236" class="1004" name="icmp_ln1968_fu_236">
<pin_list>
<pin id="237" dir="0" index="0" bw="10" slack="0"/>
<pin id="238" dir="0" index="1" bw="10" slack="2"/>
<pin id="239" dir="1" index="2" bw="1" slack="1"/>
</pin_list>
<bind>
<opcode="icmp(45) " fcode="icmp"/>
<opset="icmp_ln1968/3 "/>
</bind>
</comp>

<comp id="241" class="1004" name="j_fu_241">
<pin_list>
<pin id="242" dir="0" index="0" bw="9" slack="0"/>
<pin id="243" dir="0" index="1" bw="1" slack="0"/>
<pin id="244" dir="1" index="2" bw="9" slack="0"/>
</pin_list>
<bind>
<opcode="add(8) " fcode="add"/>
<opset="j/3 "/>
</bind>
</comp>

<comp id="247" class="1004" name="zext_ln703_fu_247">
<pin_list>
<pin id="248" dir="0" index="0" bw="8" slack="1"/>
<pin id="249" dir="1" index="1" bw="29" slack="0"/>
</pin_list>
<bind>
<opcode="zext(34) " fcode="zext"/>
<opset="zext_ln703/5 "/>
</bind>
</comp>

<comp id="250" class="1004" name="zext_ln703_1_fu_250">
<pin_list>
<pin id="251" dir="0" index="0" bw="8" slack="2"/>
<pin id="252" dir="1" index="1" bw="30" slack="0"/>
</pin_list>
<bind>
<opcode="zext(34) " fcode="zext"/>
<opset="zext_ln703_1/6 "/>
</bind>
</comp>

<comp id="253" class="1004" name="zext_ln1118_fu_253">
<pin_list>
<pin id="254" dir="0" index="0" bw="8" slack="2"/>
<pin id="255" dir="1" index="1" bw="28" slack="0"/>
</pin_list>
<bind>
<opcode="zext(34) " fcode="zext"/>
<opset="zext_ln1118/6 "/>
</bind>
</comp>

<comp id="256" class="1004" name="zext_ln703_3_fu_256">
<pin_list>
<pin id="257" dir="0" index="0" bw="29" slack="0"/>
<pin id="258" dir="1" index="1" bw="30" slack="0"/>
</pin_list>
<bind>
<opcode="zext(34) " fcode="zext"/>
<opset="zext_ln703_3/6 "/>
</bind>
</comp>

<comp id="259" class="1004" name="p_Val2_6_fu_259">
<pin_list>
<pin id="260" dir="0" index="0" bw="8" slack="0"/>
<pin id="261" dir="0" index="1" bw="30" slack="0"/>
<pin id="262" dir="0" index="2" bw="6" slack="0"/>
<pin id="263" dir="0" index="3" bw="6" slack="0"/>
<pin id="264" dir="1" index="4" bw="8" slack="1"/>
</pin_list>
<bind>
<opcode="partselect(1002) " fcode="partselect"/>
<opset="p_Val2_6/6 "/>
</bind>
</comp>

<comp id="268" class="1004" name="tmp_fu_268">
<pin_list>
<pin id="269" dir="0" index="0" bw="1" slack="0"/>
<pin id="270" dir="0" index="1" bw="30" slack="0"/>
<pin id="271" dir="0" index="2" bw="6" slack="0"/>
<pin id="272" dir="1" index="3" bw="1" slack="1"/>
</pin_list>
<bind>
<opcode="bitselect(1000) " fcode="bitselect"/>
<opset="tmp/6 "/>
</bind>
</comp>

<comp id="275" class="1004" name="zext_ln415_fu_275">
<pin_list>
<pin id="276" dir="0" index="0" bw="1" slack="1"/>
<pin id="277" dir="1" index="1" bw="8" slack="0"/>
</pin_list>
<bind>
<opcode="zext(34) " fcode="zext"/>
<opset="zext_ln415/7 "/>
</bind>
</comp>

<comp id="278" class="1004" name="p_Val2_120_fu_278">
<pin_list>
<pin id="279" dir="0" index="0" bw="1" slack="0"/>
<pin id="280" dir="0" index="1" bw="8" slack="1"/>
<pin id="281" dir="1" index="2" bw="8" slack="0"/>
</pin_list>
<bind>
<opcode="add(8) " fcode="add"/>
<opset="p_Val2_120/7 "/>
</bind>
</comp>

<comp id="283" class="1004" name="tmp_63_fu_283">
<pin_list>
<pin id="284" dir="0" index="0" bw="1" slack="0"/>
<pin id="285" dir="0" index="1" bw="30" slack="1"/>
<pin id="286" dir="0" index="2" bw="6" slack="0"/>
<pin id="287" dir="1" index="3" bw="1" slack="0"/>
</pin_list>
<bind>
<opcode="bitselect(1000) " fcode="bitselect"/>
<opset="tmp_63/7 "/>
</bind>
</comp>

<comp id="290" class="1004" name="xor_ln777_fu_290">
<pin_list>
<pin id="291" dir="0" index="0" bw="1" slack="0"/>
<pin id="292" dir="0" index="1" bw="1" slack="0"/>
<pin id="293" dir="1" index="2" bw="1" slack="0"/>
</pin_list>
<bind>
<opcode="xor(25) " fcode="xor"/>
<opset="xor_ln777/7 "/>
</bind>
</comp>

<comp id="296" class="1004" name="tmp_64_fu_296">
<pin_list>
<pin id="297" dir="0" index="0" bw="1" slack="0"/>
<pin id="298" dir="0" index="1" bw="8" slack="0"/>
<pin id="299" dir="0" index="2" bw="4" slack="0"/>
<pin id="300" dir="1" index="3" bw="1" slack="0"/>
</pin_list>
<bind>
<opcode="bitselect(1000) " fcode="bitselect"/>
<opset="tmp_64/7 "/>
</bind>
</comp>

<comp id="304" class="1004" name="deleted_zeros_fu_304">
<pin_list>
<pin id="305" dir="0" index="0" bw="1" slack="0"/>
<pin id="306" dir="0" index="1" bw="1" slack="0"/>
<pin id="307" dir="1" index="2" bw="1" slack="0"/>
</pin_list>
<bind>
<opcode="or(24) " fcode="or"/>
<opset="deleted_zeros/7 "/>
</bind>
</comp>

<comp id="310" class="1004" name="p_Val2_s_fu_310">
<pin_list>
<pin id="311" dir="0" index="0" bw="1" slack="0"/>
<pin id="312" dir="0" index="1" bw="8" slack="0"/>
<pin id="313" dir="0" index="2" bw="8" slack="0"/>
<pin id="314" dir="1" index="3" bw="8" slack="0"/>
</pin_list>
<bind>
<opcode="select(49) " fcode="select"/>
<opset="p_Val2_s/7 "/>
</bind>
</comp>

<comp id="319" class="1007" name="mul_ln703_fu_319">
<pin_list>
<pin id="320" dir="0" index="0" bw="29" slack="0"/>
<pin id="321" dir="0" index="1" bw="8" slack="0"/>
<pin id="322" dir="1" index="2" bw="29" slack="1"/>
</pin_list>
<bind>
<opcode="mul(12) " fcode="mul"/>
<opset="mul_ln703/5 "/>
</bind>
</comp>

<comp id="325" class="1007" name="grp_fu_325">
<pin_list>
<pin id="326" dir="0" index="0" bw="30" slack="0"/>
<pin id="327" dir="0" index="1" bw="8" slack="0"/>
<pin id="328" dir="0" index="2" bw="29" slack="0"/>
<pin id="329" dir="1" index="3" bw="30" slack="0"/>
</pin_list>
<bind>
<opcode="muladd(1172) " fcode="muladd"/>
<opset="mul_ln703_1/6 ret_V_12/6 "/>
</bind>
</comp>

<comp id="335" class="1007" name="grp_fu_335">
<pin_list>
<pin id="336" dir="0" index="0" bw="28" slack="0"/>
<pin id="337" dir="0" index="1" bw="8" slack="0"/>
<pin id="338" dir="0" index="2" bw="29" slack="2147483647"/>
<pin id="339" dir="1" index="3" bw="29" slack="0"/>
</pin_list>
<bind>
<opcode="muladd(1172) " fcode="muladd"/>
<opset="r_V/6 zext_ln703_2/6 ret_V/6 "/>
</bind>
</comp>

<comp id="343" class="1005" name="p_src_cols_V_read_reg_343">
<pin_list>
<pin id="344" dir="0" index="0" bw="10" slack="2"/>
<pin id="345" dir="1" index="1" bw="10" slack="2"/>
</pin_list>
<bind>
<opset="p_src_cols_V_read "/>
</bind>
</comp>

<comp id="348" class="1005" name="p_src_rows_V_read_reg_348">
<pin_list>
<pin id="349" dir="0" index="0" bw="10" slack="1"/>
<pin id="350" dir="1" index="1" bw="10" slack="1"/>
</pin_list>
<bind>
<opset="p_src_rows_V_read "/>
</bind>
</comp>

<comp id="353" class="1005" name="icmp_ln1967_reg_353">
<pin_list>
<pin id="354" dir="0" index="0" bw="1" slack="1"/>
<pin id="355" dir="1" index="1" bw="1" slack="2147483647"/>
</pin_list>
<bind>
<opset="icmp_ln1967 "/>
</bind>
</comp>

<comp id="357" class="1005" name="i_reg_357">
<pin_list>
<pin id="358" dir="0" index="0" bw="9" slack="0"/>
<pin id="359" dir="1" index="1" bw="9" slack="0"/>
</pin_list>
<bind>
<opset="i "/>
</bind>
</comp>

<comp id="362" class="1005" name="icmp_ln1968_reg_362">
<pin_list>
<pin id="363" dir="0" index="0" bw="1" slack="1"/>
<pin id="364" dir="1" index="1" bw="1" slack="2147483647"/>
</pin_list>
<bind>
<opset="icmp_ln1968 "/>
</bind>
</comp>

<comp id="366" class="1005" name="j_reg_366">
<pin_list>
<pin id="367" dir="0" index="0" bw="9" slack="0"/>
<pin id="368" dir="1" index="1" bw="9" slack="0"/>
</pin_list>
<bind>
<opset="j "/>
</bind>
</comp>

<comp id="371" class="1005" name="tmp_66_reg_371">
<pin_list>
<pin id="372" dir="0" index="0" bw="8" slack="1"/>
<pin id="373" dir="1" index="1" bw="8" slack="1"/>
</pin_list>
<bind>
<opset="tmp_66 "/>
</bind>
</comp>

<comp id="376" class="1005" name="tmp_67_reg_376">
<pin_list>
<pin id="377" dir="0" index="0" bw="8" slack="2"/>
<pin id="378" dir="1" index="1" bw="8" slack="2"/>
</pin_list>
<bind>
<opset="tmp_67 "/>
</bind>
</comp>

<comp id="381" class="1005" name="tmp_68_reg_381">
<pin_list>
<pin id="382" dir="0" index="0" bw="8" slack="2"/>
<pin id="383" dir="1" index="1" bw="8" slack="2"/>
</pin_list>
<bind>
<opset="tmp_68 "/>
</bind>
</comp>

<comp id="386" class="1005" name="mul_ln703_reg_386">
<pin_list>
<pin id="387" dir="0" index="0" bw="29" slack="1"/>
<pin id="388" dir="1" index="1" bw="29" slack="1"/>
</pin_list>
<bind>
<opset="mul_ln703 "/>
</bind>
</comp>

<comp id="391" class="1005" name="ret_V_12_reg_391">
<pin_list>
<pin id="392" dir="0" index="0" bw="30" slack="1"/>
<pin id="393" dir="1" index="1" bw="30" slack="1"/>
</pin_list>
<bind>
<opset="ret_V_12 "/>
</bind>
</comp>

<comp id="396" class="1005" name="p_Val2_6_reg_396">
<pin_list>
<pin id="397" dir="0" index="0" bw="8" slack="1"/>
<pin id="398" dir="1" index="1" bw="8" slack="1"/>
</pin_list>
<bind>
<opset="p_Val2_6 "/>
</bind>
</comp>

<comp id="401" class="1005" name="tmp_reg_401">
<pin_list>
<pin id="402" dir="0" index="0" bw="1" slack="1"/>
<pin id="403" dir="1" index="1" bw="1" slack="1"/>
</pin_list>
<bind>
<opset="tmp "/>
</bind>
</comp>

</comp_list>

<net_list>
<net id="162"><net_src comp="92" pin="0"/><net_sink comp="158" pin=0"/></net>

<net id="163"><net_src comp="2" pin="0"/><net_sink comp="158" pin=1"/></net>

<net id="168"><net_src comp="92" pin="0"/><net_sink comp="164" pin=0"/></net>

<net id="169"><net_src comp="0" pin="0"/><net_sink comp="164" pin=1"/></net>

<net id="174"><net_src comp="118" pin="0"/><net_sink comp="170" pin=0"/></net>

<net id="175"><net_src comp="4" pin="0"/><net_sink comp="170" pin=1"/></net>

<net id="180"><net_src comp="118" pin="0"/><net_sink comp="176" pin=0"/></net>

<net id="181"><net_src comp="6" pin="0"/><net_sink comp="176" pin=1"/></net>

<net id="186"><net_src comp="118" pin="0"/><net_sink comp="182" pin=0"/></net>

<net id="187"><net_src comp="8" pin="0"/><net_sink comp="182" pin=1"/></net>

<net id="193"><net_src comp="156" pin="0"/><net_sink comp="188" pin=0"/></net>

<net id="194"><net_src comp="10" pin="0"/><net_sink comp="188" pin=1"/></net>

<net id="198"><net_src comp="94" pin="0"/><net_sink comp="195" pin=0"/></net>

<net id="205"><net_src comp="195" pin="1"/><net_sink comp="199" pin=0"/></net>

<net id="209"><net_src comp="94" pin="0"/><net_sink comp="206" pin=0"/></net>

<net id="216"><net_src comp="206" pin="1"/><net_sink comp="210" pin=0"/></net>

<net id="220"><net_src comp="199" pin="4"/><net_sink comp="217" pin=0"/></net>

<net id="225"><net_src comp="217" pin="1"/><net_sink comp="221" pin=0"/></net>

<net id="230"><net_src comp="199" pin="4"/><net_sink comp="226" pin=0"/></net>

<net id="231"><net_src comp="102" pin="0"/><net_sink comp="226" pin=1"/></net>

<net id="235"><net_src comp="210" pin="4"/><net_sink comp="232" pin=0"/></net>

<net id="240"><net_src comp="232" pin="1"/><net_sink comp="236" pin=0"/></net>

<net id="245"><net_src comp="210" pin="4"/><net_sink comp="241" pin=0"/></net>

<net id="246"><net_src comp="102" pin="0"/><net_sink comp="241" pin=1"/></net>

<net id="265"><net_src comp="128" pin="0"/><net_sink comp="259" pin=0"/></net>

<net id="266"><net_src comp="130" pin="0"/><net_sink comp="259" pin=2"/></net>

<net id="267"><net_src comp="132" pin="0"/><net_sink comp="259" pin=3"/></net>

<net id="273"><net_src comp="134" pin="0"/><net_sink comp="268" pin=0"/></net>

<net id="274"><net_src comp="136" pin="0"/><net_sink comp="268" pin=2"/></net>

<net id="282"><net_src comp="275" pin="1"/><net_sink comp="278" pin=0"/></net>

<net id="288"><net_src comp="134" pin="0"/><net_sink comp="283" pin=0"/></net>

<net id="289"><net_src comp="132" pin="0"/><net_sink comp="283" pin=2"/></net>

<net id="294"><net_src comp="283" pin="3"/><net_sink comp="290" pin=0"/></net>

<net id="295"><net_src comp="146" pin="0"/><net_sink comp="290" pin=1"/></net>

<net id="301"><net_src comp="148" pin="0"/><net_sink comp="296" pin=0"/></net>

<net id="302"><net_src comp="278" pin="2"/><net_sink comp="296" pin=1"/></net>

<net id="303"><net_src comp="150" pin="0"/><net_sink comp="296" pin=2"/></net>

<net id="308"><net_src comp="296" pin="3"/><net_sink comp="304" pin=0"/></net>

<net id="309"><net_src comp="290" pin="2"/><net_sink comp="304" pin=1"/></net>

<net id="315"><net_src comp="304" pin="2"/><net_sink comp="310" pin=0"/></net>

<net id="316"><net_src comp="278" pin="2"/><net_sink comp="310" pin=1"/></net>

<net id="317"><net_src comp="152" pin="0"/><net_sink comp="310" pin=2"/></net>

<net id="318"><net_src comp="310" pin="3"/><net_sink comp="188" pin=2"/></net>

<net id="323"><net_src comp="122" pin="0"/><net_sink comp="319" pin=0"/></net>

<net id="324"><net_src comp="247" pin="1"/><net_sink comp="319" pin=1"/></net>

<net id="330"><net_src comp="124" pin="0"/><net_sink comp="325" pin=0"/></net>

<net id="331"><net_src comp="250" pin="1"/><net_sink comp="325" pin=1"/></net>

<net id="332"><net_src comp="256" pin="1"/><net_sink comp="325" pin=2"/></net>

<net id="333"><net_src comp="325" pin="3"/><net_sink comp="259" pin=1"/></net>

<net id="334"><net_src comp="325" pin="3"/><net_sink comp="268" pin=1"/></net>

<net id="340"><net_src comp="126" pin="0"/><net_sink comp="335" pin=0"/></net>

<net id="341"><net_src comp="253" pin="1"/><net_sink comp="335" pin=1"/></net>

<net id="342"><net_src comp="335" pin="3"/><net_sink comp="256" pin=0"/></net>

<net id="346"><net_src comp="158" pin="2"/><net_sink comp="343" pin=0"/></net>

<net id="347"><net_src comp="343" pin="1"/><net_sink comp="236" pin=1"/></net>

<net id="351"><net_src comp="164" pin="2"/><net_sink comp="348" pin=0"/></net>

<net id="352"><net_src comp="348" pin="1"/><net_sink comp="221" pin=1"/></net>

<net id="356"><net_src comp="221" pin="2"/><net_sink comp="353" pin=0"/></net>

<net id="360"><net_src comp="226" pin="2"/><net_sink comp="357" pin=0"/></net>

<net id="361"><net_src comp="357" pin="1"/><net_sink comp="199" pin=2"/></net>

<net id="365"><net_src comp="236" pin="2"/><net_sink comp="362" pin=0"/></net>

<net id="369"><net_src comp="241" pin="2"/><net_sink comp="366" pin=0"/></net>

<net id="370"><net_src comp="366" pin="1"/><net_sink comp="210" pin=2"/></net>

<net id="374"><net_src comp="170" pin="2"/><net_sink comp="371" pin=0"/></net>

<net id="375"><net_src comp="371" pin="1"/><net_sink comp="247" pin=0"/></net>

<net id="379"><net_src comp="176" pin="2"/><net_sink comp="376" pin=0"/></net>

<net id="380"><net_src comp="376" pin="1"/><net_sink comp="250" pin=0"/></net>

<net id="384"><net_src comp="182" pin="2"/><net_sink comp="381" pin=0"/></net>

<net id="385"><net_src comp="381" pin="1"/><net_sink comp="253" pin=0"/></net>

<net id="389"><net_src comp="319" pin="2"/><net_sink comp="386" pin=0"/></net>

<net id="390"><net_src comp="386" pin="1"/><net_sink comp="335" pin=1"/></net>

<net id="394"><net_src comp="325" pin="3"/><net_sink comp="391" pin=0"/></net>

<net id="395"><net_src comp="391" pin="1"/><net_sink comp="283" pin=1"/></net>

<net id="399"><net_src comp="259" pin="4"/><net_sink comp="396" pin=0"/></net>

<net id="400"><net_src comp="396" pin="1"/><net_sink comp="278" pin=1"/></net>

<net id="404"><net_src comp="268" pin="3"/><net_sink comp="401" pin=0"/></net>

<net id="405"><net_src comp="401" pin="1"/><net_sink comp="275" pin=0"/></net>

</net_list>

</model> 
---------------- Datapath Model END ------------------

* FSMD analyzer results:
  - Output states:
	Port: p_dst_data_stream_V | {7 }
 - Input state : 
	Port: CvtColor : p_src_rows_V | {1 }
	Port: CvtColor : p_src_cols_V | {1 }
	Port: CvtColor : p_src_data_stream_0_V | {4 }
	Port: CvtColor : p_src_data_stream_1_V | {4 }
	Port: CvtColor : p_src_data_stream_2_V | {4 }
  - Chain level:
	State 1
	State 2
		zext_ln1967 : 1
		icmp_ln1967 : 2
		i : 1
		br_ln1967 : 3
	State 3
		zext_ln1968 : 1
		icmp_ln1968 : 2
		j : 1
		br_ln1968 : 3
	State 4
		empty : 1
	State 5
		mul_ln703 : 1
	State 6
		mul_ln703_1 : 1
		r_V : 1
		zext_ln703_2 : 2
		ret_V : 3
		zext_ln703_3 : 4
		ret_V_12 : 5
		p_Val2_6 : 6
		tmp : 6
	State 7
		p_Val2_120 : 1
		xor_ln777 : 1
		tmp_64 : 2
		deleted_zeros : 3
		p_Val2_s : 3
		write_ln703 : 4
		empty_197 : 1
		empty_198 : 1
	State 8


============================================================
+ Verbose Summary: Datapath Resource usage 
============================================================

* Functional unit list:
|----------|-------------------------------|---------|---------|---------|
| Operation|        Functional Unit        |  DSP48E |    FF   |   LUT   |
|----------|-------------------------------|---------|---------|---------|
|          |            i_fu_226           |    0    |    0    |    15   |
|    add   |            j_fu_241           |    0    |    0    |    15   |
|          |       p_Val2_120_fu_278       |    0    |    0    |    15   |
|----------|-------------------------------|---------|---------|---------|
|   icmp   |       icmp_ln1967_fu_221      |    0    |    0    |    13   |
|          |       icmp_ln1968_fu_236      |    0    |    0    |    13   |
|----------|-------------------------------|---------|---------|---------|
|  select  |        p_Val2_s_fu_310        |    0    |    0    |    8    |
|----------|-------------------------------|---------|---------|---------|
|    xor   |        xor_ln777_fu_290       |    0    |    0    |    2    |
|----------|-------------------------------|---------|---------|---------|
|    or    |      deleted_zeros_fu_304     |    0    |    0    |    2    |
|----------|-------------------------------|---------|---------|---------|
|  muladd  |           grp_fu_325          |    1    |    0    |    0    |
|          |           grp_fu_335          |    1    |    0    |    0    |
|----------|-------------------------------|---------|---------|---------|
|    mul   |        mul_ln703_fu_319       |    1    |    0    |    0    |
|----------|-------------------------------|---------|---------|---------|
|          | p_src_cols_V_read_read_fu_158 |    0    |    0    |    0    |
|          | p_src_rows_V_read_read_fu_164 |    0    |    0    |    0    |
|   read   |       tmp_66_read_fu_170      |    0    |    0    |    0    |
|          |       tmp_67_read_fu_176      |    0    |    0    |    0    |
|          |       tmp_68_read_fu_182      |    0    |    0    |    0    |
|----------|-------------------------------|---------|---------|---------|
|   write  |    write_ln703_write_fu_188   |    0    |    0    |    0    |
|----------|-------------------------------|---------|---------|---------|
|          |       zext_ln1967_fu_217      |    0    |    0    |    0    |
|          |       zext_ln1968_fu_232      |    0    |    0    |    0    |
|          |       zext_ln703_fu_247       |    0    |    0    |    0    |
|   zext   |      zext_ln703_1_fu_250      |    0    |    0    |    0    |
|          |       zext_ln1118_fu_253      |    0    |    0    |    0    |
|          |      zext_ln703_3_fu_256      |    0    |    0    |    0    |
|          |       zext_ln415_fu_275       |    0    |    0    |    0    |
|----------|-------------------------------|---------|---------|---------|
|partselect|        p_Val2_6_fu_259        |    0    |    0    |    0    |
|----------|-------------------------------|---------|---------|---------|
|          |           tmp_fu_268          |    0    |    0    |    0    |
| bitselect|         tmp_63_fu_283         |    0    |    0    |    0    |
|          |         tmp_64_fu_296         |    0    |    0    |    0    |
|----------|-------------------------------|---------|---------|---------|
|   Total  |                               |    3    |    0    |    83   |
|----------|-------------------------------|---------|---------|---------|

Memories:
N/A

* Register list:
+-------------------------+--------+
|                         |   FF   |
+-------------------------+--------+
|      i_0_i_reg_195      |    9   |
|        i_reg_357        |    9   |
|   icmp_ln1967_reg_353   |    1   |
|   icmp_ln1968_reg_362   |    1   |
|      j_0_i_reg_206      |    9   |
|        j_reg_366        |    9   |
|    mul_ln703_reg_386    |   29   |
|     p_Val2_6_reg_396    |    8   |
|p_src_cols_V_read_reg_343|   10   |
|p_src_rows_V_read_reg_348|   10   |
|     ret_V_12_reg_391    |   30   |
|      tmp_66_reg_371     |    8   |
|      tmp_67_reg_376     |    8   |
|      tmp_68_reg_381     |    8   |
|       tmp_reg_401       |    1   |
+-------------------------+--------+
|          Total          |   150  |
+-------------------------+--------+

* Multiplexer (MUX) list: 
|------------|------|------|------|--------||---------||---------|
|    Comp    |  Pin | Size |  BW  | S x BW ||  Delay  ||   LUT   |
|------------|------|------|------|--------||---------||---------|
| grp_fu_335 |  p1  |   2  |   8  |   16   ||    9    |
|------------|------|------|------|--------||---------||---------|
|    Total   |      |      |      |   16   ||  1.769  ||    9    |
|------------|------|------|------|--------||---------||---------|



* Summary:
+-----------+--------+--------+--------+--------+
|           | DSP48E |  Delay |   FF   |   LUT  |
+-----------+--------+--------+--------+--------+
|  Function |    3   |    -   |    0   |   83   |
|   Memory  |    -   |    -   |    -   |    -   |
|Multiplexer|    -   |    1   |    -   |    9   |
|  Register |    -   |    -   |   150  |    -   |
+-----------+--------+--------+--------+--------+
|   Total   |    3   |    1   |   150  |   92   |
+-----------+--------+--------+--------+--------+
