

================================================================
== Vivado HLS Report for 'Mat2AXIvideo'
================================================================
* Date:           Thu Oct  1 13:57:19 2020

* Version:        2019.2 (Build 2704478 on Wed Nov 06 22:10:23 MST 2019)
* Project:        Iris-recognition
* Solution:       PYNQ_SOLUTION
* Product family: zynq
* Target device:  xc7z020-clg400-1


================================================================
== Performance Estimates
================================================================
+ Timing: 
    * Summary: 
    +--------+----------+----------+------------+
    |  Clock |  Target  | Estimated| Uncertainty|
    +--------+----------+----------+------------+
    |ap_clk  | 10.00 ns | 3.634 ns |   1.25 ns  |
    +--------+----------+----------+------------+

+ Latency: 
    * Summary: 
    +---------+---------+----------+----------+-------+-------+---------+
    |  Latency (cycles) |  Latency (absolute) |    Interval   | Pipeline|
    |   min   |   max   |    min   |    max   |  min  |  max  |   Type  |
    +---------+---------+----------+----------+-------+-------+---------+
    |    23233|    23233| 0.232 ms | 0.232 ms |  23233|  23233|   none  |
    +---------+---------+----------+----------+-------+-------+---------+

    + Detail: 
        * Instance: 
        N/A

        * Loop: 
        +---------------+---------+---------+----------+-----------+-----------+------+----------+
        |               |  Latency (cycles) | Iteration|  Initiation Interval  | Trip |          |
        |   Loop Name   |   min   |   max   |  Latency |  achieved |   target  | Count| Pipelined|
        +---------------+---------+---------+----------+-----------+-----------+------+----------+
        |- loop_height  |    23232|    23232|       363|          -|          -|    64|    no    |
        | + loop_width  |      360|      360|         2|          1|          1|   360|    yes   |
        +---------------+---------+---------+----------+-----------+-----------+------+----------+

============================================================
+ Verbose Summary: Synthesis Manager
============================================================
InlineROM: 1
ExposeGlobal: 0
============================================================
+ Verbose Summary: CDFG Model
============================================================
IsTopModel: 0
ResetActiveHigh: 1
IsCombinational: 2
IsDatapathOnly: 0
HasWiredReturn: 1
HasMFsm: 0
HasVarLatency: 1
IsPipeline: 0
IsRtlPipelined: 0
IsInstanceOverlapped: 0
IsDontTouch: 0
HasImplIP: 0
IsGatedGlobalClock: 0

+ Individual pipeline summary: 
  * Pipeline-0: initiation interval (II) = 1, depth = 2


============================================================
+ Verbose Summary: Schedule
============================================================
* Number of FSM states : 5
* Pipeline : 1
  Pipeline-0 : II = 1, D = 2, States = { 3 4 }
* Dataflow Pipeline: 0

* FSM state transitions: 
1 --> 2 
2 --> 3 
3 --> 5 4 
4 --> 3 
5 --> 2 

* FSM state operations: 

State 1 <SV = 0> <Delay = 1.76>
ST_1 : Operation 6 [1/1] (0.00ns)   --->   "%tmp_user_V = alloca i1"   --->   Operation 6 'alloca' 'tmp_user_V' <Predicate = true> <Delay = 0.00>
ST_1 : Operation 7 [1/1] (0.00ns)   --->   "call void (...)* @_ssdm_op_SpecInterface(i8* %img_data_stream_2_V, [8 x i8]* @ap_fifo_str, i32 0, i32 0, [1 x i8]* @p_str262, i32 0, i32 0, [1 x i8]* @p_str263, [1 x i8]* @p_str264, [1 x i8]* @p_str265, i32 2, i32 2, i32 16, i32 16, [1 x i8]* @p_str266, [1 x i8]* @p_str267)"   --->   Operation 7 'specinterface' <Predicate = true> <Delay = 0.00>
ST_1 : Operation 8 [1/1] (0.00ns)   --->   "call void (...)* @_ssdm_op_SpecInterface(i8* %img_data_stream_1_V, [8 x i8]* @ap_fifo_str, i32 0, i32 0, [1 x i8]* @p_str255, i32 0, i32 0, [1 x i8]* @p_str256, [1 x i8]* @p_str257, [1 x i8]* @p_str258, i32 2, i32 2, i32 16, i32 16, [1 x i8]* @p_str259, [1 x i8]* @p_str260)"   --->   Operation 8 'specinterface' <Predicate = true> <Delay = 0.00>
ST_1 : Operation 9 [1/1] (0.00ns)   --->   "call void (...)* @_ssdm_op_SpecInterface(i8* %img_data_stream_0_V, [8 x i8]* @ap_fifo_str, i32 0, i32 0, [1 x i8]* @p_str248, i32 0, i32 0, [1 x i8]* @p_str249, [1 x i8]* @p_str250, [1 x i8]* @p_str251, i32 2, i32 2, i32 16, i32 16, [1 x i8]* @p_str252, [1 x i8]* @p_str253)"   --->   Operation 9 'specinterface' <Predicate = true> <Delay = 0.00>
ST_1 : Operation 10 [1/1] (0.00ns)   --->   "call void (...)* @_ssdm_op_SpecInterface(i32* %AXI_video_strm_V_data_V, i4* %AXI_video_strm_V_keep_V, i4* %AXI_video_strm_V_strb_V, i1* %AXI_video_strm_V_user_V, i1* %AXI_video_strm_V_last_V, i1* %AXI_video_strm_V_id_V, i1* %AXI_video_strm_V_dest_V, [5 x i8]* @p_str14, i32 0, i32 0, [5 x i8]* @p_str15, i32 0, i32 0, [1 x i8]* @p_str3, [1 x i8]* @p_str3, [1 x i8]* @p_str3, i32 0, i32 0, i32 0, i32 0, [1 x i8]* @p_str3, [1 x i8]* @p_str3) nounwind"   --->   Operation 10 'specinterface' <Predicate = true> <Delay = 0.00>
ST_1 : Operation 11 [1/1] (1.76ns)   --->   "store i1 true, i1* %tmp_user_V" [C:/Xilinx/Vivado/2019.2/common/technology/autopilot/hls/hls_video_io.h:125]   --->   Operation 11 'store' <Predicate = true> <Delay = 1.76>
ST_1 : Operation 12 [1/1] (1.76ns)   --->   "br label %0" [C:/Xilinx/Vivado/2019.2/common/technology/autopilot/hls/hls_video_io.h:125]   --->   Operation 12 'br' <Predicate = true> <Delay = 1.76>

State 2 <SV = 1> <Delay = 2.46>
ST_2 : Operation 13 [1/1] (0.00ns)   --->   "%t_V = phi i7 [ 0, %._crit_edge ], [ %i_V, %loop_height_end ]"   --->   Operation 13 'phi' 't_V' <Predicate = true> <Delay = 0.00>
ST_2 : Operation 14 [1/1] (1.48ns)   --->   "%icmp_ln125 = icmp eq i7 %t_V, -64" [C:/Xilinx/Vivado/2019.2/common/technology/autopilot/hls/hls_video_io.h:125]   --->   Operation 14 'icmp' 'icmp_ln125' <Predicate = true> <Delay = 1.48> <Core = "Cmp">   --->   Core 25 'Cmp' <Latency = 0> <II = 1> <Delay = 1.48> <FuncUnit> <Opcode : 'icmp'> <InPorts = 2> <OutPorts = 1>
ST_2 : Operation 15 [1/1] (0.00ns)   --->   "call void (...)* @_ssdm_op_SpecLoopTripCount(i64 64, i64 64, i64 64)"   --->   Operation 15 'speclooptripcount' <Predicate = true> <Delay = 0.00>
ST_2 : Operation 16 [1/1] (1.87ns)   --->   "%i_V = add i7 %t_V, 1" [C:/Xilinx/Vivado/2019.2/common/technology/autopilot/hls/hls_video_io.h:125]   --->   Operation 16 'add' 'i_V' <Predicate = true> <Delay = 1.87> <Core = "AddSub">   --->   Core 14 'AddSub' <Latency = 0> <II = 1> <Delay = 1.87> <FuncUnit> <Opcode : 'add' 'sub'> <InPorts = 2> <OutPorts = 1>
ST_2 : Operation 17 [1/1] (0.00ns)   --->   "br i1 %icmp_ln125, label %2, label %loop_height_begin" [C:/Xilinx/Vivado/2019.2/common/technology/autopilot/hls/hls_video_io.h:125]   --->   Operation 17 'br' <Predicate = true> <Delay = 0.00>
ST_2 : Operation 18 [1/1] (0.00ns)   --->   "call void (...)* @_ssdm_op_SpecLoopName([12 x i8]* @p_str22) nounwind" [C:/Xilinx/Vivado/2019.2/common/technology/autopilot/hls/hls_video_io.h:125]   --->   Operation 18 'specloopname' <Predicate = (!icmp_ln125)> <Delay = 0.00>
ST_2 : Operation 19 [1/1] (0.00ns)   --->   "%tmp_4 = call i32 (...)* @_ssdm_op_SpecRegionBegin([12 x i8]* @p_str22)" [C:/Xilinx/Vivado/2019.2/common/technology/autopilot/hls/hls_video_io.h:125]   --->   Operation 19 'specregionbegin' 'tmp_4' <Predicate = (!icmp_ln125)> <Delay = 0.00>
ST_2 : Operation 20 [1/1] (1.76ns)   --->   "br label %1" [C:/Xilinx/Vivado/2019.2/common/technology/autopilot/hls/hls_video_io.h:126]   --->   Operation 20 'br' <Predicate = (!icmp_ln125)> <Delay = 1.76>
ST_2 : Operation 21 [1/1] (0.00ns)   --->   "ret void"   --->   Operation 21 'ret' <Predicate = (icmp_ln125)> <Delay = 0.00>

State 3 <SV = 2> <Delay = 2.63>
ST_3 : Operation 22 [1/1] (0.00ns)   --->   "%t_V_2 = phi i9 [ 0, %loop_height_begin ], [ %j_V, %loop_width_begin ]"   --->   Operation 22 'phi' 't_V_2' <Predicate = true> <Delay = 0.00>
ST_3 : Operation 23 [1/1] (1.66ns)   --->   "%icmp_ln126 = icmp eq i9 %t_V_2, -152" [C:/Xilinx/Vivado/2019.2/common/technology/autopilot/hls/hls_video_io.h:126]   --->   Operation 23 'icmp' 'icmp_ln126' <Predicate = true> <Delay = 1.66> <Core = "Cmp">   --->   Core 25 'Cmp' <Latency = 0> <II = 1> <Delay = 1.48> <FuncUnit> <Opcode : 'icmp'> <InPorts = 2> <OutPorts = 1>
ST_3 : Operation 24 [1/1] (0.00ns)   --->   "call void (...)* @_ssdm_op_SpecLoopTripCount(i64 360, i64 360, i64 360)"   --->   Operation 24 'speclooptripcount' <Predicate = true> <Delay = 0.00>
ST_3 : Operation 25 [1/1] (1.82ns)   --->   "%j_V = add i9 %t_V_2, 1" [C:/Xilinx/Vivado/2019.2/common/technology/autopilot/hls/hls_video_io.h:126]   --->   Operation 25 'add' 'j_V' <Predicate = true> <Delay = 1.82> <Core = "AddSub">   --->   Core 14 'AddSub' <Latency = 0> <II = 1> <Delay = 1.87> <FuncUnit> <Opcode : 'add' 'sub'> <InPorts = 2> <OutPorts = 1>
ST_3 : Operation 26 [1/1] (0.00ns)   --->   "br i1 %icmp_ln126, label %loop_height_end, label %loop_width_begin" [C:/Xilinx/Vivado/2019.2/common/technology/autopilot/hls/hls_video_io.h:126]   --->   Operation 26 'br' <Predicate = true> <Delay = 0.00>
ST_3 : Operation 27 [1/1] (1.66ns)   --->   "%axi_last_V = icmp eq i9 %t_V_2, -153" [C:/Xilinx/Vivado/2019.2/common/technology/autopilot/hls/hls_video_io.h:135]   --->   Operation 27 'icmp' 'axi_last_V' <Predicate = (!icmp_ln126)> <Delay = 1.66> <Core = "Cmp">   --->   Core 25 'Cmp' <Latency = 0> <II = 1> <Delay = 1.48> <FuncUnit> <Opcode : 'icmp'> <InPorts = 2> <OutPorts = 1>

State 4 <SV = 3> <Delay = 3.63>
ST_4 : Operation 28 [1/1] (0.00ns)   --->   "%tmp_user_V_load = load i1* %tmp_user_V" [C:/Xilinx/Vivado/2019.2/common/technology/autopilot/hls/hls_video_io.h:146]   --->   Operation 28 'load' 'tmp_user_V_load' <Predicate = (!icmp_ln126)> <Delay = 0.00>
ST_4 : Operation 29 [1/1] (0.00ns)   --->   "call void (...)* @_ssdm_op_SpecLoopName([11 x i8]* @p_str23) nounwind" [C:/Xilinx/Vivado/2019.2/common/technology/autopilot/hls/hls_video_io.h:126]   --->   Operation 29 'specloopname' <Predicate = (!icmp_ln126)> <Delay = 0.00>
ST_4 : Operation 30 [1/1] (0.00ns)   --->   "%tmp_5 = call i32 (...)* @_ssdm_op_SpecRegionBegin([11 x i8]* @p_str23)" [C:/Xilinx/Vivado/2019.2/common/technology/autopilot/hls/hls_video_io.h:126]   --->   Operation 30 'specregionbegin' 'tmp_5' <Predicate = (!icmp_ln126)> <Delay = 0.00>
ST_4 : Operation 31 [1/1] (0.00ns)   --->   "call void (...)* @_ssdm_op_SpecPipeline(i32 1, i32 1, i32 1, i32 0, [1 x i8]* @p_str3) nounwind" [C:/Xilinx/Vivado/2019.2/common/technology/autopilot/hls/hls_video_io.h:128]   --->   Operation 31 'specpipeline' <Predicate = (!icmp_ln126)> <Delay = 0.00>
ST_4 : Operation 32 [1/1] (0.00ns)   --->   "%tmp_6 = call i32 (...)* @_ssdm_op_SpecRegionBegin([13 x i8]* @p_str27)" [C:/Xilinx/Vivado/2019.2/common/technology/autopilot/hls/hls_video_core.h:672->C:/Xilinx/Vivado/2019.2/common/technology/autopilot/hls/hls_video_core.h:711->C:/Xilinx/Vivado/2019.2/common/technology/autopilot/hls/hls_video_io.h:140]   --->   Operation 32 'specregionbegin' 'tmp_6' <Predicate = (!icmp_ln126)> <Delay = 0.00>
ST_4 : Operation 33 [1/1] (0.00ns)   --->   "call void (...)* @_ssdm_op_SpecProtocol(i32 0, [1 x i8]* @p_str3) nounwind" [C:/Xilinx/Vivado/2019.2/common/technology/autopilot/hls/hls_video_core.h:676->C:/Xilinx/Vivado/2019.2/common/technology/autopilot/hls/hls_video_core.h:711->C:/Xilinx/Vivado/2019.2/common/technology/autopilot/hls/hls_video_io.h:140]   --->   Operation 33 'specprotocol' <Predicate = (!icmp_ln126)> <Delay = 0.00>
ST_4 : Operation 34 [1/1] (3.63ns)   --->   "%tmp_31 = call i8 @_ssdm_op_Read.ap_fifo.volatile.i8P(i8* %img_data_stream_0_V)" [C:/Xilinx/Vivado/2019.2/common/technology/autopilot/hls/hls_video_core.h:679->C:/Xilinx/Vivado/2019.2/common/technology/autopilot/hls/hls_video_core.h:711->C:/Xilinx/Vivado/2019.2/common/technology/autopilot/hls/hls_video_io.h:140]   --->   Operation 34 'read' 'tmp_31' <Predicate = (!icmp_ln126)> <Delay = 3.63> <Core = "FIFO">   --->   Core 32 'FIFO' <Latency = 0> <II = 1> <Delay = 3.63> <Storage> <Opcode : 'read' 'write' 'nbread' 'nbwrite'> <Ports = 0> <Width = 8> <Depth = 2> <FIFO>
ST_4 : Operation 35 [1/1] (3.63ns)   --->   "%tmp_32 = call i8 @_ssdm_op_Read.ap_fifo.volatile.i8P(i8* %img_data_stream_1_V)" [C:/Xilinx/Vivado/2019.2/common/technology/autopilot/hls/hls_video_core.h:679->C:/Xilinx/Vivado/2019.2/common/technology/autopilot/hls/hls_video_core.h:711->C:/Xilinx/Vivado/2019.2/common/technology/autopilot/hls/hls_video_io.h:140]   --->   Operation 35 'read' 'tmp_32' <Predicate = (!icmp_ln126)> <Delay = 3.63> <Core = "FIFO">   --->   Core 32 'FIFO' <Latency = 0> <II = 1> <Delay = 3.63> <Storage> <Opcode : 'read' 'write' 'nbread' 'nbwrite'> <Ports = 0> <Width = 8> <Depth = 2> <FIFO>
ST_4 : Operation 36 [1/1] (3.63ns)   --->   "%tmp = call i8 @_ssdm_op_Read.ap_fifo.volatile.i8P(i8* %img_data_stream_2_V)" [C:/Xilinx/Vivado/2019.2/common/technology/autopilot/hls/hls_video_core.h:679->C:/Xilinx/Vivado/2019.2/common/technology/autopilot/hls/hls_video_core.h:711->C:/Xilinx/Vivado/2019.2/common/technology/autopilot/hls/hls_video_io.h:140]   --->   Operation 36 'read' 'tmp' <Predicate = (!icmp_ln126)> <Delay = 3.63> <Core = "FIFO">   --->   Core 32 'FIFO' <Latency = 0> <II = 1> <Delay = 3.63> <Storage> <Opcode : 'read' 'write' 'nbread' 'nbwrite'> <Ports = 0> <Width = 8> <Depth = 2> <FIFO>
ST_4 : Operation 37 [1/1] (0.00ns)   --->   "%empty = call i32 (...)* @_ssdm_op_SpecRegionEnd([13 x i8]* @p_str27, i32 %tmp_6)" [C:/Xilinx/Vivado/2019.2/common/technology/autopilot/hls/hls_video_core.h:681->C:/Xilinx/Vivado/2019.2/common/technology/autopilot/hls/hls_video_core.h:711->C:/Xilinx/Vivado/2019.2/common/technology/autopilot/hls/hls_video_io.h:140]   --->   Operation 37 'specregionend' 'empty' <Predicate = (!icmp_ln126)> <Delay = 0.00>
ST_4 : Operation 38 [1/1] (0.00ns)   --->   "%tmp_data_V = call i32 @_ssdm_op_BitConcatenate.i32.i8.i8.i8.i8(i8 -1, i8 %tmp, i8 %tmp_32, i8 %tmp_31)" [C:/Xilinx/Vivado/2019.2/common/technology/autopilot/hls/hls_axi_io.h:78->C:/Xilinx/Vivado/2019.2/common/technology/autopilot/hls/hls_axi_io.h:100->C:/Xilinx/Vivado/2019.2/common/technology/autopilot/hls/hls_video_io.h:143]   --->   Operation 38 'bitconcatenate' 'tmp_data_V' <Predicate = (!icmp_ln126)> <Delay = 0.00>
ST_4 : Operation 39 [1/1] (0.00ns)   --->   "call void @_ssdm_op_Write.axis.volatile.i32P.i4P.i4P.i1P.i1P.i1P.i1P(i32* %AXI_video_strm_V_data_V, i4* %AXI_video_strm_V_keep_V, i4* %AXI_video_strm_V_strb_V, i1* %AXI_video_strm_V_user_V, i1* %AXI_video_strm_V_last_V, i1* %AXI_video_strm_V_id_V, i1* %AXI_video_strm_V_dest_V, i32 %tmp_data_V, i4 -1, i4 undef, i1 %tmp_user_V_load, i1 %axi_last_V, i1 undef, i1 undef)" [C:/Xilinx/Vivado/2019.2/common/technology/autopilot/hls/hls_video_io.h:146]   --->   Operation 39 'write' <Predicate = (!icmp_ln126)> <Delay = 0.00> <Core = "AXI4Stream">   --->   Core 5 'AXI4Stream' <Latency = 0> <II = 1> <Delay = 1.00> <Adapter> <Opcode : >
ST_4 : Operation 40 [1/1] (0.00ns)   --->   "%empty_137 = call i32 (...)* @_ssdm_op_SpecRegionEnd([11 x i8]* @p_str23, i32 %tmp_5)" [C:/Xilinx/Vivado/2019.2/common/technology/autopilot/hls/hls_video_io.h:147]   --->   Operation 40 'specregionend' 'empty_137' <Predicate = (!icmp_ln126)> <Delay = 0.00>
ST_4 : Operation 41 [1/1] (1.76ns)   --->   "store i1 false, i1* %tmp_user_V" [C:/Xilinx/Vivado/2019.2/common/technology/autopilot/hls/hls_video_io.h:126]   --->   Operation 41 'store' <Predicate = (!icmp_ln126)> <Delay = 1.76>
ST_4 : Operation 42 [1/1] (0.00ns)   --->   "br label %1" [C:/Xilinx/Vivado/2019.2/common/technology/autopilot/hls/hls_video_io.h:126]   --->   Operation 42 'br' <Predicate = (!icmp_ln126)> <Delay = 0.00>

State 5 <SV = 3> <Delay = 0.00>
ST_5 : Operation 43 [1/1] (0.00ns)   --->   "%empty_138 = call i32 (...)* @_ssdm_op_SpecRegionEnd([12 x i8]* @p_str22, i32 %tmp_4)" [C:/Xilinx/Vivado/2019.2/common/technology/autopilot/hls/hls_video_io.h:148]   --->   Operation 43 'specregionend' 'empty_138' <Predicate = true> <Delay = 0.00>
ST_5 : Operation 44 [1/1] (0.00ns)   --->   "br label %0" [C:/Xilinx/Vivado/2019.2/common/technology/autopilot/hls/hls_video_io.h:125]   --->   Operation 44 'br' <Predicate = true> <Delay = 0.00>


============================================================
+ Verbose Summary: Timing violations
============================================================
Target clock period: 10ns, clock uncertainty: 1.25ns.

 <State 1>: 1.77ns
The critical path consists of the following:
	'alloca' operation ('tmp.user.V') [11]  (0 ns)
	'store' operation ('store_ln125', C:/Xilinx/Vivado/2019.2/common/technology/autopilot/hls/hls_video_io.h:125) of constant 1 on local variable 'tmp.user.V' [16]  (1.77 ns)

 <State 2>: 2.47ns
The critical path consists of the following:
	'icmp' operation ('icmp_ln125', C:/Xilinx/Vivado/2019.2/common/technology/autopilot/hls/hls_video_io.h:125) [20]  (1.49 ns)
	blocking operation 0.978 ns on control path)

 <State 3>: 2.64ns
The critical path consists of the following:
	'icmp' operation ('icmp_ln126', C:/Xilinx/Vivado/2019.2/common/technology/autopilot/hls/hls_video_io.h:126) [30]  (1.66 ns)
	blocking operation 0.978 ns on control path)

 <State 4>: 3.63ns
The critical path consists of the following:
	fifo read on port 'img_data_stream_0_V' (C:/Xilinx/Vivado/2019.2/common/technology/autopilot/hls/hls_video_core.h:679->C:/Xilinx/Vivado/2019.2/common/technology/autopilot/hls/hls_video_core.h:711->C:/Xilinx/Vivado/2019.2/common/technology/autopilot/hls/hls_video_io.h:140) [42]  (3.63 ns)

 <State 5>: 0ns
The critical path consists of the following:


============================================================
+ Verbose Summary: Binding
============================================================
N/A
* FSMD analyzer results:
  - Output states:
 - Input state : 
  - Chain level:
	State 1
	State 2
	State 3
	State 4
	State 5


============================================================
+ Verbose Summary: Datapath Resource usage 
============================================================
N/A
