

================================================================
== Vivado HLS Report for 'Array2Mat'
================================================================
* Date:           Thu Oct  1 13:57:32 2020

* Version:        2019.2 (Build 2704478 on Wed Nov 06 22:10:23 MST 2019)
* Project:        Iris-recognition
* Solution:       PYNQ_SOLUTION
* Product family: zynq
* Target device:  xc7z020-clg400-1


================================================================
== Performance Estimates
================================================================
+ Timing: 
    * Summary: 
    +--------+----------+----------+------------+
    |  Clock |  Target  | Estimated| Uncertainty|
    +--------+----------+----------+------------+
    |ap_clk  | 10.00 ns | 7.268 ns |   1.25 ns  |
    +--------+----------+----------+------------+

+ Latency: 
    * Summary: 
    +---------+---------+-----------+----------+-----+-------+---------+
    |  Latency (cycles) |  Latency (absolute)  |   Interval  | Pipeline|
    |   min   |   max   |    min    |    max   | min |  max  |   Type  |
    +---------+---------+-----------+----------+-----+-------+---------+
    |        1|    23233| 10.000 ns | 0.232 ms |    1|  23233|   none  |
    +---------+---------+-----------+----------+-----+-------+---------+

    + Detail: 
        * Instance: 
        N/A

        * Loop: 
        +-----------------+---------+---------+----------+-----------+-----------+---------+----------+
        |                 |  Latency (cycles) | Iteration|  Initiation Interval  |   Trip  |          |
        |    Loop Name    |   min   |   max   |  Latency |  achieved |   target  |  Count  | Pipelined|
        +-----------------+---------+---------+----------+-----------+-----------+---------+----------+
        |- loop_pixel     |        0|    23232|  3 ~ 363 |          -|          -|  0 ~ 64 |    no    |
        | + loop_pixel.1  |        0|      360|         2|          1|          1| 0 ~ 360 |    yes   |
        +-----------------+---------+---------+----------+-----------+-----------+---------+----------+



================================================================
== Utilization Estimates
================================================================
* Summary: 
+-----------------+---------+-------+--------+-------+-----+
|       Name      | BRAM_18K| DSP48E|   FF   |  LUT  | URAM|
+-----------------+---------+-------+--------+-------+-----+
|DSP              |        -|      1|       -|      -|    -|
|Expression       |        -|      -|       0|    147|    -|
|FIFO             |        -|      -|       -|      -|    -|
|Instance         |        -|      -|       -|      -|    -|
|Memory           |        -|      -|       -|      -|    -|
|Multiplexer      |        -|      -|       -|    123|    -|
|Register         |        -|      -|     185|      -|    -|
+-----------------+---------+-------+--------+-------+-----+
|Total            |        0|      1|     185|    270|    0|
+-----------------+---------+-------+--------+-------+-----+
|Available        |      280|    220|  106400|  53200|    0|
+-----------------+---------+-------+--------+-------+-----+
|Utilization (%)  |        0|   ~0  |   ~0   |   ~0  |    0|
+-----------------+---------+-------+--------+-------+-----+

+ Detail: 
    * Instance: 
    N/A

    * DSP48E: 
    +---------------------------+----------------------+-----------+
    |          Instance         |        Module        | Expression|
    +---------------------------+----------------------+-----------+
    |top_level_mul_multde_U104  |top_level_mul_multde  |  i0 * i1  |
    +---------------------------+----------------------+-----------+

    * Memory: 
    N/A

    * FIFO: 
    N/A

    * Expression: 
    +----------------------------------+----------+-------+---+----+------------+------------+
    |           Variable Name          | Operation| DSP48E| FF| LUT| Bitwidth P0| Bitwidth P1|
    +----------------------------------+----------+-------+---+----+------------+------------+
    |add_ln178_fu_225_p2               |     +    |      0|  0|  23|          16|          16|
    |col_V_fu_215_p2                   |     +    |      0|  0|  39|          32|           1|
    |row_V_fu_200_p2                   |     +    |      0|  0|  39|          32|           1|
    |ap_block_pp0_stage0_01001         |    and   |      0|  0|   2|           1|           1|
    |ap_block_state4_pp0_stage0_iter1  |    and   |      0|  0|   2|           1|           1|
    |icmp_ln174_fu_195_p2              |   icmp   |      0|  0|  18|          32|          32|
    |icmp_ln175_fu_210_p2              |   icmp   |      0|  0|  18|          32|          32|
    |ap_block_state1                   |    or    |      0|  0|   2|           1|           1|
    |ap_enable_pp0                     |    xor   |      0|  0|   2|           1|           2|
    |ap_enable_reg_pp0_iter1           |    xor   |      0|  0|   2|           2|           1|
    +----------------------------------+----------+-------+---+----+------------+------------+
    |Total                             |          |      0|  0| 147|         150|          88|
    +----------------------------------+----------+-------+---+----+------------+------------+

    * Multiplexer: 
    +-------------------------+----+-----------+-----+-----------+
    |           Name          | LUT| Input Size| Bits| Total Bits|
    +-------------------------+----+-----------+-----+-----------+
    |ap_NS_fsm                |  27|          5|    1|          5|
    |ap_done                  |   9|          2|    1|          2|
    |ap_enable_reg_pp0_iter1  |  15|          3|    1|          3|
    |img_cols_V_blk_n         |   9|          2|    1|          2|
    |img_cols_V_out_blk_n     |   9|          2|    1|          2|
    |img_data_stream_V_blk_n  |   9|          2|    1|          2|
    |img_rows_V_blk_n         |   9|          2|    1|          2|
    |img_rows_V_out_blk_n     |   9|          2|    1|          2|
    |real_start               |   9|          2|    1|          2|
    |t_V_3_reg_176            |   9|          2|   32|         64|
    |t_V_reg_165              |   9|          2|   32|         64|
    +-------------------------+----+-----------+-----+-----------+
    |Total                    | 123|         26|   73|        150|
    +-------------------------+----+-----------+-----+-----------+

    * Register: 
    +-------------------------+----+----+-----+-----------+
    |           Name          | FF | LUT| Bits| Const Bits|
    +-------------------------+----+----+-----+-----------+
    |ap_CS_fsm                |   4|   0|    4|          0|
    |ap_done_reg              |   1|   0|    1|          0|
    |ap_enable_reg_pp0_iter0  |   1|   0|    1|          0|
    |ap_enable_reg_pp0_iter1  |   1|   0|    1|          0|
    |cols_V_reg_246           |  32|   0|   32|          0|
    |icmp_ln175_reg_265       |   1|   0|    1|          0|
    |ret_V_reg_260            |  16|   0|   16|          0|
    |row_V_reg_255            |  32|   0|   32|          0|
    |rows_V_reg_241           |  32|   0|   32|          0|
    |start_once_reg           |   1|   0|    1|          0|
    |t_V_3_reg_176            |  32|   0|   32|          0|
    |t_V_reg_165              |  32|   0|   32|          0|
    +-------------------------+----+----+-----+-----------+
    |Total                    | 185|   0|  185|          0|
    +-------------------------+----+----+-----+-----------+



================================================================
== Interface
================================================================
* Summary: 
+--------------------------+-----+-----+------------+-------------------+--------------+
|         RTL Ports        | Dir | Bits|  Protocol  |   Source Object   |    C Type    |
+--------------------------+-----+-----+------------+-------------------+--------------+
|ap_clk                    |  in |    1| ap_ctrl_hs |     Array2Mat     | return value |
|ap_rst                    |  in |    1| ap_ctrl_hs |     Array2Mat     | return value |
|ap_start                  |  in |    1| ap_ctrl_hs |     Array2Mat     | return value |
|start_full_n              |  in |    1| ap_ctrl_hs |     Array2Mat     | return value |
|ap_done                   | out |    1| ap_ctrl_hs |     Array2Mat     | return value |
|ap_continue               |  in |    1| ap_ctrl_hs |     Array2Mat     | return value |
|ap_idle                   | out |    1| ap_ctrl_hs |     Array2Mat     | return value |
|ap_ready                  | out |    1| ap_ctrl_hs |     Array2Mat     | return value |
|start_out                 | out |    1| ap_ctrl_hs |     Array2Mat     | return value |
|start_write               | out |    1| ap_ctrl_hs |     Array2Mat     | return value |
|fb_address0               | out |   15|  ap_memory |         fb        |     array    |
|fb_ce0                    | out |    1|  ap_memory |         fb        |     array    |
|fb_q0                     |  in |    8|  ap_memory |         fb        |     array    |
|img_rows_V_dout           |  in |    8|   ap_fifo  |     img_rows_V    |    pointer   |
|img_rows_V_empty_n        |  in |    1|   ap_fifo  |     img_rows_V    |    pointer   |
|img_rows_V_read           | out |    1|   ap_fifo  |     img_rows_V    |    pointer   |
|img_cols_V_dout           |  in |   10|   ap_fifo  |     img_cols_V    |    pointer   |
|img_cols_V_empty_n        |  in |    1|   ap_fifo  |     img_cols_V    |    pointer   |
|img_cols_V_read           | out |    1|   ap_fifo  |     img_cols_V    |    pointer   |
|img_data_stream_V_din     | out |    8|   ap_fifo  | img_data_stream_V |    pointer   |
|img_data_stream_V_full_n  |  in |    1|   ap_fifo  | img_data_stream_V |    pointer   |
|img_data_stream_V_write   | out |    1|   ap_fifo  | img_data_stream_V |    pointer   |
|img_rows_V_out_din        | out |    8|   ap_fifo  |   img_rows_V_out  |    pointer   |
|img_rows_V_out_full_n     |  in |    1|   ap_fifo  |   img_rows_V_out  |    pointer   |
|img_rows_V_out_write      | out |    1|   ap_fifo  |   img_rows_V_out  |    pointer   |
|img_cols_V_out_din        | out |   10|   ap_fifo  |   img_cols_V_out  |    pointer   |
|img_cols_V_out_full_n     |  in |    1|   ap_fifo  |   img_cols_V_out  |    pointer   |
|img_cols_V_out_write      | out |    1|   ap_fifo  |   img_cols_V_out  |    pointer   |
+--------------------------+-----+-----+------------+-------------------+--------------+

