

================================================================
== Vivado HLS Report for 'cordic360_Sin_fixed'
================================================================
* Date:           Tue Oct  6 18:21:20 2020

* Version:        2019.2 (Build 2704478 on Wed Nov 06 22:10:23 MST 2019)
* Project:        Iris-recognition
* Solution:       PYNQ_SOLUTION
* Product family: zynq
* Target device:  xc7z020-clg400-1


================================================================
== Performance Estimates
================================================================
+ Timing: 
    * Summary: 
    +--------+----------+----------+------------+
    |  Clock |  Target  | Estimated| Uncertainty|
    +--------+----------+----------+------------+
    |ap_clk  | 10.00 ns | 8.621 ns |   1.25 ns  |
    +--------+----------+----------+------------+

+ Latency: 
    * Summary: 
    +---------+---------+----------+----------+-----+-----+---------+
    |  Latency (cycles) |  Latency (absolute) |  Interval | Pipeline|
    |   min   |   max   |    min   |    max   | min | max |   Type  |
    +---------+---------+----------+----------+-----+-----+---------+
    |       32|       38| 0.320 us | 0.380 us |   32|   38|   none  |
    +---------+---------+----------+----------+-----+-----+---------+

    + Detail: 
        * Instance: 
        +-------------------------+---------------+---------+---------+----------+----------+-----+-----+---------+
        |                         |               |  Latency (cycles) |  Latency (absolute) |  Interval | Pipeline|
        |         Instance        |     Module    |   min   |   max   |    min   |    max   | min | max |   Type  |
        +-------------------------+---------------+---------+---------+----------+----------+-----+-----+---------+
        |grp_cordicSin_fix_fu_53  |cordicSin_fix  |       24|       24| 0.240 us | 0.240 us |   24|   24|   none  |
        +-------------------------+---------------+---------+---------+----------+----------+-----+-----+---------+

        * Loop: 
        N/A



================================================================
== Utilization Estimates
================================================================
* Summary: 
+-----------------+---------+-------+--------+-------+-----+
|       Name      | BRAM_18K| DSP48E|   FF   |  LUT  | URAM|
+-----------------+---------+-------+--------+-------+-----+
|DSP              |        -|      -|       -|      -|    -|
|Expression       |        -|      -|       0|     69|    -|
|FIFO             |        -|      -|       -|      -|    -|
|Instance         |        0|      3|    1188|   3477|    -|
|Memory           |        -|      -|       -|      -|    -|
|Multiplexer      |        -|      -|       -|    301|    -|
|Register         |        -|      -|     222|      -|    -|
+-----------------+---------+-------+--------+-------+-----+
|Total            |        0|      3|    1410|   3847|    0|
+-----------------+---------+-------+--------+-------+-----+
|Available        |      280|    220|  106400|  53200|    0|
+-----------------+---------+-------+--------+-------+-----+
|Utilization (%)  |        0|      1|       1|      7|    0|
+-----------------+---------+-------+--------+-------+-----+

+ Detail: 
    * Instance: 
    +--------------------------+----------------------+---------+-------+-----+------+-----+
    |         Instance         |        Module        | BRAM_18K| DSP48E|  FF |  LUT | URAM|
    +--------------------------+----------------------+---------+-------+-----+------+-----+
    |grp_cordicSin_fix_fu_53   |cordicSin_fix         |        0|      0|  255|   975|    0|
    |top_level2_dadd_6ocq_U67  |top_level2_dadd_6ocq  |        0|      3|  445|  1149|    0|
    |top_level2_dcmp_6pcA_U68  |top_level2_dcmp_6pcA  |        0|      0|  130|   469|    0|
    |top_level2_dcmp_6pcA_U69  |top_level2_dcmp_6pcA  |        0|      0|  130|   469|    0|
    |top_level2_fpext_lbW_U66  |top_level2_fpext_lbW  |        0|      0|  100|   138|    0|
    |top_level2_fptrunncg_U65  |top_level2_fptrunncg  |        0|      0|  128|   277|    0|
    +--------------------------+----------------------+---------+-------+-----+------+-----+
    |Total                     |                      |        0|      3| 1188|  3477|    0|
    +--------------------------+----------------------+---------+-------+-----+------+-----+

    * DSP48E: 
    N/A

    * Memory: 
    N/A

    * FIFO: 
    N/A

    * Expression: 
    +----------------------------------+----------+-------+---+----+------------+------------+
    |           Variable Name          | Operation| DSP48E| FF| LUT| Bitwidth P0| Bitwidth P1|
    +----------------------------------+----------+-------+---+----+------------+------------+
    |grp_fu_92_p2                      |     -    |      0|  0|  15|           1|           8|
    |and_ln157_1_fu_150_p2             |    and   |      0|  0|   2|           1|           1|
    |and_ln157_fu_145_p2               |    and   |      0|  0|   2|           1|           1|
    |ap_block_state16_on_subcall_done  |    and   |      0|  0|   2|           1|           1|
    |ap_predicate_op83_call_state16    |    and   |      0|  0|   2|           1|           1|
    |grp_fu_87_p2                      |    and   |      0|  0|   2|           1|           1|
    |icmp_ln148_1_fu_132_p2            |   icmp   |      0|  0|  29|          52|           1|
    |icmp_ln148_fu_126_p2              |   icmp   |      0|  0|  13|          11|           2|
    |or_ln148_fu_138_p2                |    or    |      0|  0|   2|           1|           1|
    +----------------------------------+----------+-------+---+----+------------+------------+
    |Total                             |          |      0|  0|  69|          70|          17|
    +----------------------------------+----------+-------+---+----+------------+------------+

    * Multiplexer: 
    +---------------------------------------+-----+-----------+-----+-----------+
    |                  Name                 | LUT | Input Size| Bits| Total Bits|
    +---------------------------------------+-----+-----------+-----+-----------+
    |agg_result_0_reg_38                    |    9|          2|    8|         16|
    |ap_NS_fsm                              |  181|         41|    1|         41|
    |ap_phi_mux_agg_result_0_phi_fu_41_p10  |    9|          2|    8|         16|
    |ap_return                              |    9|          2|    8|         16|
    |grp_cordicSin_fix_fu_53_x              |   15|          3|   32|         96|
    |grp_fu_67_p1                           |   21|          4|   64|        256|
    |grp_fu_74_opcode                       |   15|          3|    5|         15|
    |grp_fu_74_p1                           |   27|          5|   64|        320|
    |grp_fu_87_p0                           |   15|          3|    1|          3|
    +---------------------------------------+-----+-----------+-----+-----------+
    |Total                                  |  301|         65|  191|        779|
    +---------------------------------------+-----+-----------+-----+-----------+

    * Register: 
    +--------------------------------------+----+----+-----+-----------+
    |                 Name                 | FF | LUT| Bits| Const Bits|
    +--------------------------------------+----+----+-----+-----------+
    |agg_result_0_reg_38                   |   8|   0|    8|          0|
    |and_ln148_reg_176                     |   1|   0|    1|          0|
    |and_ln151_reg_180                     |   1|   0|    1|          0|
    |and_ln154_reg_184                     |   1|   0|    1|          0|
    |and_ln157_1_reg_188                   |   1|   0|    1|          0|
    |ap_CS_fsm                             |  40|   0|   40|          0|
    |ap_return_preg                        |   8|   0|    8|          0|
    |grp_cordicSin_fix_fu_53_ap_start_reg  |   1|   0|    1|          0|
    |or_ln148_reg_170                      |   1|   0|    1|          0|
    |reg_104                               |  32|   0|   32|          0|
    |reg_99                                |  64|   0|   64|          0|
    |tmp_reg_162                           |  64|   0|   64|          0|
    +--------------------------------------+----+----+-----+-----------+
    |Total                                 | 222|   0|  222|          0|
    +--------------------------------------+----+----+-----+-----------+



================================================================
== Interface
================================================================
* Summary: 
+-----------+-----+-----+------------+---------------------+--------------+
| RTL Ports | Dir | Bits|  Protocol  |    Source Object    |    C Type    |
+-----------+-----+-----+------------+---------------------+--------------+
|ap_clk     |  in |    1| ap_ctrl_hs | cordic360_Sin_fixed | return value |
|ap_rst     |  in |    1| ap_ctrl_hs | cordic360_Sin_fixed | return value |
|ap_start   |  in |    1| ap_ctrl_hs | cordic360_Sin_fixed | return value |
|ap_done    | out |    1| ap_ctrl_hs | cordic360_Sin_fixed | return value |
|ap_idle    | out |    1| ap_ctrl_hs | cordic360_Sin_fixed | return value |
|ap_ready   | out |    1| ap_ctrl_hs | cordic360_Sin_fixed | return value |
|ap_return  | out |    8| ap_ctrl_hs | cordic360_Sin_fixed | return value |
|x          |  in |   32|   ap_none  |          x          |    scalar    |
+-----------+-----+-----+------------+---------------------+--------------+

