

================================================================
== Vivado HLS Report for 'cordicCos_fix'
================================================================
* Date:           Tue Oct  6 18:21:19 2020

* Version:        2019.2 (Build 2704478 on Wed Nov 06 22:10:23 MST 2019)
* Project:        Iris-recognition
* Solution:       PYNQ_SOLUTION
* Product family: zynq
* Target device:  xc7z020-clg400-1


================================================================
== Performance Estimates
================================================================
+ Timing: 
    * Summary: 
    +--------+----------+----------+------------+
    |  Clock |  Target  | Estimated| Uncertainty|
    +--------+----------+----------+------------+
    |ap_clk  | 10.00 ns | 8.621 ns |   1.25 ns  |
    +--------+----------+----------+------------+

+ Latency: 
    * Summary: 
    +---------+---------+----------+----------+-----+-----+---------+
    |  Latency (cycles) |  Latency (absolute) |  Interval | Pipeline|
    |   min   |   max   |    min   |    max   | min | max |   Type  |
    +---------+---------+----------+----------+-----+-----+---------+
    |       24|       24| 0.240 us | 0.240 us |   24|   24|   none  |
    +---------+---------+----------+----------+-----+-----+---------+

    + Detail: 
        * Instance: 
        N/A

        * Loop: 
        +----------+---------+---------+----------+-----------+-----------+------+----------+
        |          |  Latency (cycles) | Iteration|  Initiation Interval  | Trip |          |
        | Loop Name|   min   |   max   |  Latency |  achieved |   target  | Count| Pipelined|
        +----------+---------+---------+----------+-----------+-----------+------+----------+
        |- Loop 1  |       20|       20|         2|          -|          -|    10|    no    |
        +----------+---------+---------+----------+-----------+-----------+------+----------+



================================================================
== Utilization Estimates
================================================================
* Summary: 
+-----------------+---------+-------+--------+-------+-----+
|       Name      | BRAM_18K| DSP48E|   FF   |  LUT  | URAM|
+-----------------+---------+-------+--------+-------+-----+
|DSP              |        -|      -|       -|      -|    -|
|Expression       |        -|      0|       0|    750|    -|
|FIFO             |        -|      -|       -|      -|    -|
|Instance         |        -|      0|     100|    138|    -|
|Memory           |        0|      -|       4|      4|    -|
|Multiplexer      |        -|      -|       -|     83|    -|
|Register         |        -|      -|     151|      -|    -|
+-----------------+---------+-------+--------+-------+-----+
|Total            |        0|      0|     255|    975|    0|
+-----------------+---------+-------+--------+-------+-----+
|Available        |      280|    220|  106400|  53200|    0|
+-----------------+---------+-------+--------+-------+-----+
|Utilization (%)  |        0|      0|   ~0   |      1|    0|
+-----------------+---------+-------+--------+-------+-----+

+ Detail: 
    * Instance: 
    +--------------------------+----------------------+---------+-------+-----+-----+-----+
    |         Instance         |        Module        | BRAM_18K| DSP48E|  FF | LUT | URAM|
    +--------------------------+----------------------+---------+-------+-----+-----+-----+
    |top_level2_fpext_lbW_U59  |top_level2_fpext_lbW  |        0|      0|  100|  138|    0|
    +--------------------------+----------------------+---------+-------+-----+-----+-----+
    |Total                     |                      |        0|      0|  100|  138|    0|
    +--------------------------+----------------------+---------+-------+-----+-----+-----+

    * DSP48E: 
    N/A

    * Memory: 
    +---------------+----------------------+---------+---+----+-----+------+-----+------+-------------+
    |     Memory    |        Module        | BRAM_18K| FF| LUT| URAM| Words| Bits| Banks| W*Bits*Banks|
    +---------------+----------------------+---------+---+----+-----+------+-----+------+-------------+
    |arctan_V233_U  |cordicCos_fix_arckbM  |        0|  4|   4|    0|    50|    4|     1|          200|
    +---------------+----------------------+---------+---+----+-----+------+-----+------+-------------+
    |Total          |                      |        0|  4|   4|    0|    50|    4|     1|          200|
    +---------------+----------------------+---------+---+----+-----+------+-----+------+-------------+

    * FIFO: 
    N/A

    * Expression: 
    +---------------------------+----------+-------+---+-----+------------+------------+
    |       Variable Name       | Operation| DSP48E| FF| LUT | Bitwidth P0| Bitwidth P1|
    +---------------------------+----------+-------+---+-----+------------+------------+
    |mul_ln1193_fu_502_p2       |     *    |      0|  0|   41|           8|           8|
    |mul_ln703_fu_526_p2        |     *    |      0|  0|   41|           8|           8|
    |add_ln581_fu_236_p2        |     +    |      0|  0|   12|           4|          12|
    |add_ln703_fu_538_p2        |     +    |      0|  0|   15|           8|           8|
    |n_fu_444_p2                |     +    |      0|  0|   13|           4|           1|
    |ret_V_10_fu_544_p2         |     +    |      0|  0|   21|          15|          15|
    |ret_V_9_fu_532_p2          |     +    |      0|  0|   21|          15|          15|
    |F2_fu_214_p2               |     -    |      0|  0|   12|          11|          12|
    |man_V_13_fu_194_p2         |     -    |      0|  0|   61|           1|          54|
    |ret_V_11_fu_550_p2         |     -    |      0|  0|   21|          15|          15|
    |ret_V_fu_508_p2            |     -    |      0|  0|   21|          15|          15|
    |sub_ln581_fu_242_p2        |     -    |      0|  0|   12|           3|          12|
    |sub_ln703_fu_481_p2        |     -    |      0|  0|   15|           8|           8|
    |and_ln581_fu_322_p2        |    and   |      0|  0|    2|           1|           1|
    |and_ln582_fu_307_p2        |    and   |      0|  0|    2|           1|           1|
    |and_ln585_8_fu_339_p2      |    and   |      0|  0|    2|           1|           1|
    |and_ln585_fu_327_p2        |    and   |      0|  0|    2|           1|           1|
    |and_ln603_fu_356_p2        |    and   |      0|  0|    2|           1|           1|
    |ashr_ln586_fu_293_p2       |   ashr   |      0|  0|  162|          54|          54|
    |r_V_fu_455_p2              |   ashr   |      0|  0|   21|           9|           8|
    |icmp_ln125_fu_438_p2       |   icmp   |      0|  0|    9|           4|           4|
    |icmp_ln571_fu_208_p2       |   icmp   |      0|  0|   29|          63|           1|
    |icmp_ln581_fu_230_p2       |   icmp   |      0|  0|   13|           9|           1|
    |icmp_ln582_fu_256_p2       |   icmp   |      0|  0|   13|          12|           3|
    |icmp_ln585_fu_279_p2       |   icmp   |      0|  0|   13|          12|           6|
    |icmp_ln603_fu_284_p2       |   icmp   |      0|  0|   13|           9|           1|
    |or_ln581_fu_345_p2         |    or    |      0|  0|    2|           1|           1|
    |or_ln582_fu_312_p2         |    or    |      0|  0|    2|           1|           1|
    |or_ln603_7_fu_375_p2       |    or    |      0|  0|    2|           1|           1|
    |or_ln603_8_fu_381_p2       |    or    |      0|  0|    2|           1|           1|
    |or_ln603_fu_362_p2         |    or    |      0|  0|    2|           1|           1|
    |man_V_14_fu_200_p3         |  select  |      0|  0|   54|           1|          54|
    |phi_V_fu_556_p3            |  select  |      0|  0|    8|           1|           8|
    |select_ln588_fu_401_p3     |  select  |      0|  0|    2|           1|           2|
    |select_ln603_10_fu_368_p3  |  select  |      0|  0|    8|           1|           8|
    |select_ln603_11_fu_421_p3  |  select  |      0|  0|    8|           1|           8|
    |select_ln603_12_fu_427_p3  |  select  |      0|  0|    8|           1|           8|
    |select_ln603_fu_414_p3     |  select  |      0|  0|    8|           1|           8|
    |sh_amt_fu_248_p3           |  select  |      0|  0|   12|           1|          12|
    |z_i_V_fu_612_p3            |  select  |      0|  0|    8|           1|           8|
    |z_r_V_fu_584_p3            |  select  |      0|  0|    8|           1|           8|
    |shl_ln604_fu_409_p2        |    shl   |      0|  0|   19|           8|           8|
    |xor_ln571_fu_302_p2        |    xor   |      0|  0|    2|           1|           2|
    |xor_ln581_fu_350_p2        |    xor   |      0|  0|    2|           1|           2|
    |xor_ln582_fu_316_p2        |    xor   |      0|  0|    2|           1|           2|
    |xor_ln585_fu_333_p2        |    xor   |      0|  0|    2|           1|           2|
    +---------------------------+----------+-------+---+-----+------------+------------+
    |Total                      |          |      0|  0|  750|         319|         411|
    +---------------------------+----------+-------+---+-----+------------+------------+

    * Multiplexer: 
    +-------------------+----+-----------+-----+-----------+
    |        Name       | LUT| Input Size| Bits| Total Bits|
    +-------------------+----+-----------+-----+-----------+
    |ap_NS_fsm          |  38|          7|    1|          7|
    |ap_return          |   9|          2|    8|         16|
    |p_Val2_88_reg_111  |   9|          2|    8|         16|
    |ush_reg_133        |   9|          2|    4|          8|
    |z_i_old_V_reg_121  |   9|          2|    8|         16|
    |z_r_old_V_reg_99   |   9|          2|    8|         16|
    +-------------------+----+-----------+-----+-----------+
    |Total              |  83|         17|   37|         79|
    +-------------------+----+-----------+-----+-----------+

    * Register: 
    +-------------------------+----+----+-----+-----------+
    |           Name          | FF | LUT| Bits| Const Bits|
    +-------------------------+----+----+-----+-----------+
    |and_ln603_reg_667        |   1|   0|    1|          0|
    |ap_CS_fsm                |   6|   0|    6|          0|
    |ap_return_preg           |   8|   0|    8|          0|
    |icmp_ln571_reg_631       |   1|   0|    1|          0|
    |icmp_ln581_reg_637       |   1|   0|    1|          0|
    |icmp_ln582_reg_650       |   1|   0|    1|          0|
    |man_V_14_reg_626         |  54|   0|   54|          0|
    |n_reg_695                |   4|   0|    4|          0|
    |or_ln603_8_reg_682       |   1|   0|    1|          0|
    |or_ln603_reg_672         |   1|   0|    1|          0|
    |p_Val2_88_reg_111        |   8|   0|    8|          0|
    |r_V_reg_705              |   8|   0|    8|          0|
    |select_ln603_10_reg_677  |   8|   0|    8|          0|
    |sh_amt_reg_643           |  12|   0|   12|          0|
    |tmp_60_reg_662           |   9|   0|    9|          0|
    |trunc_ln583_reg_656      |   8|   0|    8|          0|
    |ush_reg_133              |   4|   0|    4|          0|
    |z_i_old_V_reg_121        |   8|   0|    8|          0|
    |z_r_old_V_reg_99         |   8|   0|    8|          0|
    +-------------------------+----+----+-----+-----------+
    |Total                    | 151|   0|  151|          0|
    +-------------------------+----+----+-----+-----------+



================================================================
== Interface
================================================================
* Summary: 
+-----------+-----+-----+------------+---------------+--------------+
| RTL Ports | Dir | Bits|  Protocol  | Source Object |    C Type    |
+-----------+-----+-----+------------+---------------+--------------+
|ap_clk     |  in |    1| ap_ctrl_hs | cordicCos_fix | return value |
|ap_rst     |  in |    1| ap_ctrl_hs | cordicCos_fix | return value |
|ap_start   |  in |    1| ap_ctrl_hs | cordicCos_fix | return value |
|ap_done    | out |    1| ap_ctrl_hs | cordicCos_fix | return value |
|ap_idle    | out |    1| ap_ctrl_hs | cordicCos_fix | return value |
|ap_ready   | out |    1| ap_ctrl_hs | cordicCos_fix | return value |
|ap_return  | out |    8| ap_ctrl_hs | cordicCos_fix | return value |
|x          |  in |   32|   ap_none  |       x       |    scalar    |
+-----------+-----+-----+------------+---------------+--------------+

