

================================================================
== Vivado HLS Report for 'core_low'
================================================================
* Date:           Tue Oct  6 18:21:21 2020

* Version:        2019.2 (Build 2704478 on Wed Nov 06 22:10:23 MST 2019)
* Project:        Iris-recognition
* Solution:       PYNQ_SOLUTION
* Product family: zynq
* Target device:  xc7z020-clg400-1


================================================================
== Performance Estimates
================================================================
+ Timing: 
    * Summary: 
    +--------+----------+----------+------------+
    |  Clock |  Target  | Estimated| Uncertainty|
    +--------+----------+----------+------------+
    |ap_clk  | 10.00 ns | 8.621 ns |   1.25 ns  |
    +--------+----------+----------+------------+

+ Latency: 
    * Summary: 
    +---------+---------+----------+----------+--------+--------+---------+
    |  Latency (cycles) |  Latency (absolute) |     Interval    | Pipeline|
    |   min   |   max   |    min   |    max   |   min  |   max  |   Type  |
    +---------+---------+----------+----------+--------+--------+---------+
    |   678606|   682926| 6.786 ms | 6.829 ms |  678606|  682926|   none  |
    +---------+---------+----------+----------+--------+--------+---------+

    + Detail: 
        * Instance: 
        +--------------------------------+---------------------+---------+---------+----------+----------+-----+-----+---------+
        |                                |                     |  Latency (cycles) |  Latency (absolute) |  Interval | Pipeline|
        |            Instance            |        Module       |   min   |   max   |    min   |    max   | min | max |   Type  |
        +--------------------------------+---------------------+---------+---------+----------+----------+-----+-----+---------+
        |grp_cordic360_Sin_fixed_fu_254  |cordic360_Sin_fixed  |       32|       38| 0.320 us | 0.380 us |   32|   38|   none  |
        |grp_cordicCos_fix_fu_261        |cordicCos_fix        |       24|       24| 0.240 us | 0.240 us |   24|   24|   none  |
        +--------------------------------+---------------------+---------+---------+----------+----------+-----+-----+---------+

        * Loop: 
        +-------------+---------+---------+-------------+-----------+-----------+------+----------+
        |             |  Latency (cycles) |  Iteration  |  Initiation Interval  | Trip |          |
        |  Loop Name  |   min   |   max   |   Latency   |  achieved |   target  | Count| Pipelined|
        +-------------+---------+---------+-------------+-----------+-----------+------+----------+
        |- Loop 1     |   678600|   682920| 1885 ~ 1897 |          -|          -|   360|    no    |
        | + Loop 1.1  |     1792|     1792|           28|          -|          -|    64|    no    |
        +-------------+---------+---------+-------------+-----------+-----------+------+----------+



================================================================
== Utilization Estimates
================================================================
* Summary: 
+-----------------+---------+-------+--------+-------+-----+
|       Name      | BRAM_18K| DSP48E|   FF   |  LUT  | URAM|
+-----------------+---------+-------+--------+-------+-----+
|DSP              |        -|      -|       -|      -|    -|
|Expression       |        -|      -|      80|   2445|    -|
|FIFO             |        -|      -|       -|      -|    -|
|Instance         |        0|     37|    6079|  13607|    -|
|Memory           |        -|      -|       -|      -|    -|
|Multiplexer      |        -|      -|       -|    739|    -|
|Register         |        -|      -|    1492|      -|    -|
+-----------------+---------+-------+--------+-------+-----+
|Total            |        0|     37|    7651|  16791|    0|
+-----------------+---------+-------+--------+-------+-----+
|Available        |      280|    220|  106400|  53200|    0|
+-----------------+---------+-------+--------+-------+-----+
|Utilization (%)  |        0|     16|       7|     31|    0|
+-----------------+---------+-------+--------+-------+-----+

+ Detail: 
    * Instance: 
    +--------------------------------+----------------------+---------+-------+------+------+-----+
    |            Instance            |        Module        | BRAM_18K| DSP48E|  FF  |  LUT | URAM|
    +--------------------------------+----------------------+---------+-------+------+------+-----+
    |grp_cordic360_Sin_fixed_fu_254  |cordic360_Sin_fixed   |        0|      3|  1410|  3847|    0|
    |grp_cordicCos_fix_fu_261        |cordicCos_fix         |        0|      0|   255|   975|    0|
    |top_level2_dadd_6ocq_U88        |top_level2_dadd_6ocq  |        0|      3|   445|  1149|    0|
    |top_level2_dcmp_6pcA_U90        |top_level2_dcmp_6pcA  |        0|      0|   130|   469|    0|
    |top_level2_dcmp_6pcA_U91        |top_level2_dcmp_6pcA  |        0|      0|   130|   469|    0|
    |top_level2_dmul_6rcU_U89        |top_level2_dmul_6rcU  |        0|     11|   317|   578|    0|
    |top_level2_fadd_3g8j_U75        |top_level2_fadd_3g8j  |        0|      2|   205|   390|    0|
    |top_level2_fadd_3g8j_U76        |top_level2_fadd_3g8j  |        0|      2|   205|   390|    0|
    |top_level2_fadd_3g8j_U77        |top_level2_fadd_3g8j  |        0|      2|   205|   390|    0|
    |top_level2_faddfsqcK_U74        |top_level2_faddfsqcK  |        0|      2|   205|   390|    0|
    |top_level2_fmul_3hbi_U78        |top_level2_fmul_3hbi  |        0|      3|   143|   321|    0|
    |top_level2_fmul_3hbi_U79        |top_level2_fmul_3hbi  |        0|      3|   143|   321|    0|
    |top_level2_fmul_3hbi_U80        |top_level2_fmul_3hbi  |        0|      3|   143|   321|    0|
    |top_level2_fmul_3hbi_U81        |top_level2_fmul_3hbi  |        0|      3|   143|   321|    0|
    |top_level2_fpext_lbW_U87        |top_level2_fpext_lbW  |        0|      0|   100|   138|    0|
    |top_level2_fptrunncg_U86        |top_level2_fptrunncg  |        0|      0|   128|   277|    0|
    |top_level2_sitodpsc4_U92        |top_level2_sitodpsc4  |        0|      0|   412|   645|    0|
    |top_level2_sitofpibs_U82        |top_level2_sitofpibs  |        0|      0|   340|   554|    0|
    |top_level2_sitofpibs_U83        |top_level2_sitofpibs  |        0|      0|   340|   554|    0|
    |top_level2_sitofpibs_U84        |top_level2_sitofpibs  |        0|      0|   340|   554|    0|
    |top_level2_sitofpibs_U85        |top_level2_sitofpibs  |        0|      0|   340|   554|    0|
    +--------------------------------+----------------------+---------+-------+------+------+-----+
    |Total                           |                      |        0|     37|  6079| 13607|    0|
    +--------------------------------+----------------------+---------+-------+------+------+-----+

    * DSP48E: 
    N/A

    * Memory: 
    N/A

    * FIFO: 
    N/A

    * Expression: 
    +----------------------------------+----------+-------+----+-----+------------+------------+
    |           Variable Name          | Operation| DSP48E| FF | LUT | Bitwidth P0| Bitwidth P1|
    +----------------------------------+----------+-------+----+-----+------------+------------+
    |add_ln339_2_fu_1225_p2            |     +    |      0|   0|   15|           8|           9|
    |add_ln339_fu_1096_p2              |     +    |      0|   0|   15|           8|           9|
    |add_ln386_1_fu_1351_p2            |     +    |      0|   0|   11|          32|          32|
    |add_ln386_2_fu_1047_p2            |     +    |      0|   0|   21|          15|          15|
    |add_ln386_3_fu_1041_p2            |     +    |      0|   0|   21|           9|          15|
    |add_ln386_fu_1345_p2              |     +    |      0|   0|   11|          32|          32|
    |add_ln949_2_fu_773_p2             |     +    |      0|   0|   15|           6|           8|
    |add_ln949_fu_652_p2               |     +    |      0|   0|   15|           6|           8|
    |add_ln958_2_fu_870_p2             |     +    |      0|   0|   39|           6|          32|
    |add_ln958_fu_815_p2               |     +    |      0|   0|   39|           6|          32|
    |add_ln964_2_fu_988_p2             |     +    |      0|   0|   11|           8|           8|
    |add_ln964_fu_937_p2               |     +    |      0|   0|   11|           8|           8|
    |lsb_index_3_fu_700_p2             |     +    |      0|   0|   39|           6|          32|
    |lsb_index_fu_579_p2               |     +    |      0|   0|   39|           6|          32|
    |m_34_fu_844_p2                    |     +    |      0|   0|   39|          32|          32|
    |m_39_fu_899_p2                    |     +    |      0|   0|   39|          32|          32|
    |r_fu_1035_p2                      |     +    |      0|   0|   15|           7|           1|
    |theta_fu_400_p2                   |     +    |      0|   0|   15|           9|           1|
    |result_V_5_fu_1311_p2             |     -    |      0|   0|   39|           1|          32|
    |result_V_7_fu_1322_p2             |     -    |      0|   0|   39|           1|          32|
    |sub_ln1311_2_fu_1239_p2           |     -    |      0|   0|   15|           7|           8|
    |sub_ln1311_fu_1110_p2             |     -    |      0|   0|   15|           7|           8|
    |sub_ln703_fu_453_p2               |     -    |      0|   0|   15|           1|           8|
    |sub_ln944_2_fu_691_p2             |     -    |      0|   0|   39|           4|          32|
    |sub_ln944_fu_570_p2               |     -    |      0|   0|   39|           4|          32|
    |sub_ln947_2_fu_726_p2             |     -    |      0|   0|   13|           1|           4|
    |sub_ln947_fu_605_p2               |     -    |      0|   0|   13|           1|           4|
    |sub_ln958_2_fu_881_p2             |     -    |      0|   0|   39|           5|          32|
    |sub_ln958_fu_826_p2               |     -    |      0|   0|   39|           5|          32|
    |sub_ln964_2_fu_983_p2             |     -    |      0|   0|   11|           1|           8|
    |sub_ln964_fu_932_p2               |     -    |      0|   0|   11|           1|           8|
    |tmp_V_28_fu_529_p2                |     -    |      0|   0|   15|           1|           8|
    |tmp_V_fu_481_p2                   |     -    |      0|   0|   15|           1|           8|
    |a_3_fu_753_p2                     |    and   |      0|   0|    2|           1|           1|
    |a_fu_632_p2                       |    and   |      0|   0|    2|           1|           1|
    |and_ln169_1_fu_447_p2             |    and   |      0|   0|    2|           1|           1|
    |and_ln169_fu_442_p2               |    and   |      0|   0|    2|           1|           1|
    |and_ln949_2_fu_786_p2             |    and   |      0|   0|    2|           1|           1|
    |and_ln949_fu_665_p2               |    and   |      0|   0|    2|           1|           1|
    |ap_block_state35_on_subcall_done  |    and   |      0|   0|    2|           1|           1|
    |ap_predicate_op181_call_state35   |    and   |      0|   0|    2|           1|           1|
    |grp_fu_351_p2                     |    and   |      0|   0|    2|           1|           1|
    |p_Result_56_fu_621_p2             |    and   |      0|   0|    8|           8|           8|
    |p_Result_62_fu_742_p2             |    and   |      0|   0|    8|           8|           8|
    |l_3_fu_558_p3                     |   cttz   |      0|  40|   36|          32|           0|
    |l_fu_512_p3                       |   cttz   |      0|  40|   36|          32|           0|
    |icmp_ln165_1_fu_429_p2            |   icmp   |      0|   0|   29|          52|           1|
    |icmp_ln165_fu_423_p2              |   icmp   |      0|   0|   13|          11|           2|
    |icmp_ln367_fu_394_p2              |   icmp   |      0|   0|   13|           9|           9|
    |icmp_ln380_fu_1029_p2             |   icmp   |      0|   0|   11|           7|           8|
    |icmp_ln935_2_fu_524_p2            |   icmp   |      0|   0|   11|           8|           1|
    |icmp_ln935_fu_475_p2              |   icmp   |      0|   0|   11|           8|           1|
    |icmp_ln947_4_fu_626_p2            |   icmp   |      0|   0|   11|           8|           1|
    |icmp_ln947_5_fu_716_p2            |   icmp   |      0|   0|   18|          31|           1|
    |icmp_ln947_6_fu_747_p2            |   icmp   |      0|   0|   11|           8|           1|
    |icmp_ln947_fu_595_p2              |   icmp   |      0|   0|   18|          31|           1|
    |icmp_ln958_2_fu_806_p2            |   icmp   |      0|   0|   18|          32|           1|
    |icmp_ln958_fu_685_p2              |   icmp   |      0|   0|   18|          32|           1|
    |lshr_ln947_2_fu_736_p2            |   lshr   |      0|   0|   19|           2|           8|
    |lshr_ln947_fu_615_p2              |   lshr   |      0|   0|   19|           2|           8|
    |lshr_ln958_2_fu_875_p2            |   lshr   |      0|   0|  101|          32|          32|
    |lshr_ln958_fu_820_p2              |   lshr   |      0|   0|  101|          32|          32|
    |r_V_15_fu_1269_p2                 |   lshr   |      0|   0|   73|          25|          25|
    |r_V_fu_1140_p2                    |   lshr   |      0|   0|   73|          25|          25|
    |ap_block_state1                   |    or    |      0|   0|    2|           1|           1|
    |or_ln165_fu_435_p2                |    or    |      0|   0|    2|           1|           1|
    |or_ln949_2_fu_792_p2              |    or    |      0|   0|    2|           1|           1|
    |or_ln949_fu_671_p2                |    or    |      0|   0|    2|           1|           1|
    |m_31_fu_837_p3                    |  select  |      0|   0|   32|           1|          32|
    |m_38_fu_892_p3                    |  select  |      0|   0|   32|           1|          32|
    |p_Val2_84_fu_1174_p3              |  select  |      0|   0|   32|           1|          32|
    |p_Val2_85_fu_1316_p3              |  select  |      0|   0|   32|           1|          32|
    |p_Val2_86_fu_1303_p3              |  select  |      0|   0|   32|           1|          32|
    |p_Val2_87_fu_1327_p3              |  select  |      0|   0|   32|           1|          32|
    |select_ln964_2_fu_976_p3          |  select  |      0|   0|    7|           1|           7|
    |select_ln964_fu_925_p3            |  select  |      0|   0|    7|           1|           7|
    |tempCos_fu_966_p3                 |  select  |      0|   0|   32|           1|           1|
    |tempSin_fu_1017_p3                |  select  |      0|   0|   32|           1|           1|
    |tmp_V_37_fu_487_p3                |  select  |      0|   0|    8|           1|           8|
    |tmp_V_39_fu_534_p3                |  select  |      0|   0|    8|           1|           8|
    |ush_2_fu_1249_p3                  |  select  |      0|   0|    9|           1|           9|
    |ush_fu_1120_p3                    |  select  |      0|   0|    9|           1|           9|
    |r_V_14_fu_1146_p2                 |    shl   |      0|   0|  243|          79|          79|
    |r_V_16_fu_1275_p2                 |    shl   |      0|   0|  243|          79|          79|
    |shl_ln958_2_fu_886_p2             |    shl   |      0|   0|  101|          32|          32|
    |shl_ln958_fu_831_p2               |    shl   |      0|   0|  101|          32|          32|
    |xor_ln949_2_fu_767_p2             |    xor   |      0|   0|    2|           1|           2|
    |xor_ln949_fu_646_p2               |    xor   |      0|   0|    2|           1|           2|
    +----------------------------------+----------+-------+----+-----+------------+------------+
    |Total                             |          |      0|  80| 2445|         963|        1249|
    +----------------------------------+----------+-------+----+-----+------------+------------+

    * Multiplexer: 
    +----------------------------+-----+-----------+-----+-----------+
    |            Name            | LUT | Input Size| Bits| Total Bits|
    +----------------------------+-----+-----------+-----+-----------+
    |ap_NS_fsm                   |  409|         94|    1|         94|
    |ap_done                     |    9|          2|    1|          2|
    |grp_cordicCos_fix_fu_261_x  |   21|          4|   32|        128|
    |grp_fu_268_opcode           |   15|          3|    2|          6|
    |grp_fu_268_p0               |   21|          4|   32|        128|
    |grp_fu_268_p1               |   15|          3|   32|         96|
    |grp_fu_272_p0               |   15|          3|   32|         96|
    |grp_fu_285_p0               |   27|          5|   32|        160|
    |grp_fu_285_p1               |   27|          5|   32|        160|
    |grp_fu_289_p0               |   21|          4|   32|        128|
    |grp_fu_289_p1               |   21|          4|   32|        128|
    |grp_fu_302_p0               |   15|          3|   32|         96|
    |grp_fu_318_p0               |   15|          3|   64|        192|
    |grp_fu_324_p1               |   21|          4|   64|        256|
    |grp_fu_336_opcode           |   15|          3|    5|         15|
    |grp_fu_336_p1               |   21|          4|   64|        256|
    |grp_fu_351_p0               |   15|          3|    1|          3|
    |phi_mul_reg_243             |    9|          2|   15|         30|
    |r_0_i_reg_232               |    9|          2|    7|         14|
    |theta_0_i_reg_207           |    9|          2|    9|         18|
    |tmp_V_36_reg_218            |    9|          2|    8|         16|
    +----------------------------+-----+-----------+-----+-----------+
    |Total                       |  739|        159|  529|       2022|
    +----------------------------+-----+-----------+-----+-----------+

    * Register: 
    +---------------------------------------------+----+----+-----+-----------+
    |                     Name                    | FF | LUT| Bits| Const Bits|
    +---------------------------------------------+----+----+-----+-----------+
    |add_ln386_1_reg_1717                         |  32|   0|   32|          0|
    |add_ln386_2_reg_1670                         |  15|   0|   15|          0|
    |add_ln386_3_reg_1665                         |  15|   0|   15|          0|
    |and_ln165_reg_1458                           |   1|   0|    1|          0|
    |and_ln167_reg_1462                           |   1|   0|    1|          0|
    |and_ln169_1_reg_1466                         |   1|   0|    1|          0|
    |ap_CS_fsm                                    |  93|   0|   93|          0|
    |ap_done_reg                                  |   1|   0|    1|          0|
    |grp_cordic360_Sin_fixed_fu_254_ap_start_reg  |   1|   0|    1|          0|
    |grp_cordicCos_fix_fu_261_ap_start_reg        |   1|   0|    1|          0|
    |icmp_ln935_2_reg_1536                        |   1|   0|    1|          0|
    |icmp_ln935_reg_1514                          |   1|   0|    1|          0|
    |icmp_ln958_2_reg_1585                        |   1|   0|    1|          0|
    |icmp_ln958_reg_1569                          |   1|   0|    1|          0|
    |l_3_reg_1548                                 |  32|   0|   32|          0|
    |l_reg_1526                                   |  32|   0|   32|          0|
    |m_5_reg_1600                                 |  31|   0|   31|          0|
    |m_s_reg_1590                                 |  31|   0|   31|          0|
    |or_ln165_reg_1452                            |   1|   0|    1|          0|
    |or_ln949_2_i_reg_1580                        |   1|   0|   32|         31|
    |or_ln_i_reg_1564                             |   1|   0|   32|         31|
    |p_Result_75_reg_1495                         |   1|   0|    1|          0|
    |p_Result_78_reg_1508                         |   1|   0|    1|          0|
    |p_Result_81_reg_1695                         |   1|   0|    1|          0|
    |p_Result_82_reg_1706                         |   1|   0|    1|          0|
    |p_Val2_84_reg_1700                           |  32|   0|   32|          0|
    |p_Val2_86_reg_1711                           |  32|   0|   32|          0|
    |phi_mul_reg_243                              |  15|   0|   15|          0|
    |r_0_i_reg_232                                |   7|   0|    7|          0|
    |r_reg_1660                                   |   7|   0|    7|          0|
    |reg_356                                      |  64|   0|   64|          0|
    |reg_361                                      |  32|   0|   32|          0|
    |reg_366                                      |  32|   0|   32|          0|
    |reg_374                                      |  32|   0|   32|          0|
    |reg_379                                      |  32|   0|   32|          0|
    |sub_ln944_2_reg_1574                         |  32|   0|   32|          0|
    |sub_ln944_reg_1558                           |  32|   0|   32|          0|
    |temp1_reg_1632                               |  32|   0|   32|          0|
    |temp2_reg_1637                               |  32|   0|   32|          0|
    |temp3_reg_1642                               |  32|   0|   32|          0|
    |temp4_reg_1647                               |  32|   0|   32|          0|
    |tempCos_reg_1610                             |  32|   0|   32|          0|
    |tempSin_reg_1616                             |  32|   0|   32|          0|
    |theta_0_i_reg_207                            |   9|   0|    9|          0|
    |theta_reg_1422                               |   9|   0|    9|          0|
    |tmp_22_i_reg_1397                            |  32|   0|   32|          0|
    |tmp_23_i_reg_1403                            |  32|   0|   32|          0|
    |tmp_24_i_reg_1427                            |  64|   0|   64|          0|
    |tmp_25_i_reg_1432                            |  64|   0|   64|          0|
    |tmp_29_i_reg_1622                            |  32|   0|   32|          0|
    |tmp_30_i_reg_1627                            |  32|   0|   32|          0|
    |tmp_31_i_reg_1675                            |  32|   0|   32|          0|
    |tmp_34_i_reg_1680                            |  32|   0|   32|          0|
    |tmp_36_i_reg_1685                            |  32|   0|   32|          0|
    |tmp_37_reg_1595                              |   1|   0|    1|          0|
    |tmp_41_reg_1605                              |   1|   0|    1|          0|
    |tmp_59_i_i_reg_1475                          |  32|   0|   32|          0|
    |tmp_V_36_reg_218                             |   8|   0|    8|          0|
    |tmp_V_37_reg_1519                            |   8|   0|    8|          0|
    |tmp_V_38_reg_1501                            |   8|   0|    8|          0|
    |tmp_V_39_reg_1541                            |   8|   0|    8|          0|
    |tmp_i_45_reg_1391                            |  32|   0|   32|          0|
    |tmp_i_i_reg_1444                             |  64|   0|   64|          0|
    |tmp_i_reg_1385                               |  32|   0|   32|          0|
    |trunc_ln943_2_reg_1553                       |   8|   0|    8|          0|
    |trunc_ln943_reg_1531                         |   8|   0|    8|          0|
    |x_assign_7_reg_1690                          |  32|   0|   32|          0|
    |x_assign_reg_1437                            |  32|   0|   32|          0|
    |zext_ln367_reg_1409                          |   9|   0|   15|          6|
    +---------------------------------------------+----+----+-----+-----------+
    |Total                                        |1492|   0| 1560|         68|
    +---------------------------------------------+----+----+-----+-----------+



================================================================
== Interface
================================================================
* Summary: 
+--------------------+-----+-----+------------+--------------+--------------+
|      RTL Ports     | Dir | Bits|  Protocol  | Source Object|    C Type    |
+--------------------+-----+-----+------------+--------------+--------------+
|ap_clk              |  in |    1| ap_ctrl_hs |   core_low   | return value |
|ap_rst              |  in |    1| ap_ctrl_hs |   core_low   | return value |
|ap_start            |  in |    1| ap_ctrl_hs |   core_low   | return value |
|ap_done             | out |    1| ap_ctrl_hs |   core_low   | return value |
|ap_continue         |  in |    1| ap_ctrl_hs |   core_low   | return value |
|ap_idle             | out |    1| ap_ctrl_hs |   core_low   | return value |
|ap_ready            | out |    1| ap_ctrl_hs |   core_low   | return value |
|image_in_address0   | out |   17|  ap_memory |   image_in   |     array    |
|image_in_ce0        | out |    1|  ap_memory |   image_in   |     array    |
|image_in_q0         |  in |    8|  ap_memory |   image_in   |     array    |
|image_out_address0  | out |   15|  ap_memory |   image_out  |     array    |
|image_out_ce0       | out |    1|  ap_memory |   image_out  |     array    |
|image_out_we0       | out |    1|  ap_memory |   image_out  |     array    |
|image_out_d0        | out |    8|  ap_memory |   image_out  |     array    |
|p_read              |  in |   32|   ap_none  |    p_read    |    scalar    |
|p_read1             |  in |   32|   ap_none  |    p_read1   |    scalar    |
|p_read2             |  in |   32|   ap_none  |    p_read2   |    scalar    |
|p_read3             |  in |   32|   ap_none  |    p_read3   |    scalar    |
+--------------------+-----+-----+------------+--------------+--------------+

