

================================================================
== Vivado HLS Report for 'find_iris_high_accur'
================================================================
* Date:           Tue Oct  6 18:21:16 2020

* Version:        2019.2 (Build 2704478 on Wed Nov 06 22:10:23 MST 2019)
* Project:        Iris-recognition
* Solution:       PYNQ_SOLUTION
* Product family: zynq
* Target device:  xc7z020-clg400-1


================================================================
== Performance Estimates
================================================================
+ Timing: 
    * Summary: 
    +--------+----------+----------+------------+
    |  Clock |  Target  | Estimated| Uncertainty|
    +--------+----------+----------+------------+
    |ap_clk  | 10.00 ns | 8.636 ns |   1.25 ns  |
    +--------+----------+----------+------------+

+ Latency: 
    * Summary: 
    +----------+-----------+-----------+-----------+----------+-----------+---------+
    |   Latency (cycles)   |   Latency (absolute)  |       Interval       | Pipeline|
    |    min   |    max    |    min    |    max    |    min   |    max    |   Type  |
    +----------+-----------+-----------+-----------+----------+-----------+---------+
    |  59860416|  119534016| 0.599 sec | 1.195 sec |  59860416|  119534016|   none  |
    +----------+-----------+-----------+-----------+----------+-----------+---------+

    + Detail: 
        * Instance: 
        N/A

        * Loop: 
        +--------------------+----------+-----------+-----------------+-----------+-----------+------+----------+
        |                    |   Latency (cycles)   |    Iteration    |  Initiation Interval  | Trip |          |
        |      Loop Name     |    min   |    max    |     Latency     |  achieved |   target  | Count| Pipelined|
        +--------------------+----------+-----------+-----------------+-----------+-----------+------+----------+
        |- Loop 1            |      6901|       6901|              103|          -|          -|    67|    no    |
        | + Loop 1.1         |        96|         96|               12|          -|          -|     8|    no    |
        |- Loop 2            |        37|         37|                1|          -|          -|    37|    no    |
        |- loopPixel         |  59853360|  119526960| 213762 ~ 426882 |          -|          -|   280|    no    |
        | + loopPixel.1      |    213760|     426880|    668 ~ 1334   |          -|          -|   320|    no    |
        |  ++ loopPixel.1.1  |       666|       1332|      3 ~ 6      |          -|          -|   222|    no    |
        |- Loop 4            |       108|        108|                3|          -|          -|    36|    no    |
        +--------------------+----------+-----------+-----------------+-----------+-----------+------+----------+



================================================================
== Utilization Estimates
================================================================
* Summary: 
+-----------------+---------+-------+--------+-------+-----+
|       Name      | BRAM_18K| DSP48E|   FF   |  LUT  | URAM|
+-----------------+---------+-------+--------+-------+-----+
|DSP              |        -|      1|       -|      -|    -|
|Expression       |        -|      -|       0|   2053|    -|
|FIFO             |        -|      -|       -|      -|    -|
|Instance         |        -|     10|    1376|   2530|    -|
|Memory           |        4|      -|       0|      0|    0|
|Multiplexer      |        -|      -|       -|    421|    -|
|Register         |        -|      -|     703|      -|    -|
+-----------------+---------+-------+--------+-------+-----+
|Total            |        4|     11|    2079|   5004|    0|
+-----------------+---------+-------+--------+-------+-----+
|Available        |      280|    220|  106400|  53200|    0|
+-----------------+---------+-------+--------+-------+-----+
|Utilization (%)  |        1|      5|       1|      9|    0|
+-----------------+---------+-------+--------+-------+-----+

+ Detail: 
    * Instance: 
    +--------------------------+----------------------+---------+-------+-----+-----+-----+
    |         Instance         |        Module        | BRAM_18K| DSP48E|  FF | LUT | URAM|
    +--------------------------+----------------------+---------+-------+-----+-----+-----+
    |top_level2_fadd_3g8j_U34  |top_level2_fadd_3g8j  |        0|      2|  205|  390|    0|
    |top_level2_fadd_3g8j_U35  |top_level2_fadd_3g8j  |        0|      2|  205|  390|    0|
    |top_level2_fmul_3hbi_U36  |top_level2_fmul_3hbi  |        0|      3|  143|  321|    0|
    |top_level2_fmul_3hbi_U37  |top_level2_fmul_3hbi  |        0|      3|  143|  321|    0|
    |top_level2_sitofpibs_U38  |top_level2_sitofpibs  |        0|      0|  340|  554|    0|
    |top_level2_sitofpibs_U39  |top_level2_sitofpibs  |        0|      0|  340|  554|    0|
    +--------------------------+----------------------+---------+-------+-----+-----+-----+
    |Total                     |                      |        0|     10| 1376| 2530|    0|
    +--------------------------+----------------------+---------+-------+-----+-----+-----+

    * DSP48E: 
    +--------------------------+----------------------+-----------+
    |         Instance         |        Module        | Expression|
    +--------------------------+----------------------+-----------+
    |top_level2_mul_mujbC_U40  |top_level2_mul_mujbC  |  i0 * i1  |
    +--------------------------+----------------------+-----------+

    * Memory: 
    +----------+----------------------+---------+---+----+-----+------+-----+------+-------------+
    |  Memory  |        Module        | BRAM_18K| FF| LUT| URAM| Words| Bits| Banks| W*Bits*Banks|
    +----------+----------------------+---------+---+----+-----+------+-----+------+-------------+
    |points_U  |find_iris_high_aceOg  |        2|  0|   0|    0|   804|   32|     1|        25728|
    |sums_U    |find_iris_high_acfYi  |        2|  0|   0|    0|    37|   32|     1|         1184|
    +----------+----------------------+---------+---+----+-----+------+-----+------+-------------+
    |Total     |                      |        4|  0|   0|    0|   841|   64|     2|        26912|
    +----------+----------------------+---------+---+----+-----+------+-----+------+-------------+

    * FIFO: 
    N/A

    * Expression: 
    +---------------------------+----------+-------+---+-----+------------+------------+
    |       Variable Name       | Operation| DSP48E| FF| LUT | Bitwidth P0| Bitwidth P1|
    +---------------------------+----------+-------+---+-----+------------+------------+
    |add_ln227_fu_697_p2        |     +    |      0|  0|   12|          12|          12|
    |add_ln248_fu_1290_p2       |     +    |      0|  0|   39|          32|          32|
    |add_ln257_fu_1322_p2       |     +    |      0|  0|   15|           6|           2|
    |add_ln339_1_fu_1054_p2     |     +    |      0|  0|   15|           8|           9|
    |add_ln339_fu_925_p2        |     +    |      0|  0|   15|           8|           9|
    |alpha_fu_702_p2            |     +    |      0|  0|   15|           6|           9|
    |ap_return                  |     +    |      0|  0|   39|          32|           7|
    |count1_fu_525_p2           |     +    |      0|  0|   15|           7|           1|
    |count2_fu_567_p2           |     +    |      0|  0|   13|           4|           1|
    |i_fu_1189_p2               |     +    |      0|  0|   15|           6|           1|
    |p_fu_1295_p2               |     +    |      0|  0|   15|           9|           2|
    |r_1_fu_1311_p2             |     +    |      0|  0|   15|           6|           1|
    |r_fu_708_p2                |     +    |      0|  0|   15|           8|           1|
    |x_1_fu_1226_p2             |     +    |      0|  0|   15|           9|           1|
    |y_1_fu_1210_p2             |     +    |      0|  0|   15|           9|           1|
    |i_max_fu_1339_p2           |     -    |      0|  0|   39|          32|          32|
    |result_V_2_fu_1140_p2      |     -    |      0|  0|   39|           1|          32|
    |result_V_4_fu_1152_p2      |     -    |      0|  0|   39|           1|          32|
    |sub_ln1311_1_fu_1068_p2    |     -    |      0|  0|   15|           7|           8|
    |sub_ln1311_fu_939_p2       |     -    |      0|  0|   15|           7|           8|
    |sub_ln227_fu_555_p2        |     -    |      0|  0|   12|          12|          12|
    |and_ln16_fu_639_p2         |    and   |      0|  0|    2|           1|           1|
    |and_ln17_fu_651_p2         |    and   |      0|  0|    2|           1|           1|
    |and_ln18_fu_663_p2         |    and   |      0|  0|    2|           1|           1|
    |and_ln19_fu_780_p2         |    and   |      0|  0|    2|           1|           1|
    |and_ln20_1_fu_729_p2       |    and   |      0|  0|    2|           1|           1|
    |and_ln20_fu_724_p2         |    and   |      0|  0|    2|           1|           1|
    |and_ln9_fu_854_p2          |    and   |      0|  0|    2|           1|           1|
    |sel_tmp53_fu_789_p2        |    and   |      0|  0|    2|           1|           1|
    |icmp_ln15_fu_573_p2        |   icmp   |      0|  0|   13|           9|           1|
    |icmp_ln16_fu_579_p2        |   icmp   |      0|  0|   13|           9|           6|
    |icmp_ln17_fu_585_p2        |   icmp   |      0|  0|   13|           9|           7|
    |icmp_ln18_fu_591_p2        |   icmp   |      0|  0|   13|           9|           8|
    |icmp_ln19_fu_597_p2        |   icmp   |      0|  0|   13|           9|           8|
    |icmp_ln20_1_fu_627_p2      |   icmp   |      0|  0|   13|           9|           8|
    |icmp_ln20_2_fu_675_p2      |   icmp   |      0|  0|   13|           9|           9|
    |icmp_ln20_3_fu_681_p2      |   icmp   |      0|  0|   13|           9|           8|
    |icmp_ln20_fu_621_p2        |   icmp   |      0|  0|   13|           9|           9|
    |icmp_ln220_fu_519_p2       |   icmp   |      0|  0|   11|           8|           8|
    |icmp_ln222_fu_561_p2       |   icmp   |      0|  0|   11|           4|           5|
    |icmp_ln236_fu_1183_p2      |   icmp   |      0|  0|   11|           6|           6|
    |icmp_ln239_fu_1204_p2      |   icmp   |      0|  0|   13|           9|           9|
    |icmp_ln240_fu_1220_p2      |   icmp   |      0|  0|   13|           9|           9|
    |icmp_ln245_fu_1236_p2      |   icmp   |      0|  0|   13|           9|           8|
    |icmp_ln246_1_fu_1263_p2    |   icmp   |      0|  0|   18|          32|          32|
    |icmp_ln246_fu_1247_p2      |   icmp   |      0|  0|   18|          32|          32|
    |icmp_ln255_fu_1305_p2      |   icmp   |      0|  0|   11|           6|           6|
    |icmp_ln259_fu_1345_p2      |   icmp   |      0|  0|   18|          32|          32|
    |r_V_12_fu_1098_p2          |   lshr   |      0|  0|   73|          25|          25|
    |r_V_fu_969_p2              |   lshr   |      0|  0|   73|          25|          25|
    |ap_block_state1            |    or    |      0|  0|    2|           1|           1|
    |ap_block_state28           |    or    |      0|  0|    2|           1|           1|
    |empty_fu_803_p2            |    or    |      0|  0|    2|           1|           1|
    |or_ln16_1_fu_749_p2        |    or    |      0|  0|    2|           1|           1|
    |or_ln16_fu_603_p2          |    or    |      0|  0|    2|           1|           1|
    |or_ln17_fu_609_p2          |    or    |      0|  0|    2|           1|           1|
    |or_ln18_1_fu_669_p2        |    or    |      0|  0|    2|           1|           1|
    |or_ln18_fu_615_p2          |    or    |      0|  0|    2|           1|           1|
    |or_ln19_fu_714_p2          |    or    |      0|  0|    2|           1|           1|
    |or_ln20_fu_785_p2          |    or    |      0|  0|    2|           1|           1|
    |or_ln228_fu_1172_p2        |    or    |      0|  0|   32|          32|           1|
    |or_ln246_fu_1252_p2        |    or    |      0|  0|    9|           9|           1|
    |or_ln9_fu_867_p2           |    or    |      0|  0|    2|           1|           1|
    |grp_fu_500_p1              |  select  |      0|  0|   32|           1|          32|
    |grp_fu_504_p1              |  select  |      0|  0|   32|           1|          32|
    |p_Val2_60_fu_1003_p3       |  select  |      0|  0|   32|           1|          32|
    |p_Val2_62_fu_1132_p3       |  select  |      0|  0|   32|           1|          32|
    |points_d0                  |  select  |      0|  0|   32|           1|          32|
    |points_d1                  |  select  |      0|  0|   32|           1|          32|
    |sel_tmp40_fu_795_p3        |  select  |      0|  0|   32|           1|          32|
    |select_ln10_fu_818_p3      |  select  |      0|  0|   31|           1|          30|
    |select_ln16_1_fu_753_p3    |  select  |      0|  0|   32|           1|          32|
    |select_ln16_fu_742_p3      |  select  |      0|  0|   30|           1|          30|
    |select_ln18_1_fu_768_p3    |  select  |      0|  0|   32|           1|          32|
    |select_ln18_fu_761_p3      |  select  |      0|  0|   30|           1|          30|
    |select_ln20_fu_734_p3      |  select  |      0|  0|   32|           1|          31|
    |select_ln259_1_fu_1357_p3  |  select  |      0|  0|   32|           1|          32|
    |select_ln259_fu_1350_p3    |  select  |      0|  0|   32|           1|          32|
    |select_ln5_1_fu_832_p3     |  select  |      0|  0|   32|           1|          32|
    |select_ln5_fu_825_p3       |  select  |      0|  0|   30|           1|          30|
    |select_ln7_1_fu_847_p3     |  select  |      0|  0|   32|           1|          32|
    |select_ln7_fu_840_p3       |  select  |      0|  0|   32|           1|          32|
    |select_ln9_fu_859_p3       |  select  |      0|  0|   32|           1|          32|
    |ush_1_fu_1078_p3           |  select  |      0|  0|    9|           1|           9|
    |ush_fu_949_p3              |  select  |      0|  0|    9|           1|           9|
    |r_V_11_fu_975_p2           |    shl   |      0|  0|  243|          79|          79|
    |r_V_13_fu_1104_p2          |    shl   |      0|  0|  243|          79|          79|
    |xor_ln15_fu_633_p2         |    xor   |      0|  0|    2|           1|           2|
    |xor_ln16_fu_645_p2         |    xor   |      0|  0|    2|           1|           2|
    |xor_ln17_fu_657_p2         |    xor   |      0|  0|    2|           1|           2|
    |xor_ln18_fu_775_p2         |    xor   |      0|  0|    2|           1|           2|
    |xor_ln19_fu_718_p2         |    xor   |      0|  0|    2|           1|           2|
    +---------------------------+----------+-------+---+-----+------------+------------+
    |Total                      |          |      0|  0| 2053|         745|        1312|
    +---------------------------+----------+-------+---+-----+------------+------------+

    * Multiplexer: 
    +-----------------------------+-----+-----------+-----+-----------+
    |             Name            | LUT | Input Size| Bits| Total Bits|
    +-----------------------------+-----+-----------+-----+-----------+
    |ap_NS_fsm                    |  169|         38|    1|         38|
    |ap_done                      |    9|          2|    1|          2|
    |count1_0_i_reg_378           |    9|          2|    7|         14|
    |count2_0_i_reg_401           |    9|          2|    4|          8|
    |dst_img_data_stream_V_blk_n  |    9|          2|    1|          2|
    |grp_fu_508_p0                |   15|          3|   32|         96|
    |i_0_i_reg_412                |    9|          2|    6|         12|
    |i_max_0_i_reg_469            |    9|          2|   32|         64|
    |img_data_stream_V_blk_n      |    9|          2|    1|          2|
    |iris_radius_0_i_reg_457      |    9|          2|   32|         64|
    |iris_radius_reg_481          |    9|          2|    6|         12|
    |p_0_i_reg_445                |    9|          2|    9|         18|
    |points_address0              |   15|          3|   10|         30|
    |points_address1              |   15|          3|   10|         30|
    |r_0_i_reg_366                |    9|          2|    8|         16|
    |real_start                   |    9|          2|    1|          2|
    |sums_address0                |   21|          4|    6|         24|
    |sums_d0                      |   15|          3|   32|         96|
    |val_assign_reg_390           |    9|          2|    9|         18|
    |x2_0_i_reg_434               |    9|          2|    9|         18|
    |x_blk_n                      |    9|          2|    1|          2|
    |x_out_blk_n                  |    9|          2|    1|          2|
    |y1_0_i_reg_423               |    9|          2|    9|         18|
    |y_blk_n                      |    9|          2|    1|          2|
    |y_out_blk_n                  |    9|          2|    1|          2|
    +-----------------------------+-----+-----------+-----+-----------+
    |Total                        |  421|         92|  230|        592|
    +-----------------------------+-----+-----------+-----+-----------+

    * Register: 
    +-------------------------+----+----+-----+-----------+
    |           Name          | FF | LUT| Bits| Const Bits|
    +-------------------------+----+----+-----+-----------+
    |add_ln227_reg_1481       |  11|   0|   12|          1|
    |add_ln248_reg_1613       |  32|   0|   32|          0|
    |alpha_reg_1486           |   9|   0|    9|          0|
    |and_ln16_reg_1450        |   1|   0|    1|          0|
    |and_ln18_reg_1457        |   1|   0|    1|          0|
    |ap_CS_fsm                |  37|   0|   37|          0|
    |ap_done_reg              |   1|   0|    1|          0|
    |count1_0_i_reg_378       |   7|   0|    7|          0|
    |count1_reg_1399          |   7|   0|    7|          0|
    |count2_0_i_reg_401       |   4|   0|    4|          0|
    |count2_reg_1418          |   4|   0|    4|          0|
    |i_0_i_reg_412            |   6|   0|    6|          0|
    |i_max_0_i_reg_469        |  32|   0|   32|          0|
    |i_max_reg_1646           |  32|   0|   32|          0|
    |icmp_ln15_reg_1423       |   1|   0|    1|          0|
    |icmp_ln19_reg_1428       |   1|   0|    1|          0|
    |icmp_ln20_1_reg_1445     |   1|   0|    1|          0|
    |icmp_ln20_2_reg_1469     |   1|   0|    1|          0|
    |icmp_ln20_3_reg_1475     |   1|   0|    1|          0|
    |icmp_ln20_reg_1440       |   1|   0|    1|          0|
    |icmp_ln246_1_reg_1604    |   1|   0|    1|          0|
    |icmp_ln246_reg_1595      |   1|   0|    1|          0|
    |iris_radius_0_i_reg_457  |  32|   0|   32|          0|
    |iris_radius_reg_481      |   6|   0|    6|          0|
    |or_ln18_1_reg_1463       |   1|   0|    1|          0|
    |or_ln18_reg_1434         |   1|   0|    1|          0|
    |p_0_i_reg_445            |   9|   0|    9|          0|
    |p_Result_53_reg_1537     |   1|   0|    1|          0|
    |p_Result_s_reg_1526      |   1|   0|    1|          0|
    |p_Val2_60_reg_1531       |  32|   0|   32|          0|
    |p_Val2_62_reg_1542       |  32|   0|   32|          0|
    |r_0_i_reg_366            |   8|   0|    8|          0|
    |r_1_reg_1631             |   6|   0|    6|          0|
    |start_once_reg           |   1|   0|    1|          0|
    |sub_ln227_reg_1410       |  10|   0|   12|          2|
    |sums_addr_3_reg_1608     |   6|   0|    6|          0|
    |tmp_17_i_reg_1506        |  32|   0|   32|          0|
    |tmp_19_i_reg_1386        |  32|   0|   32|          0|
    |tmp_20_i_reg_1511        |  32|   0|   32|          0|
    |tmp_i_38_reg_1404        |  32|   0|   32|          0|
    |tmp_i_reg_1381           |  32|   0|   32|          0|
    |val_assign_reg_390       |   9|   0|    9|          0|
    |x2_0_i_reg_434           |   9|   0|    9|          0|
    |x_1_reg_1577             |   9|   0|    9|          0|
    |x_assign_3_reg_1521      |  32|   0|   32|          0|
    |x_assign_reg_1516        |  32|   0|   32|          0|
    |x_read_reg_1371          |  32|   0|   32|          0|
    |y1_0_i_reg_423           |   9|   0|    9|          0|
    |y_1_reg_1564             |   9|   0|    9|          0|
    |y_read_reg_1376          |  32|   0|   32|          0|
    |zext_ln239_reg_1556      |   9|   0|   32|         23|
    |zext_ln240_reg_1569      |   9|   0|   32|         23|
    |zext_ln248_reg_1582      |   8|   0|   32|         24|
    |zext_ln261_reg_1623      |   6|   0|   32|         26|
    +-------------------------+----+----+-----+-----------+
    |Total                    | 703|   0|  802|         99|
    +-------------------------+----+----+-----+-----------+



================================================================
== Interface
================================================================
* Summary: 
+------------------------------+-----+-----+------------+-----------------------+--------------+
|           RTL Ports          | Dir | Bits|  Protocol  |     Source Object     |    C Type    |
+------------------------------+-----+-----+------------+-----------------------+--------------+
|ap_clk                        |  in |    1| ap_ctrl_hs |  find_iris_high_accur | return value |
|ap_rst                        |  in |    1| ap_ctrl_hs |  find_iris_high_accur | return value |
|ap_start                      |  in |    1| ap_ctrl_hs |  find_iris_high_accur | return value |
|start_full_n                  |  in |    1| ap_ctrl_hs |  find_iris_high_accur | return value |
|ap_done                       | out |    1| ap_ctrl_hs |  find_iris_high_accur | return value |
|ap_continue                   |  in |    1| ap_ctrl_hs |  find_iris_high_accur | return value |
|ap_idle                       | out |    1| ap_ctrl_hs |  find_iris_high_accur | return value |
|ap_ready                      | out |    1| ap_ctrl_hs |  find_iris_high_accur | return value |
|start_out                     | out |    1| ap_ctrl_hs |  find_iris_high_accur | return value |
|start_write                   | out |    1| ap_ctrl_hs |  find_iris_high_accur | return value |
|ap_return                     | out |   32| ap_ctrl_hs |  find_iris_high_accur | return value |
|img_data_stream_V_dout        |  in |    8|   ap_fifo  |   img_data_stream_V   |    pointer   |
|img_data_stream_V_empty_n     |  in |    1|   ap_fifo  |   img_data_stream_V   |    pointer   |
|img_data_stream_V_read        | out |    1|   ap_fifo  |   img_data_stream_V   |    pointer   |
|x_dout                        |  in |   32|   ap_fifo  |           x           |    pointer   |
|x_empty_n                     |  in |    1|   ap_fifo  |           x           |    pointer   |
|x_read                        | out |    1|   ap_fifo  |           x           |    pointer   |
|y_dout                        |  in |   32|   ap_fifo  |           y           |    pointer   |
|y_empty_n                     |  in |    1|   ap_fifo  |           y           |    pointer   |
|y_read                        | out |    1|   ap_fifo  |           y           |    pointer   |
|dst_img_data_stream_V_din     | out |    8|   ap_fifo  | dst_img_data_stream_V |    pointer   |
|dst_img_data_stream_V_full_n  |  in |    1|   ap_fifo  | dst_img_data_stream_V |    pointer   |
|dst_img_data_stream_V_write   | out |    1|   ap_fifo  | dst_img_data_stream_V |    pointer   |
|x_out_din                     | out |   32|   ap_fifo  |         x_out         |    pointer   |
|x_out_full_n                  |  in |    1|   ap_fifo  |         x_out         |    pointer   |
|x_out_write                   | out |    1|   ap_fifo  |         x_out         |    pointer   |
|y_out_din                     | out |   32|   ap_fifo  |         y_out         |    pointer   |
|y_out_full_n                  |  in |    1|   ap_fifo  |         y_out         |    pointer   |
|y_out_write                   | out |    1|   ap_fifo  |         y_out         |    pointer   |
+------------------------------+-----+-----+------------+-----------------------+--------------+

