

================================================================
== Vivado HLS Report for 'Mat2Array'
================================================================
* Date:           Tue Oct  6 18:21:18 2020

* Version:        2019.2 (Build 2704478 on Wed Nov 06 22:10:23 MST 2019)
* Project:        Iris-recognition
* Solution:       PYNQ_SOLUTION
* Product family: zynq
* Target device:  xc7z020-clg400-1


================================================================
== Performance Estimates
================================================================
+ Timing: 
    * Summary: 
    +--------+----------+----------+------------+
    |  Clock |  Target  | Estimated| Uncertainty|
    +--------+----------+----------+------------+
    |ap_clk  | 10.00 ns | 6.888 ns |   1.25 ns  |
    +--------+----------+----------+------------+

+ Latency: 
    * Summary: 
    +---------+---------+----------+----------+-------+-------+---------+
    |  Latency (cycles) |  Latency (absolute) |    Interval   | Pipeline|
    |   min   |   max   |    min   |    max   |  min  |  max  |   Type  |
    +---------+---------+----------+----------+-------+-------+---------+
    |    90441|    90441| 0.904 ms | 0.904 ms |  90441|  90441|   none  |
    +---------+---------+----------+----------+-------+-------+---------+

    + Detail: 
        * Instance: 
        N/A

        * Loop: 
        +-----------------+---------+---------+----------+-----------+-----------+------+----------+
        |                 |  Latency (cycles) | Iteration|  Initiation Interval  | Trip |          |
        |    Loop Name    |   min   |   max   |  Latency |  achieved |   target  | Count| Pipelined|
        +-----------------+---------+---------+----------+-----------+-----------+------+----------+
        |- loop_pixel     |    90440|    90440|       323|          -|          -|   280|    no    |
        | + loop_pixel.1  |      320|      320|         2|          1|          1|   320|    yes   |
        +-----------------+---------+---------+----------+-----------+-----------+------+----------+



================================================================
== Utilization Estimates
================================================================
* Summary: 
+-----------------+---------+-------+--------+-------+-----+
|       Name      | BRAM_18K| DSP48E|   FF   |  LUT  | URAM|
+-----------------+---------+-------+--------+-------+-----+
|DSP              |        -|      -|       -|      -|    -|
|Expression       |        -|      -|       0|    113|    -|
|FIFO             |        -|      -|       -|      -|    -|
|Instance         |        -|      -|       -|      -|    -|
|Memory           |        -|      -|       -|      -|    -|
|Multiplexer      |        -|      -|       -|     78|    -|
|Register         |        -|      -|      70|      -|    -|
+-----------------+---------+-------+--------+-------+-----+
|Total            |        0|      0|      70|    191|    0|
+-----------------+---------+-------+--------+-------+-----+
|Available        |      280|    220|  106400|  53200|    0|
+-----------------+---------+-------+--------+-------+-----+
|Utilization (%)  |        0|      0|   ~0   |   ~0  |    0|
+-----------------+---------+-------+--------+-------+-----+

+ Detail: 
    * Instance: 
    N/A

    * DSP48E: 
    N/A

    * Memory: 
    N/A

    * FIFO: 
    N/A

    * Expression: 
    +----------------------------------+----------+-------+---+----+------------+------------+
    |           Variable Name          | Operation| DSP48E| FF| LUT| Bitwidth P0| Bitwidth P1|
    +----------------------------------+----------+-------+---+----+------------+------------+
    |add_ln253_1_fu_162_p2             |     +    |      0|  0|  23|          16|          16|
    |add_ln253_fu_171_p2               |     +    |      0|  0|  24|          17|          17|
    |col_V_fu_152_p2                   |     +    |      0|  0|  15|           9|           1|
    |row_V_fu_120_p2                   |     +    |      0|  0|  15|           9|           1|
    |ap_block_pp0_stage0_11001         |    and   |      0|  0|   2|           1|           1|
    |ap_block_state4_pp0_stage0_iter1  |    and   |      0|  0|   2|           1|           1|
    |icmp_ln240_fu_114_p2              |   icmp   |      0|  0|  13|           9|           9|
    |icmp_ln241_fu_146_p2              |   icmp   |      0|  0|  13|           9|           9|
    |ap_block_state1                   |    or    |      0|  0|   2|           1|           1|
    |ap_enable_pp0                     |    xor   |      0|  0|   2|           1|           2|
    |ap_enable_reg_pp0_iter1           |    xor   |      0|  0|   2|           2|           1|
    +----------------------------------+----------+-------+---+----+------------+------------+
    |Total                             |          |      0|  0| 113|          75|          59|
    +----------------------------------+----------+-------+---+----+------------+------------+

    * Multiplexer: 
    +-------------------------+----+-----------+-----+-----------+
    |           Name          | LUT| Input Size| Bits| Total Bits|
    +-------------------------+----+-----------+-----+-----------+
    |ap_NS_fsm                |  27|          5|    1|          5|
    |ap_done                  |   9|          2|    1|          2|
    |ap_enable_reg_pp0_iter1  |  15|          3|    1|          3|
    |img_data_stream_V_blk_n  |   9|          2|    1|          2|
    |t_V_1_reg_103            |   9|          2|    9|         18|
    |t_V_reg_92               |   9|          2|    9|         18|
    +-------------------------+----+-----------+-----+-----------+
    |Total                    |  78|         16|   22|         48|
    +-------------------------+----+-----------+-----+-----------+

    * Register: 
    +-------------------------+----+----+-----+-----------+
    |           Name          | FF | LUT| Bits| Const Bits|
    +-------------------------+----+----+-----+-----------+
    |add_ln253_reg_208        |  17|   0|   17|          0|
    |ap_CS_fsm                |   4|   0|    4|          0|
    |ap_done_reg              |   1|   0|    1|          0|
    |ap_enable_reg_pp0_iter0  |   1|   0|    1|          0|
    |ap_enable_reg_pp0_iter1  |   1|   0|    1|          0|
    |icmp_ln241_reg_199       |   1|   0|    1|          0|
    |row_V_reg_184            |   9|   0|    9|          0|
    |shl_ln_reg_189           |   9|   0|   17|          8|
    |t_V_1_reg_103            |   9|   0|    9|          0|
    |t_V_reg_92               |   9|   0|    9|          0|
    |zext_ln241_reg_194       |   9|   0|   16|          7|
    +-------------------------+----+----+-----+-----------+
    |Total                    |  70|   0|   85|         15|
    +-------------------------+----+----+-----+-----------+



================================================================
== Interface
================================================================
* Summary: 
+---------------------------+-----+-----+------------+-------------------+--------------+
|         RTL Ports         | Dir | Bits|  Protocol  |   Source Object   |    C Type    |
+---------------------------+-----+-----+------------+-------------------+--------------+
|ap_clk                     |  in |    1| ap_ctrl_hs |     Mat2Array     | return value |
|ap_rst                     |  in |    1| ap_ctrl_hs |     Mat2Array     | return value |
|ap_start                   |  in |    1| ap_ctrl_hs |     Mat2Array     | return value |
|ap_done                    | out |    1| ap_ctrl_hs |     Mat2Array     | return value |
|ap_continue                |  in |    1| ap_ctrl_hs |     Mat2Array     | return value |
|ap_idle                    | out |    1| ap_ctrl_hs |     Mat2Array     | return value |
|ap_ready                   | out |    1| ap_ctrl_hs |     Mat2Array     | return value |
|img_data_stream_V_dout     |  in |    8|   ap_fifo  | img_data_stream_V |    pointer   |
|img_data_stream_V_empty_n  |  in |    1|   ap_fifo  | img_data_stream_V |    pointer   |
|img_data_stream_V_read     | out |    1|   ap_fifo  | img_data_stream_V |    pointer   |
|fb_address0                | out |   17|  ap_memory |         fb        |     array    |
|fb_ce0                     | out |    1|  ap_memory |         fb        |     array    |
|fb_we0                     | out |    1|  ap_memory |         fb        |     array    |
|fb_d0                      | out |    8|  ap_memory |         fb        |     array    |
+---------------------------+-----+-----+------------+-------------------+--------------+

